INFO:root:start spinning up dask cluster, jobs=2
INFO:root:start spinning up dask cluster, jobs=2
INFO:root:dashboard via ssh: ssh -N -L 8787:r1i2n33:8787 mdemol@datarmor1-10g
INFO:root:open browser at address of the type: http://localhost:8787
INFO:root:start processing argos_Jason-2_2016
INFO:root:start spinning up dask cluster, jobs=2
INFO:root:start spinning up dask cluster, jobs=2
INFO:root:dashboard via ssh: ssh -N -L 8787:r1i2n28:8787 mdemol@datarmor1-10g
INFO:root:open browser at address of the type: http://localhost:8787
INFO:root:start processing gps_Jason-3_2020
INFO:root:mean gps_Jason-3_2020 storred
INFO:root:mean gps_Jason-3_2020 drogued storred
INFO:root:mean gps_Jason-3_2020 undrogued storred
INFO:root:end processing gps_Jason-3_2020
INFO:root:start processing argos_Jason-3_2020
INFO:root:mean argos_Jason-3_2020 storred
INFO:root:start spinning up dask cluster, jobs=2
INFO:root:dashboard via ssh: ssh -N -L 8787:r2i1n29:8787 mdemol@datarmor1-10g
INFO:root:open browser at address of the type: http://localhost:8787
INFO:root:start processing gps_Jason-3_2020
INFO:root:ms gps_Jason-3_2020 storred
INFO:root:ms drogued gps_Jason-3_2020 storred
INFO:root:ms undrogued gps_Jason-3_2020 storred
INFO:root:mean gps_Jason-3_2020 storred
INFO:root:mean gps_Jason-3_2020 drogued storred
INFO:root:mean gps_Jason-3_2020 undrogued storred
INFO:root:end processing gps_Jason-3_2020
INFO:root:start processing argos_Jason-3_2020
INFO:root:ms argos_Jason-3_2020 storred
INFO:root:ms undrogued argos_Jason-3_2020 storred
INFO:root:mean argos_Jason-3_2020 storred
INFO:root:mean argos_Jason-3_2020 undrogued storred
INFO:root:end processing argos_Jason-3_2020
INFO:root:start processing gps_SARAL_2020
INFO:root:ms gps_SARAL_2020 storred
INFO:root:ms drogued gps_SARAL_2020 storred
INFO:root:ms undrogued gps_SARAL_2020 storred
INFO:root:mean gps_SARAL_2020 storred
INFO:root:mean gps_SARAL_2020 drogued storred
INFO:root:mean gps_SARAL_2020 undrogued storred
INFO:root:end processing gps_SARAL_2020
INFO:root:start processing argos_SARAL_2020
INFO:root:ms argos_SARAL_2020 storred
INFO:root:ms undrogued argos_SARAL_2020 storred
INFO:root:mean argos_SARAL_2020 storred
INFO:root:mean argos_SARAL_2020 undrogued storred
INFO:root:end processing argos_SARAL_2020
INFO:root:start processing gps_Cryosat-2_2020
INFO:root:ms gps_Cryosat-2_2020 storred
INFO:root:ms drogued gps_Cryosat-2_2020 storred
INFO:root:ms undrogued gps_Cryosat-2_2020 storred
INFO:root:mean gps_Cryosat-2_2020 storred
INFO:root:mean gps_Cryosat-2_2020 drogued storred
INFO:root:mean gps_Cryosat-2_2020 undrogued storred
INFO:root:end processing gps_Cryosat-2_2020
INFO:root:start processing argos_Cryosat-2_2020
INFO:root:ms argos_Cryosat-2_2020 storred
INFO:root:ms undrogued argos_Cryosat-2_2020 storred
INFO:root:mean argos_Cryosat-2_2020 storred
INFO:root:mean argos_Cryosat-2_2020 undrogued storred
INFO:root:end processing argos_Cryosat-2_2020
INFO:root:start processing gps_Sentinel-3_A_2020
INFO:root:ms gps_Sentinel-3_A_2020 storred
INFO:root:ms drogued gps_Sentinel-3_A_2020 storred
INFO:root:ms undrogued gps_Sentinel-3_A_2020 storred
INFO:root:mean gps_Sentinel-3_A_2020 storred
INFO:root:mean gps_Sentinel-3_A_2020 drogued storred
INFO:root:mean gps_Sentinel-3_A_2020 undrogued storred
INFO:root:end processing gps_Sentinel-3_A_2020
INFO:root:start processing argos_Sentinel-3_A_2020
INFO:root:ms argos_Sentinel-3_A_2020 storred
INFO:root:ms undrogued argos_Sentinel-3_A_2020 storred
INFO:root:mean argos_Sentinel-3_A_2020 storred
INFO:root:mean argos_Sentinel-3_A_2020 undrogued storred
INFO:root:end processing argos_Sentinel-3_A_2020
INFO:root:start processing gps_Sentinel-3_B_2020
INFO:root:ms gps_Sentinel-3_B_2020 storred
INFO:root:ms drogued gps_Sentinel-3_B_2020 storred
INFO:root:ms undrogued gps_Sentinel-3_B_2020 storred
INFO:root:mean gps_Sentinel-3_B_2020 storred
INFO:root:mean gps_Sentinel-3_B_2020 drogued storred
INFO:root:mean gps_Sentinel-3_B_2020 undrogued storred
INFO:root:end processing gps_Sentinel-3_B_2020
INFO:root:start processing argos_Sentinel-3_B_2020
INFO:root:ms argos_Sentinel-3_B_2020 storred
INFO:root:ms undrogued argos_Sentinel-3_B_2020 storred
INFO:root:mean argos_Sentinel-3_B_2020 storred
INFO:root:mean argos_Sentinel-3_B_2020 undrogued storred
INFO:root:end processing argos_Sentinel-3_B_2020
INFO:root:start processing gps_Jason-3_2019
INFO:root:ms gps_Jason-3_2019 storred
INFO:root:ms drogued gps_Jason-3_2019 storred
INFO:root:ms undrogued gps_Jason-3_2019 storred
INFO:root:mean gps_Jason-3_2019 storred
INFO:root:mean gps_Jason-3_2019 drogued storred
INFO:root:mean gps_Jason-3_2019 undrogued storred
INFO:root:end processing gps_Jason-3_2019
INFO:root:start processing argos_Jason-3_2019
INFO:root:ms argos_Jason-3_2019 storred
INFO:root:ms drogued argos_Jason-3_2019 storred
INFO:root:ms undrogued argos_Jason-3_2019 storred
INFO:root:mean argos_Jason-3_2019 storred
INFO:root:mean argos_Jason-3_2019 drogued storred
INFO:root:mean argos_Jason-3_2019 undrogued storred
INFO:root:end processing argos_Jason-3_2019
INFO:root:start processing gps_SARAL_2019
INFO:root:ms gps_SARAL_2019 storred
INFO:root:ms drogued gps_SARAL_2019 storred
INFO:root:ms undrogued gps_SARAL_2019 storred
INFO:root:mean gps_SARAL_2019 storred
INFO:root:mean gps_SARAL_2019 drogued storred
INFO:root:mean gps_SARAL_2019 undrogued storred
INFO:root:end processing gps_SARAL_2019
INFO:root:start processing argos_SARAL_2019
INFO:root:ms argos_SARAL_2019 storred
INFO:root:ms drogued argos_SARAL_2019 storred
INFO:root:ms undrogued argos_SARAL_2019 storred
INFO:root:mean argos_SARAL_2019 storred
INFO:root:mean argos_SARAL_2019 drogued storred
INFO:root:mean argos_SARAL_2019 undrogued storred
INFO:root:end processing argos_SARAL_2019
INFO:root:start processing gps_Cryosat-2_2019
INFO:root:ms gps_Cryosat-2_2019 storred
INFO:root:ms drogued gps_Cryosat-2_2019 storred
INFO:root:ms undrogued gps_Cryosat-2_2019 storred
INFO:root:mean gps_Cryosat-2_2019 storred
INFO:root:mean gps_Cryosat-2_2019 drogued storred
INFO:root:mean gps_Cryosat-2_2019 undrogued storred
INFO:root:end processing gps_Cryosat-2_2019
INFO:root:start processing argos_Cryosat-2_2019
INFO:root:ms argos_Cryosat-2_2019 storred
INFO:root:ms drogued argos_Cryosat-2_2019 storred
INFO:root:ms undrogued argos_Cryosat-2_2019 storred
INFO:root:mean argos_Cryosat-2_2019 storred
INFO:root:mean argos_Cryosat-2_2019 drogued storred
INFO:root:mean argos_Cryosat-2_2019 undrogued storred
INFO:root:end processing argos_Cryosat-2_2019
INFO:root:start processing gps_Sentinel-3_A_2019
INFO:root:ms gps_Sentinel-3_A_2019 storred
INFO:root:start spinning up dask cluster, jobs=2
INFO:root:dashboard via ssh: ssh -N -L 8787:r1i6n19:8787 mdemol@datarmor1-10g
INFO:root:open browser at address of the type: http://localhost:8787
INFO:root:start processing gps_Jason-3_2020
INFO:root:end processing gps_Jason-3_2020
INFO:root:start processing argos_Jason-3_2020
INFO:root:end processing argos_Jason-3_2020
INFO:root:start processing gps_SARAL_2020
INFO:root:end processing gps_SARAL_2020
INFO:root:start processing argos_SARAL_2020
INFO:root:end processing argos_SARAL_2020
INFO:root:start processing gps_Cryosat-2_2020
INFO:root:end processing gps_Cryosat-2_2020
INFO:root:start processing argos_Cryosat-2_2020
INFO:root:end processing argos_Cryosat-2_2020
INFO:root:start processing gps_Sentinel-3_A_2020
INFO:root:end processing gps_Sentinel-3_A_2020
INFO:root:start processing argos_Sentinel-3_A_2020
INFO:root:end processing argos_Sentinel-3_A_2020
INFO:root:start processing gps_Sentinel-3_B_2020
INFO:root:end processing gps_Sentinel-3_B_2020
INFO:root:start processing argos_Sentinel-3_B_2020
INFO:root:end processing argos_Sentinel-3_B_2020
INFO:root:start processing gps_Jason-3_2019
INFO:root:end processing gps_Jason-3_2019
INFO:root:start processing argos_Jason-3_2019
INFO:root:end processing argos_Jason-3_2019
INFO:root:start processing gps_SARAL_2019
INFO:root:end processing gps_SARAL_2019
INFO:root:start processing argos_SARAL_2019
INFO:root:end processing argos_SARAL_2019
INFO:root:start processing gps_Cryosat-2_2019
INFO:root:end processing gps_Cryosat-2_2019
INFO:root:start processing argos_Cryosat-2_2019
INFO:root:end processing argos_Cryosat-2_2019
INFO:root:start processing gps_Sentinel-3_A_2019
INFO:root:ms drogued gps_Sentinel-3_A_2019 storred
INFO:root:ms undrogued gps_Sentinel-3_A_2019 storred
INFO:root:mean gps_Sentinel-3_A_2019 storred
INFO:root:mean gps_Sentinel-3_A_2019 drogued storred
INFO:root:mean gps_Sentinel-3_A_2019 undrogued storred
INFO:root:end processing gps_Sentinel-3_A_2019
INFO:root:start processing argos_Sentinel-3_A_2019
INFO:root:ms argos_Sentinel-3_A_2019 storred
INFO:root:ms drogued argos_Sentinel-3_A_2019 storred
INFO:root:ms undrogued argos_Sentinel-3_A_2019 storred
INFO:root:mean argos_Sentinel-3_A_2019 storred
INFO:root:mean argos_Sentinel-3_A_2019 drogued storred
INFO:root:mean argos_Sentinel-3_A_2019 undrogued storred
INFO:root:end processing argos_Sentinel-3_A_2019
INFO:root:start processing gps_Sentinel-3_B_2019
INFO:root:ms gps_Sentinel-3_B_2019 storred
INFO:root:ms drogued gps_Sentinel-3_B_2019 storred
INFO:root:ms undrogued gps_Sentinel-3_B_2019 storred
INFO:root:mean gps_Sentinel-3_B_2019 storred
INFO:root:mean gps_Sentinel-3_B_2019 drogued storred
INFO:root:mean gps_Sentinel-3_B_2019 undrogued storred
INFO:root:end processing gps_Sentinel-3_B_2019
INFO:root:start processing argos_Sentinel-3_B_2019
INFO:root:ms argos_Sentinel-3_B_2019 storred
INFO:root:ms drogued argos_Sentinel-3_B_2019 storred
INFO:root:ms undrogued argos_Sentinel-3_B_2019 storred
INFO:root:mean argos_Sentinel-3_B_2019 storred
INFO:root:mean argos_Sentinel-3_B_2019 drogued storred
INFO:root:mean argos_Sentinel-3_B_2019 undrogued storred
INFO:root:end processing argos_Sentinel-3_B_2019
INFO:root:start processing gps_Jason-3_2018
INFO:root:ms gps_Jason-3_2018 storred
INFO:root:ms drogued gps_Jason-3_2018 storred
INFO:root:ms undrogued gps_Jason-3_2018 storred
INFO:root:mean gps_Jason-3_2018 storred
INFO:root:mean gps_Jason-3_2018 drogued storred
INFO:root:mean gps_Jason-3_2018 undrogued storred
INFO:root:end processing gps_Jason-3_2018
INFO:root:start processing argos_Jason-3_2018
INFO:root:ms argos_Jason-3_2018 storred
INFO:root:ms drogued argos_Jason-3_2018 storred
INFO:root:ms undrogued argos_Jason-3_2018 storred
INFO:root:mean argos_Jason-3_2018 storred
INFO:root:mean argos_Jason-3_2018 drogued storred
INFO:root:mean argos_Jason-3_2018 undrogued storred
INFO:root:end processing argos_Jason-3_2018
INFO:root:start processing gps_SARAL_2018
INFO:root:ms gps_SARAL_2018 storred
INFO:root:ms drogued gps_SARAL_2018 storred
INFO:root:ms undrogued gps_SARAL_2018 storred
INFO:root:mean gps_SARAL_2018 storred
INFO:root:mean gps_SARAL_2018 drogued storred
INFO:root:mean gps_SARAL_2018 undrogued storred
INFO:root:end processing gps_SARAL_2018
INFO:root:start processing argos_SARAL_2018
INFO:root:ms argos_SARAL_2018 storred
INFO:root:ms drogued argos_SARAL_2018 storred
INFO:root:ms undrogued argos_SARAL_2018 storred
INFO:root:mean argos_SARAL_2018 storred
INFO:root:mean argos_SARAL_2018 drogued storred
INFO:root:mean argos_SARAL_2018 undrogued storred
INFO:root:end processing argos_SARAL_2018
INFO:root:start processing gps_Cryosat-2_2018
INFO:root:ms gps_Cryosat-2_2018 storred
INFO:root:ms drogued gps_Cryosat-2_2018 storred
INFO:root:ms undrogued gps_Cryosat-2_2018 storred
INFO:root:mean gps_Cryosat-2_2018 storred
INFO:root:mean gps_Cryosat-2_2018 drogued storred
INFO:root:mean gps_Cryosat-2_2018 undrogued storred
INFO:root:end processing gps_Cryosat-2_2018
INFO:root:start processing argos_Cryosat-2_2018
INFO:root:ms argos_Cryosat-2_2018 storred
INFO:root:ms drogued argos_Cryosat-2_2018 storred
INFO:root:ms undrogued argos_Cryosat-2_2018 storred
INFO:root:mean argos_Cryosat-2_2018 storred
INFO:root:mean argos_Cryosat-2_2018 drogued storred
INFO:root:mean argos_Cryosat-2_2018 undrogued storred
INFO:root:end processing argos_Cryosat-2_2018
INFO:root:start processing gps_Sentinel-3_A_2018
INFO:root:ms gps_Sentinel-3_A_2018 storred
INFO:root:ms drogued gps_Sentinel-3_A_2018 storred
INFO:root:ms undrogued gps_Sentinel-3_A_2018 storred
INFO:root:mean gps_Sentinel-3_A_2018 storred
INFO:root:mean gps_Sentinel-3_A_2018 drogued storred
INFO:root:mean gps_Sentinel-3_A_2018 undrogued storred
INFO:root:end processing gps_Sentinel-3_A_2018
INFO:root:start processing argos_Sentinel-3_A_2018
INFO:root:ms argos_Sentinel-3_A_2018 storred
INFO:root:ms drogued argos_Sentinel-3_A_2018 storred
INFO:root:ms undrogued argos_Sentinel-3_A_2018 storred
INFO:root:mean argos_Sentinel-3_A_2018 storred
INFO:root:mean argos_Sentinel-3_A_2018 drogued storred
INFO:root:mean argos_Sentinel-3_A_2018 undrogued storred
INFO:root:end processing argos_Sentinel-3_A_2018
INFO:root:start processing gps_Sentinel-3_B_2018
INFO:root:ms gps_Sentinel-3_B_2018 storred
INFO:root:ms drogued gps_Sentinel-3_B_2018 storred
INFO:root:ms undrogued gps_Sentinel-3_B_2018 storred
INFO:root:mean gps_Sentinel-3_B_2018 storred
INFO:root:mean gps_Sentinel-3_B_2018 drogued storred
INFO:root:mean gps_Sentinel-3_B_2018 undrogued storred
INFO:root:end processing gps_Sentinel-3_B_2018
INFO:root:start processing argos_Sentinel-3_B_2018
INFO:root:ms argos_Sentinel-3_B_2018 storred
INFO:root:ms drogued argos_Sentinel-3_B_2018 storred
INFO:root:ms undrogued argos_Sentinel-3_B_2018 storred
INFO:root:mean argos_Sentinel-3_B_2018 storred
INFO:root:mean argos_Sentinel-3_B_2018 drogued storred
INFO:root:mean argos_Sentinel-3_B_2018 undrogued storred
INFO:root:end processing argos_Sentinel-3_B_2018
INFO:root:start processing gps_Jason-3_2017
INFO:root:ms gps_Jason-3_2017 storred
INFO:root:ms drogued gps_Jason-3_2017 storred
INFO:root:ms undrogued gps_Jason-3_2017 storred
INFO:root:mean gps_Jason-3_2017 storred
INFO:root:mean gps_Jason-3_2017 drogued storred
INFO:root:mean gps_Jason-3_2017 undrogued storred
INFO:root:end processing gps_Jason-3_2017
INFO:root:start processing argos_Jason-3_2017
INFO:root:ms argos_Jason-3_2017 storred
INFO:root:ms drogued argos_Jason-3_2017 storred
INFO:root:ms undrogued argos_Jason-3_2017 storred
INFO:root:mean argos_Jason-3_2017 storred
INFO:root:mean argos_Jason-3_2017 drogued storred
INFO:root:mean argos_Jason-3_2017 undrogued storred
INFO:root:end processing argos_Jason-3_2017
INFO:root:start processing gps_Jason-2_2017
INFO:root:ms gps_Jason-2_2017 storred
INFO:root:ms drogued gps_Jason-2_2017 storred
INFO:root:ms undrogued gps_Jason-2_2017 storred
INFO:root:mean gps_Jason-2_2017 storred
INFO:root:mean gps_Jason-2_2017 drogued storred
INFO:root:mean gps_Jason-2_2017 undrogued storred
INFO:root:end processing gps_Jason-2_2017
INFO:root:start processing argos_Jason-2_2017
INFO:root:ms argos_Jason-2_2017 storred
INFO:root:ms drogued argos_Jason-2_2017 storred
INFO:root:ms undrogued argos_Jason-2_2017 storred
INFO:root:mean argos_Jason-2_2017 storred
INFO:root:mean argos_Jason-2_2017 drogued storred
INFO:root:mean argos_Jason-2_2017 undrogued storred
INFO:root:end processing argos_Jason-2_2017
INFO:root:start processing gps_SARAL_2017
INFO:root:ms gps_SARAL_2017 storred
INFO:root:ms drogued gps_SARAL_2017 storred
INFO:root:ms undrogued gps_SARAL_2017 storred
INFO:root:mean gps_SARAL_2017 storred
INFO:root:mean gps_SARAL_2017 drogued storred
INFO:root:mean gps_SARAL_2017 undrogued storred
INFO:root:end processing gps_SARAL_2017
INFO:root:start processing argos_SARAL_2017
INFO:root:ms argos_SARAL_2017 storred
INFO:root:ms drogued argos_SARAL_2017 storred
INFO:root:ms undrogued argos_SARAL_2017 storred
INFO:root:mean argos_SARAL_2017 storred
INFO:root:mean argos_SARAL_2017 drogued storred
INFO:root:mean argos_SARAL_2017 undrogued storred
INFO:root:end processing argos_SARAL_2017
INFO:root:start processing gps_Cryosat-2_2017
INFO:root:ms gps_Cryosat-2_2017 storred
INFO:root:ms drogued gps_Cryosat-2_2017 storred
INFO:root:ms undrogued gps_Cryosat-2_2017 storred
INFO:root:mean gps_Cryosat-2_2017 storred
INFO:root:mean gps_Cryosat-2_2017 drogued storred
INFO:root:mean gps_Cryosat-2_2017 undrogued storred
INFO:root:end processing gps_Cryosat-2_2017
INFO:root:start processing argos_Cryosat-2_2017
INFO:root:ms argos_Cryosat-2_2017 storred
INFO:root:ms drogued argos_Cryosat-2_2017 storred
INFO:root:ms undrogued argos_Cryosat-2_2017 storred
INFO:root:mean argos_Cryosat-2_2017 storred
INFO:root:mean argos_Cryosat-2_2017 drogued storred
INFO:root:mean argos_Cryosat-2_2017 undrogued storred
INFO:root:end processing argos_Cryosat-2_2017
INFO:root:start processing gps_Sentinel-3_A_2017
INFO:root:ms gps_Sentinel-3_A_2017 storred
INFO:root:ms drogued gps_Sentinel-3_A_2017 storred
INFO:root:ms undrogued gps_Sentinel-3_A_2017 storred
INFO:root:mean gps_Sentinel-3_A_2017 storred
INFO:root:mean gps_Sentinel-3_A_2017 drogued storred
INFO:root:mean gps_Sentinel-3_A_2017 undrogued storred
INFO:root:end processing gps_Sentinel-3_A_2017
INFO:root:start processing argos_Sentinel-3_A_2017
INFO:root:ms argos_Sentinel-3_A_2017 storred
INFO:root:ms drogued argos_Sentinel-3_A_2017 storred
INFO:root:ms undrogued argos_Sentinel-3_A_2017 storred
INFO:root:mean argos_Sentinel-3_A_2017 storred
INFO:root:mean argos_Sentinel-3_A_2017 drogued storred
INFO:root:mean argos_Sentinel-3_A_2017 undrogued storred
INFO:root:end processing argos_Sentinel-3_A_2017
INFO:root:start processing gps_Jason-3_2016
INFO:root:ms gps_Jason-3_2016 storred
INFO:root:ms drogued gps_Jason-3_2016 storred
INFO:root:ms undrogued gps_Jason-3_2016 storred
INFO:root:mean gps_Jason-3_2016 storred
INFO:root:mean gps_Jason-3_2016 drogued storred
INFO:root:mean gps_Jason-3_2016 undrogued storred
INFO:root:end processing gps_Jason-3_2016
INFO:root:start processing argos_Jason-3_2016
INFO:root:ms argos_Jason-3_2016 storred
INFO:root:ms drogued argos_Jason-3_2016 storred
INFO:root:ms undrogued argos_Jason-3_2016 storred
INFO:root:mean argos_Jason-3_2016 storred
INFO:root:mean argos_Jason-3_2016 drogued storred
INFO:root:mean argos_Jason-3_2016 undrogued storred
INFO:root:end processing argos_Jason-3_2016
INFO:root:start processing gps_Jason-2_2016
INFO:root:ms gps_Jason-2_2016 storred
INFO:root:ms drogued gps_Jason-2_2016 storred
INFO:root:ms undrogued gps_Jason-2_2016 storred
INFO:root:mean gps_Jason-2_2016 storred
INFO:root:mean gps_Jason-2_2016 drogued storred
INFO:root:mean gps_Jason-2_2016 undrogued storred
INFO:root:end processing gps_Jason-2_2016
INFO:root:start processing argos_Jason-2_2016
INFO:root:ms argos_Jason-2_2016 storred
INFO:root:ms drogued argos_Jason-2_2016 storred
INFO:root:ms undrogued argos_Jason-2_2016 storred
INFO:root:mean argos_Jason-2_2016 storred
INFO:root:mean argos_Jason-2_2016 drogued storred
INFO:root:mean argos_Jason-2_2016 undrogued storred
INFO:root:end processing argos_Jason-2_2016
INFO:root:start processing gps_SARAL_2016
INFO:root:ms gps_SARAL_2016 storred
INFO:root:ms drogued gps_SARAL_2016 storred
INFO:root:ms undrogued gps_SARAL_2016 storred
INFO:root:mean gps_SARAL_2016 storred
INFO:root:mean gps_SARAL_2016 drogued storred
INFO:root:mean gps_SARAL_2016 undrogued storred
INFO:root:end processing gps_SARAL_2016
INFO:root:start processing argos_SARAL_2016
INFO:root:ms argos_SARAL_2016 storred
INFO:root:ms drogued argos_SARAL_2016 storred
INFO:root:ms undrogued argos_SARAL_2016 storred
INFO:root:mean argos_SARAL_2016 storred
INFO:root:mean argos_SARAL_2016 drogued storred
INFO:root:mean argos_SARAL_2016 undrogued storred
INFO:root:end processing argos_SARAL_2016
INFO:root:start processing gps_Cryosat-2_2016
INFO:root:ms gps_Cryosat-2_2016 storred
INFO:root:ms drogued gps_Cryosat-2_2016 storred
INFO:root:ms undrogued gps_Cryosat-2_2016 storred
INFO:root:mean gps_Cryosat-2_2016 storred
INFO:root:mean gps_Cryosat-2_2016 drogued storred
INFO:root:mean gps_Cryosat-2_2016 undrogued storred
INFO:root:end processing gps_Cryosat-2_2016
INFO:root:start processing argos_Cryosat-2_2016
INFO:root:ms argos_Cryosat-2_2016 storred
INFO:root:ms drogued argos_Cryosat-2_2016 storred
INFO:root:ms undrogued argos_Cryosat-2_2016 storred
INFO:root:mean argos_Cryosat-2_2016 storred
INFO:root:mean argos_Cryosat-2_2016 drogued storred
INFO:root:mean argos_Cryosat-2_2016 undrogued storred
INFO:root:end processing argos_Cryosat-2_2016
INFO:root:start processing gps_Sentinel-3_A_2016
INFO:root:ms gps_Sentinel-3_A_2016 storred
INFO:root:ms drogued gps_Sentinel-3_A_2016 storred
INFO:root:ms undrogued gps_Sentinel-3_A_2016 storred
INFO:root:mean gps_Sentinel-3_A_2016 storred
INFO:root:mean gps_Sentinel-3_A_2016 drogued storred
INFO:root:mean gps_Sentinel-3_A_2016 undrogued storred
INFO:root:end processing gps_Sentinel-3_A_2016
INFO:root:start processing argos_Sentinel-3_A_2016
INFO:root:ms argos_Sentinel-3_A_2016 storred
INFO:root:ms drogued argos_Sentinel-3_A_2016 storred
INFO:root:ms undrogued argos_Sentinel-3_A_2016 storred
INFO:root:mean argos_Sentinel-3_A_2016 storred
INFO:root:mean argos_Sentinel-3_A_2016 drogued storred
INFO:root:mean argos_Sentinel-3_A_2016 undrogued storred
INFO:root:end processing argos_Sentinel-3_A_2016
INFO:root:start processing gps_Jason-2_2015
INFO:root:ms gps_Jason-2_2015 storred
INFO:root:ms drogued gps_Jason-2_2015 storred
INFO:root:ms undrogued gps_Jason-2_2015 storred
INFO:root:mean gps_Jason-2_2015 storred
INFO:root:mean gps_Jason-2_2015 drogued storred
INFO:root:mean gps_Jason-2_2015 undrogued storred
INFO:root:end processing gps_Jason-2_2015
INFO:root:start processing argos_Jason-2_2015
INFO:root:ms argos_Jason-2_2015 storred
INFO:root:ms drogued argos_Jason-2_2015 storred
INFO:root:ms undrogued argos_Jason-2_2015 storred
INFO:root:mean argos_Jason-2_2015 storred
INFO:root:mean argos_Jason-2_2015 drogued storred
INFO:root:mean argos_Jason-2_2015 undrogued storred
INFO:root:end processing argos_Jason-2_2015
INFO:root:start processing gps_SARAL_2015
INFO:root:ms gps_SARAL_2015 storred
INFO:root:ms drogued gps_SARAL_2015 storred
INFO:root:ms undrogued gps_SARAL_2015 storred
INFO:root:mean gps_SARAL_2015 storred
INFO:root:mean gps_SARAL_2015 drogued storred
INFO:root:mean gps_SARAL_2015 undrogued storred
INFO:root:end processing gps_SARAL_2015
INFO:root:start processing argos_SARAL_2015
INFO:root:start spinning up dask cluster, jobs=2
INFO:root:dashboard via ssh: ssh -N -L 8787:r1i2n34:8787 mdemol@datarmor1-10g
INFO:root:open browser at address of the type: http://localhost:8787
INFO:root:start processing gps_Jason-3_2020
INFO:root:end processing gps_Jason-3_2020
INFO:root:start processing argos_Jason-3_2020
INFO:root:end processing argos_Jason-3_2020
INFO:root:start processing gps_SARAL_2020
INFO:root:end processing gps_SARAL_2020
INFO:root:start processing argos_SARAL_2020
INFO:root:end processing argos_SARAL_2020
INFO:root:start processing gps_Cryosat-2_2020
INFO:root:end processing gps_Cryosat-2_2020
INFO:root:start processing argos_Cryosat-2_2020
INFO:root:end processing argos_Cryosat-2_2020
INFO:root:start processing gps_Sentinel-3_A_2020
INFO:root:end processing gps_Sentinel-3_A_2020
INFO:root:start processing argos_Sentinel-3_A_2020
INFO:root:end processing argos_Sentinel-3_A_2020
INFO:root:start processing gps_Sentinel-3_B_2020
INFO:root:end processing gps_Sentinel-3_B_2020
INFO:root:start processing argos_Sentinel-3_B_2020
INFO:root:end processing argos_Sentinel-3_B_2020
INFO:root:start processing gps_Jason-3_2019
INFO:root:end processing gps_Jason-3_2019
INFO:root:start processing argos_Jason-3_2019
INFO:root:end processing argos_Jason-3_2019
INFO:root:start processing gps_SARAL_2019
INFO:root:end processing gps_SARAL_2019
INFO:root:start processing argos_SARAL_2019
INFO:root:start spinning up dask cluster, jobs=2
INFO:root:dashboard via ssh: ssh -N -L 8787:r1i2n34:8787 mdemol@datarmor1-10g
INFO:root:open browser at address of the type: http://localhost:8787
INFO:root:start processing gps_Jason-3_2020
INFO:root:end processing gps_Jason-3_2020
INFO:root:start processing argos_Jason-3_2020
INFO:root:end processing argos_Jason-3_2020
INFO:root:start processing gps_SARAL_2020
INFO:root:end processing gps_SARAL_2020
INFO:root:start processing argos_SARAL_2020
INFO:root:end processing argos_SARAL_2020
INFO:root:start processing gps_Cryosat-2_2020
INFO:root:end processing gps_Cryosat-2_2020
INFO:root:start processing argos_Cryosat-2_2020
INFO:root:end processing argos_Cryosat-2_2020
INFO:root:start processing gps_Sentinel-3_A_2020
INFO:root:end processing gps_Sentinel-3_A_2020
INFO:root:start processing argos_Sentinel-3_A_2020
INFO:root:end processing argos_Sentinel-3_A_2020
INFO:root:start processing gps_Sentinel-3_B_2020
INFO:root:end processing gps_Sentinel-3_B_2020
INFO:root:start processing argos_Sentinel-3_B_2020
INFO:root:end processing argos_Sentinel-3_B_2020
INFO:root:start processing gps_Jason-3_2019
INFO:root:end processing gps_Jason-3_2019
INFO:root:start processing argos_Jason-3_2019
INFO:root:end processing argos_Jason-3_2019
INFO:root:start processing gps_SARAL_2019
INFO:root:end processing gps_SARAL_2019
INFO:root:start processing argos_SARAL_2019
INFO:root:end processing argos_SARAL_2019
INFO:root:start processing gps_Cryosat-2_2019
INFO:root:end processing gps_Cryosat-2_2019
INFO:root:start processing argos_Cryosat-2_2019
INFO:root:end processing argos_Cryosat-2_2019
INFO:root:start processing gps_Sentinel-3_A_2019
INFO:root:end processing gps_Sentinel-3_A_2019
INFO:root:start processing argos_Sentinel-3_A_2019
INFO:root:end processing argos_Sentinel-3_A_2019
INFO:root:start processing gps_Sentinel-3_B_2019
INFO:root:end processing gps_Sentinel-3_B_2019
INFO:root:start processing argos_Sentinel-3_B_2019
INFO:root:end processing argos_Sentinel-3_B_2019
INFO:root:start processing gps_Jason-3_2018
INFO:root:end processing gps_Jason-3_2018
INFO:root:start processing argos_Jason-3_2018
INFO:root:end processing argos_Jason-3_2018
INFO:root:start processing gps_SARAL_2018
INFO:root:end processing gps_SARAL_2018
INFO:root:start processing argos_SARAL_2018
INFO:root:end processing argos_SARAL_2018
INFO:root:start processing gps_Cryosat-2_2018
INFO:root:end processing gps_Cryosat-2_2018
INFO:root:start processing argos_Cryosat-2_2018
INFO:root:end processing argos_Cryosat-2_2018
INFO:root:start processing gps_Sentinel-3_A_2018
INFO:root:end processing gps_Sentinel-3_A_2018
INFO:root:start processing argos_Sentinel-3_A_2018
INFO:root:end processing argos_Sentinel-3_A_2018
INFO:root:start processing gps_Sentinel-3_B_2018
INFO:root:end processing gps_Sentinel-3_B_2018
INFO:root:start processing argos_Sentinel-3_B_2018
INFO:root:end processing argos_Sentinel-3_B_2018
INFO:root:start processing gps_Jason-3_2017
INFO:root:end processing gps_Jason-3_2017
INFO:root:start processing argos_Jason-3_2017
INFO:root:end processing argos_Jason-3_2017
INFO:root:start processing gps_Jason-2_2017
INFO:root:end processing gps_Jason-2_2017
INFO:root:start processing argos_Jason-2_2017
INFO:root:end processing argos_Jason-2_2017
INFO:root:start processing gps_SARAL_2017
INFO:root:end processing gps_SARAL_2017
INFO:root:start processing argos_SARAL_2017
INFO:root:end processing argos_SARAL_2017
INFO:root:start processing gps_Cryosat-2_2017
INFO:root:end processing gps_Cryosat-2_2017
INFO:root:start processing argos_Cryosat-2_2017
INFO:root:end processing argos_Cryosat-2_2017
INFO:root:start processing gps_Sentinel-3_A_2017
INFO:root:end processing gps_Sentinel-3_A_2017
INFO:root:start processing argos_Sentinel-3_A_2017
INFO:root:end processing argos_Sentinel-3_A_2017
INFO:root:start processing gps_Jason-3_2016
INFO:root:end processing gps_Jason-3_2016
INFO:root:start processing argos_Jason-3_2016
INFO:root:end processing argos_Jason-3_2016
INFO:root:start processing gps_Jason-2_2016
INFO:root:end processing gps_Jason-2_2016
INFO:root:start processing argos_Jason-2_2016
INFO:root:end processing argos_Jason-2_2016
INFO:root:start processing gps_SARAL_2016
INFO:root:end processing gps_SARAL_2016
INFO:root:start processing argos_SARAL_2016
INFO:root:end processing argos_SARAL_2016
INFO:root:start processing gps_Cryosat-2_2016
INFO:root:end processing gps_Cryosat-2_2016
INFO:root:start processing argos_Cryosat-2_2016
INFO:root:end processing argos_Cryosat-2_2016
INFO:root:start processing gps_Sentinel-3_A_2016
INFO:root:end processing gps_Sentinel-3_A_2016
INFO:root:start processing argos_Sentinel-3_A_2016
INFO:root:end processing argos_Sentinel-3_A_2016
INFO:root:start processing gps_Jason-2_2015
INFO:root:end processing gps_Jason-2_2015
INFO:root:start processing argos_Jason-2_2015
INFO:root:end processing argos_Jason-2_2015
INFO:root:start processing gps_SARAL_2015
INFO:root:end processing gps_SARAL_2015
INFO:root:start processing argos_SARAL_2015
INFO:root:ms argos_SARAL_2015 storred
INFO:root:ms drogued argos_SARAL_2015 storred
INFO:root:ms undrogued argos_SARAL_2015 storred
INFO:root:mean argos_SARAL_2015 storred
INFO:root:mean argos_SARAL_2015 drogued storred
INFO:root:mean argos_SARAL_2015 undrogued storred
INFO:root:end processing argos_SARAL_2015
INFO:root:start processing gps_Cryosat-2_2015
INFO:root:ms gps_Cryosat-2_2015 storred
INFO:root:ms drogued gps_Cryosat-2_2015 storred
INFO:root:ms undrogued gps_Cryosat-2_2015 storred
INFO:root:mean gps_Cryosat-2_2015 storred
INFO:root:mean gps_Cryosat-2_2015 drogued storred
INFO:root:mean gps_Cryosat-2_2015 undrogued storred
INFO:root:end processing gps_Cryosat-2_2015
INFO:root:start processing argos_Cryosat-2_2015
INFO:root:ms argos_Cryosat-2_2015 storred
INFO:root:ms drogued argos_Cryosat-2_2015 storred
INFO:root:ms undrogued argos_Cryosat-2_2015 storred
INFO:root:mean argos_Cryosat-2_2015 storred
INFO:root:mean argos_Cryosat-2_2015 drogued storred
INFO:root:mean argos_Cryosat-2_2015 undrogued storred
INFO:root:end processing argos_Cryosat-2_2015
INFO:root:start processing gps_Jason-2_2014
INFO:root:ms gps_Jason-2_2014 storred
INFO:root:ms drogued gps_Jason-2_2014 storred
INFO:root:ms undrogued gps_Jason-2_2014 storred
INFO:root:mean gps_Jason-2_2014 storred
INFO:root:mean gps_Jason-2_2014 drogued storred
INFO:root:mean gps_Jason-2_2014 undrogued storred
INFO:root:end processing gps_Jason-2_2014
INFO:root:start processing argos_Jason-2_2014
INFO:root:ms argos_Jason-2_2014 storred
INFO:root:ms drogued argos_Jason-2_2014 storred
INFO:root:ms undrogued argos_Jason-2_2014 storred
INFO:root:mean argos_Jason-2_2014 storred
INFO:root:mean argos_Jason-2_2014 drogued storred
INFO:root:mean argos_Jason-2_2014 undrogued storred
INFO:root:end processing argos_Jason-2_2014
INFO:root:start processing gps_SARAL_2014
INFO:root:ms gps_SARAL_2014 storred
INFO:root:ms drogued gps_SARAL_2014 storred
INFO:root:ms undrogued gps_SARAL_2014 storred
INFO:root:mean gps_SARAL_2014 storred
INFO:root:mean gps_SARAL_2014 drogued storred
INFO:root:mean gps_SARAL_2014 undrogued storred
INFO:root:end processing gps_SARAL_2014
INFO:root:start processing argos_SARAL_2014
INFO:root:ms argos_SARAL_2014 storred
INFO:root:ms drogued argos_SARAL_2014 storred
INFO:root:ms undrogued argos_SARAL_2014 storred
INFO:root:mean argos_SARAL_2014 storred
INFO:root:mean argos_SARAL_2014 drogued storred
INFO:root:mean argos_SARAL_2014 undrogued storred
INFO:root:end processing argos_SARAL_2014
INFO:root:start processing gps_Cryosat-2_2014
INFO:root:ms gps_Cryosat-2_2014 storred
INFO:root:ms drogued gps_Cryosat-2_2014 storred
INFO:root:ms undrogued gps_Cryosat-2_2014 storred
INFO:root:mean gps_Cryosat-2_2014 storred
INFO:root:mean gps_Cryosat-2_2014 drogued storred
INFO:root:mean gps_Cryosat-2_2014 undrogued storred
INFO:root:end processing gps_Cryosat-2_2014
INFO:root:start processing argos_Cryosat-2_2014
INFO:root:ms argos_Cryosat-2_2014 storred
INFO:root:ms drogued argos_Cryosat-2_2014 storred
INFO:root:ms undrogued argos_Cryosat-2_2014 storred
INFO:root:mean argos_Cryosat-2_2014 storred
INFO:root:mean argos_Cryosat-2_2014 drogued storred
INFO:root:mean argos_Cryosat-2_2014 undrogued storred
INFO:root:end processing argos_Cryosat-2_2014
INFO:root:start processing gps_Jason-2_2013
INFO:root:ms gps_Jason-2_2013 storred
INFO:root:ms drogued gps_Jason-2_2013 storred
INFO:root:ms undrogued gps_Jason-2_2013 storred
INFO:root:mean gps_Jason-2_2013 storred
INFO:root:mean gps_Jason-2_2013 drogued storred
INFO:root:mean gps_Jason-2_2013 undrogued storred
INFO:root:end processing gps_Jason-2_2013
INFO:root:start processing argos_Jason-2_2013
INFO:root:ms argos_Jason-2_2013 storred
INFO:root:ms drogued argos_Jason-2_2013 storred
INFO:root:ms undrogued argos_Jason-2_2013 storred
INFO:root:mean argos_Jason-2_2013 storred
INFO:root:mean argos_Jason-2_2013 drogued storred
INFO:root:mean argos_Jason-2_2013 undrogued storred
INFO:root:end processing argos_Jason-2_2013
INFO:root:start processing gps_SARAL_2013
INFO:root:ms gps_SARAL_2013 storred
INFO:root:ms drogued gps_SARAL_2013 storred
INFO:root:ms undrogued gps_SARAL_2013 storred
INFO:root:mean gps_SARAL_2013 storred
INFO:root:mean gps_SARAL_2013 drogued storred
INFO:root:mean gps_SARAL_2013 undrogued storred
INFO:root:end processing gps_SARAL_2013
INFO:root:start processing argos_SARAL_2013
INFO:root:ms argos_SARAL_2013 storred
INFO:root:ms drogued argos_SARAL_2013 storred
INFO:root:ms undrogued argos_SARAL_2013 storred
INFO:root:mean argos_SARAL_2013 storred
INFO:root:mean argos_SARAL_2013 drogued storred
INFO:root:mean argos_SARAL_2013 undrogued storred
INFO:root:end processing argos_SARAL_2013
INFO:root:start processing gps_Cryosat-2_2013
INFO:root:ms gps_Cryosat-2_2013 storred
INFO:root:ms drogued gps_Cryosat-2_2013 storred
INFO:root:ms undrogued gps_Cryosat-2_2013 storred
INFO:root:mean gps_Cryosat-2_2013 storred
INFO:root:mean gps_Cryosat-2_2013 drogued storred
INFO:root:mean gps_Cryosat-2_2013 undrogued storred
INFO:root:end processing gps_Cryosat-2_2013
INFO:root:start processing argos_Cryosat-2_2013
INFO:root:ms argos_Cryosat-2_2013 storred
INFO:root:ms drogued argos_Cryosat-2_2013 storred
INFO:root:ms undrogued argos_Cryosat-2_2013 storred
INFO:root:mean argos_Cryosat-2_2013 storred
INFO:root:mean argos_Cryosat-2_2013 drogued storred
INFO:root:mean argos_Cryosat-2_2013 undrogued storred
INFO:root:end processing argos_Cryosat-2_2013
INFO:root:start processing gps_Jason-2_2012
INFO:root:ms gps_Jason-2_2012 storred
INFO:root:ms drogued gps_Jason-2_2012 storred
INFO:root:ms undrogued gps_Jason-2_2012 storred
INFO:root:mean gps_Jason-2_2012 storred
INFO:root:mean gps_Jason-2_2012 drogued storred
INFO:root:mean gps_Jason-2_2012 undrogued storred
INFO:root:end processing gps_Jason-2_2012
INFO:root:start processing argos_Jason-2_2012
INFO:root:ms argos_Jason-2_2012 storred
INFO:root:ms drogued argos_Jason-2_2012 storred
INFO:root:ms undrogued argos_Jason-2_2012 storred
INFO:root:mean argos_Jason-2_2012 storred
INFO:root:mean argos_Jason-2_2012 drogued storred
INFO:root:mean argos_Jason-2_2012 undrogued storred
INFO:root:end processing argos_Jason-2_2012
INFO:root:start processing gps_Cryosat-2_2012
INFO:root:ms gps_Cryosat-2_2012 storred
INFO:root:ms drogued gps_Cryosat-2_2012 storred
INFO:root:ms undrogued gps_Cryosat-2_2012 storred
INFO:root:mean gps_Cryosat-2_2012 storred
INFO:root:mean gps_Cryosat-2_2012 drogued storred
INFO:root:mean gps_Cryosat-2_2012 undrogued storred
INFO:root:end processing gps_Cryosat-2_2012
INFO:root:start processing argos_Cryosat-2_2012
INFO:root:ms argos_Cryosat-2_2012 storred
INFO:root:ms drogued argos_Cryosat-2_2012 storred
INFO:root:ms undrogued argos_Cryosat-2_2012 storred
INFO:root:mean argos_Cryosat-2_2012 storred
INFO:root:mean argos_Cryosat-2_2012 drogued storred
INFO:root:mean argos_Cryosat-2_2012 undrogued storred
INFO:root:end processing argos_Cryosat-2_2012
INFO:root:start processing gps_Jason-2_2011
INFO:root:ms gps_Jason-2_2011 storred
INFO:root:ms drogued gps_Jason-2_2011 storred
INFO:root:ms undrogued gps_Jason-2_2011 storred
INFO:root:mean gps_Jason-2_2011 storred
INFO:root:mean gps_Jason-2_2011 drogued storred
INFO:root:mean gps_Jason-2_2011 undrogued storred
INFO:root:end processing gps_Jason-2_2011
INFO:root:start processing argos_Jason-2_2011
INFO:root:ms argos_Jason-2_2011 storred
INFO:root:ms drogued argos_Jason-2_2011 storred
INFO:root:ms undrogued argos_Jason-2_2011 storred
INFO:root:mean argos_Jason-2_2011 storred
INFO:root:mean argos_Jason-2_2011 drogued storred
INFO:root:mean argos_Jason-2_2011 undrogued storred
INFO:root:end processing argos_Jason-2_2011
INFO:root:start processing gps_Cryosat-2_2011
INFO:root:ms gps_Cryosat-2_2011 storred
INFO:root:ms drogued gps_Cryosat-2_2011 storred
INFO:root:ms undrogued gps_Cryosat-2_2011 storred
INFO:root:mean gps_Cryosat-2_2011 storred
INFO:root:mean gps_Cryosat-2_2011 drogued storred
INFO:root:mean gps_Cryosat-2_2011 undrogued storred
INFO:root:end processing gps_Cryosat-2_2011
INFO:root:start processing argos_Cryosat-2_2011
INFO:root:ms argos_Cryosat-2_2011 storred
INFO:root:ms drogued argos_Cryosat-2_2011 storred
INFO:root:ms undrogued argos_Cryosat-2_2011 storred
INFO:root:mean argos_Cryosat-2_2011 storred
INFO:root:mean argos_Cryosat-2_2011 drogued storred
INFO:root:mean argos_Cryosat-2_2011 undrogued storred
INFO:root:end processing argos_Cryosat-2_2011
INFO:root:start processing gps_Jason-2_2010
INFO:root:ms gps_Jason-2_2010 storred
INFO:root:ms drogued gps_Jason-2_2010 storred
INFO:root:ms undrogued gps_Jason-2_2010 storred
INFO:root:mean gps_Jason-2_2010 storred
INFO:root:mean gps_Jason-2_2010 drogued storred
INFO:root:mean gps_Jason-2_2010 undrogued storred
INFO:root:end processing gps_Jason-2_2010
INFO:root:start processing argos_Jason-2_2010
INFO:root:ms argos_Jason-2_2010 storred
INFO:root:ms drogued argos_Jason-2_2010 storred
INFO:root:ms undrogued argos_Jason-2_2010 storred
INFO:root:mean argos_Jason-2_2010 storred
INFO:root:mean argos_Jason-2_2010 drogued storred
INFO:root:mean argos_Jason-2_2010 undrogued storred
INFO:root:end processing argos_Jason-2_2010
INFO:root:start processing gps_Cryosat-2_2010
INFO:root:ms gps_Cryosat-2_2010 storred
INFO:root:ms drogued gps_Cryosat-2_2010 storred
INFO:root:mean gps_Cryosat-2_2010 storred
INFO:root:mean gps_Cryosat-2_2010 drogued storred
INFO:root:end processing gps_Cryosat-2_2010
INFO:root:start processing argos_Cryosat-2_2010
INFO:root:ms argos_Cryosat-2_2010 storred
INFO:root:ms drogued argos_Cryosat-2_2010 storred
INFO:root:ms undrogued argos_Cryosat-2_2010 storred
INFO:root:mean argos_Cryosat-2_2010 storred
INFO:root:mean argos_Cryosat-2_2010 drogued storred
INFO:root:mean argos_Cryosat-2_2010 undrogued storred
INFO:root:end processing argos_Cryosat-2_2010
INFO:root:starts closing dask cluster ...
INFO:root:client closed ...
INFO:root: qdel 8475136
INFO:root: qdel 8475137
INFO:root:manually killed jobs ...
INFO:root:... done
INFO:root:- all done
INFO:root:start spinning up dask cluster, jobs=3
INFO:root:dashboard via ssh: ssh -N -L 8787:r1i7n34:8787 mdemol@datarmor1-10g
INFO:root:open browser at address of the type: http://localhost:8787
INFO:root:start processing gps_Jason-3_2020
INFO:root:end processing gps_Jason-3_2020
INFO:root:start processing argos_Jason-3_2020
INFO:root:end processing argos_Jason-3_2020
INFO:root:start processing gps_SARAL_2020
INFO:root:end processing gps_SARAL_2020
INFO:root:start processing argos_SARAL_2020
INFO:root:end processing argos_SARAL_2020
INFO:root:start processing gps_Cryosat-2_2020
INFO:root:end processing gps_Cryosat-2_2020
INFO:root:start processing argos_Cryosat-2_2020
INFO:root:end processing argos_Cryosat-2_2020
INFO:root:start processing gps_Sentinel-3_A_2020
INFO:root:end processing gps_Sentinel-3_A_2020
INFO:root:start processing argos_Sentinel-3_A_2020
INFO:root:end processing argos_Sentinel-3_A_2020
INFO:root:start processing gps_Sentinel-3_B_2020
INFO:root:end processing gps_Sentinel-3_B_2020
INFO:root:start processing argos_Sentinel-3_B_2020
INFO:root:end processing argos_Sentinel-3_B_2020
INFO:root:start processing gps_Jason-3_2019
INFO:root:end processing gps_Jason-3_2019
INFO:root:start processing argos_Jason-3_2019
INFO:root:end processing argos_Jason-3_2019
INFO:root:start processing gps_SARAL_2019
INFO:root:end processing gps_SARAL_2019
INFO:root:start processing argos_SARAL_2019
INFO:root:end processing argos_SARAL_2019
INFO:root:start processing gps_Cryosat-2_2019
INFO:root:start spinning up dask cluster, jobs=1
INFO:root:dashboard via ssh: ssh -N -L 8787:r1i0n35:8787 mdemol@datarmor1-10g
INFO:root:open browser at address of the type: http://localhost:8787
INFO:root:start processing gps_Jason-3_2020
INFO:root:end processing gps_Jason-3_2020
INFO:root:start processing argos_Jason-3_2020
INFO:root:end processing argos_Jason-3_2020
INFO:root:start processing gps_SARAL_2020
INFO:root:end processing gps_SARAL_2020
INFO:root:start processing argos_SARAL_2020
INFO:root:end processing argos_SARAL_2020
INFO:root:start processing gps_Cryosat-2_2020
INFO:root:end processing gps_Cryosat-2_2020
INFO:root:start processing argos_Cryosat-2_2020
INFO:root:end processing argos_Cryosat-2_2020
INFO:root:start processing gps_Sentinel-3_A_2020
INFO:root:end processing gps_Sentinel-3_A_2020
INFO:root:start processing argos_Sentinel-3_A_2020
INFO:root:end processing argos_Sentinel-3_A_2020
INFO:root:start processing gps_Sentinel-3_B_2020
INFO:root:end processing gps_Sentinel-3_B_2020
INFO:root:start processing argos_Sentinel-3_B_2020
INFO:root:end processing argos_Sentinel-3_B_2020
INFO:root:start processing gps_Jason-3_2019
INFO:root:end processing gps_Jason-3_2019
INFO:root:start processing argos_Jason-3_2019
INFO:root:end processing argos_Jason-3_2019
INFO:root:start processing gps_SARAL_2019
INFO:root:end processing gps_SARAL_2019
INFO:root:start processing argos_SARAL_2019
INFO:root:end processing argos_SARAL_2019
INFO:root:start processing gps_Cryosat-2_2019
INFO:root:end processing gps_Cryosat-2_2019
INFO:root:start processing argos_Cryosat-2_2019
INFO:root:end processing argos_Cryosat-2_2019
INFO:root:start processing gps_Sentinel-3_A_2019
ERROR:asyncio:Exception in callback BaseIOStream.write.<locals>.<lambda>(<Future cancelled>) at /home1/datahome/mdemol/.miniconda3/envs/histenv2/lib/python3.9/site-packages/tornado/iostream.py:536
handle: <Handle BaseIOStream.write.<locals>.<lambda>(<Future cancelled>) at /home1/datahome/mdemol/.miniconda3/envs/histenv2/lib/python3.9/site-packages/tornado/iostream.py:536>
Traceback (most recent call last):
  File "/home1/datahome/mdemol/.miniconda3/envs/histenv2/lib/python3.9/asyncio/events.py", line 80, in _run
    self._context.run(self._callback, *self._args)
  File "/home1/datahome/mdemol/.miniconda3/envs/histenv2/lib/python3.9/site-packages/tornado/iostream.py", line 536, in <lambda>
    future.add_done_callback(lambda f: f.exception())
asyncio.exceptions.CancelledError
ERROR:asyncio:Exception in callback multi_future.<locals>.callback(<Task cancell...ession.py:77>>) at /home1/datahome/mdemol/.miniconda3/envs/histenv2/lib/python3.9/site-packages/tornado/gen.py:524
handle: <Handle multi_future.<locals>.callback(<Task cancell...ession.py:77>>) at /home1/datahome/mdemol/.miniconda3/envs/histenv2/lib/python3.9/site-packages/tornado/gen.py:524>
Traceback (most recent call last):
  File "/home1/datahome/mdemol/.miniconda3/envs/histenv2/lib/python3.9/site-packages/bokeh/server/session.py", line 88, in _needs_document_lock_wrapper
    with await self._lock.acquire():
asyncio.exceptions.CancelledError

During handling of the above exception, another exception occurred:

Traceback (most recent call last):
  File "/home1/datahome/mdemol/.miniconda3/envs/histenv2/lib/python3.9/asyncio/events.py", line 80, in _run
    self._context.run(self._callback, *self._args)
  File "/home1/datahome/mdemol/.miniconda3/envs/histenv2/lib/python3.9/site-packages/tornado/gen.py", line 530, in callback
    result_list.append(f.result())
asyncio.exceptions.CancelledError
ERROR:asyncio:Exception in callback multi_future.<locals>.callback(<Task cancell...ession.py:77>>) at /home1/datahome/mdemol/.miniconda3/envs/histenv2/lib/python3.9/site-packages/tornado/gen.py:524
handle: <Handle multi_future.<locals>.callback(<Task cancell...ession.py:77>>) at /home1/datahome/mdemol/.miniconda3/envs/histenv2/lib/python3.9/site-packages/tornado/gen.py:524>
Traceback (most recent call last):
  File "/home1/datahome/mdemol/.miniconda3/envs/histenv2/lib/python3.9/site-packages/bokeh/server/session.py", line 88, in _needs_document_lock_wrapper
    with await self._lock.acquire():
asyncio.exceptions.CancelledError

During handling of the above exception, another exception occurred:

Traceback (most recent call last):
  File "/home1/datahome/mdemol/.miniconda3/envs/histenv2/lib/python3.9/asyncio/events.py", line 80, in _run
    self._context.run(self._callback, *self._args)
  File "/home1/datahome/mdemol/.miniconda3/envs/histenv2/lib/python3.9/site-packages/tornado/gen.py", line 530, in callback
    result_list.append(f.result())
asyncio.exceptions.CancelledError
ERROR:asyncio:Exception in callback multi_future.<locals>.callback(<Task cancell...ession.py:77>>) at /home1/datahome/mdemol/.miniconda3/envs/histenv2/lib/python3.9/site-packages/tornado/gen.py:524
handle: <Handle multi_future.<locals>.callback(<Task cancell...ession.py:77>>) at /home1/datahome/mdemol/.miniconda3/envs/histenv2/lib/python3.9/site-packages/tornado/gen.py:524>
Traceback (most recent call last):
  File "/home1/datahome/mdemol/.miniconda3/envs/histenv2/lib/python3.9/site-packages/bokeh/server/session.py", line 88, in _needs_document_lock_wrapper
    with await self._lock.acquire():
asyncio.exceptions.CancelledError

During handling of the above exception, another exception occurred:

Traceback (most recent call last):
  File "/home1/datahome/mdemol/.miniconda3/envs/histenv2/lib/python3.9/asyncio/events.py", line 80, in _run
    self._context.run(self._callback, *self._args)
  File "/home1/datahome/mdemol/.miniconda3/envs/histenv2/lib/python3.9/site-packages/tornado/gen.py", line 530, in callback
    result_list.append(f.result())
asyncio.exceptions.CancelledError
ERROR:asyncio:Exception in callback multi_future.<locals>.callback(<Task cancell...ession.py:77>>) at /home1/datahome/mdemol/.miniconda3/envs/histenv2/lib/python3.9/site-packages/tornado/gen.py:524
handle: <Handle multi_future.<locals>.callback(<Task cancell...ession.py:77>>) at /home1/datahome/mdemol/.miniconda3/envs/histenv2/lib/python3.9/site-packages/tornado/gen.py:524>
Traceback (most recent call last):
  File "/home1/datahome/mdemol/.miniconda3/envs/histenv2/lib/python3.9/site-packages/bokeh/server/session.py", line 88, in _needs_document_lock_wrapper
    with await self._lock.acquire():
asyncio.exceptions.CancelledError

During handling of the above exception, another exception occurred:

Traceback (most recent call last):
  File "/home1/datahome/mdemol/.miniconda3/envs/histenv2/lib/python3.9/asyncio/events.py", line 80, in _run
    self._context.run(self._callback, *self._args)
  File "/home1/datahome/mdemol/.miniconda3/envs/histenv2/lib/python3.9/site-packages/tornado/gen.py", line 530, in callback
    result_list.append(f.result())
asyncio.exceptions.CancelledError
ERROR:asyncio:Exception in callback multi_future.<locals>.callback(<Task cancell...ession.py:77>>) at /home1/datahome/mdemol/.miniconda3/envs/histenv2/lib/python3.9/site-packages/tornado/gen.py:524
handle: <Handle multi_future.<locals>.callback(<Task cancell...ession.py:77>>) at /home1/datahome/mdemol/.miniconda3/envs/histenv2/lib/python3.9/site-packages/tornado/gen.py:524>
Traceback (most recent call last):
  File "/home1/datahome/mdemol/.miniconda3/envs/histenv2/lib/python3.9/site-packages/bokeh/server/session.py", line 88, in _needs_document_lock_wrapper
    with await self._lock.acquire():
asyncio.exceptions.CancelledError

During handling of the above exception, another exception occurred:

Traceback (most recent call last):
  File "/home1/datahome/mdemol/.miniconda3/envs/histenv2/lib/python3.9/asyncio/events.py", line 80, in _run
    self._context.run(self._callback, *self._args)
  File "/home1/datahome/mdemol/.miniconda3/envs/histenv2/lib/python3.9/site-packages/tornado/gen.py", line 530, in callback
    result_list.append(f.result())
asyncio.exceptions.CancelledError
ERROR:asyncio:Exception in callback multi_future.<locals>.callback(<Task cancell...ession.py:77>>) at /home1/datahome/mdemol/.miniconda3/envs/histenv2/lib/python3.9/site-packages/tornado/gen.py:524
handle: <Handle multi_future.<locals>.callback(<Task cancell...ession.py:77>>) at /home1/datahome/mdemol/.miniconda3/envs/histenv2/lib/python3.9/site-packages/tornado/gen.py:524>
Traceback (most recent call last):
  File "/home1/datahome/mdemol/.miniconda3/envs/histenv2/lib/python3.9/site-packages/bokeh/server/session.py", line 88, in _needs_document_lock_wrapper
    with await self._lock.acquire():
asyncio.exceptions.CancelledError

During handling of the above exception, another exception occurred:

Traceback (most recent call last):
  File "/home1/datahome/mdemol/.miniconda3/envs/histenv2/lib/python3.9/asyncio/events.py", line 80, in _run
    self._context.run(self._callback, *self._args)
  File "/home1/datahome/mdemol/.miniconda3/envs/histenv2/lib/python3.9/site-packages/tornado/gen.py", line 530, in callback
    result_list.append(f.result())
asyncio.exceptions.CancelledError
ERROR:asyncio:Exception in callback multi_future.<locals>.callback(<Task cancell...ession.py:77>>) at /home1/datahome/mdemol/.miniconda3/envs/histenv2/lib/python3.9/site-packages/tornado/gen.py:524
handle: <Handle multi_future.<locals>.callback(<Task cancell...ession.py:77>>) at /home1/datahome/mdemol/.miniconda3/envs/histenv2/lib/python3.9/site-packages/tornado/gen.py:524>
Traceback (most recent call last):
  File "/home1/datahome/mdemol/.miniconda3/envs/histenv2/lib/python3.9/site-packages/bokeh/server/session.py", line 88, in _needs_document_lock_wrapper
    with await self._lock.acquire():
asyncio.exceptions.CancelledError

During handling of the above exception, another exception occurred:

Traceback (most recent call last):
  File "/home1/datahome/mdemol/.miniconda3/envs/histenv2/lib/python3.9/asyncio/events.py", line 80, in _run
    self._context.run(self._callback, *self._args)
  File "/home1/datahome/mdemol/.miniconda3/envs/histenv2/lib/python3.9/site-packages/tornado/gen.py", line 530, in callback
    result_list.append(f.result())
asyncio.exceptions.CancelledError
ERROR:asyncio:Exception in callback multi_future.<locals>.callback(<Task cancell...ession.py:77>>) at /home1/datahome/mdemol/.miniconda3/envs/histenv2/lib/python3.9/site-packages/tornado/gen.py:524
handle: <Handle multi_future.<locals>.callback(<Task cancell...ession.py:77>>) at /home1/datahome/mdemol/.miniconda3/envs/histenv2/lib/python3.9/site-packages/tornado/gen.py:524>
Traceback (most recent call last):
  File "/home1/datahome/mdemol/.miniconda3/envs/histenv2/lib/python3.9/site-packages/tornado/websocket.py", line 1087, in wrapper
    await fut
asyncio.exceptions.CancelledError

During handling of the above exception, another exception occurred:

Traceback (most recent call last):
  File "/home1/datahome/mdemol/.miniconda3/envs/histenv2/lib/python3.9/site-packages/bokeh/server/session.py", line 106, in _needs_document_lock_wrapper
    await p
  File "/home1/datahome/mdemol/.miniconda3/envs/histenv2/lib/python3.9/site-packages/bokeh/server/views/ws.py", line 284, in send_message
    await message.send(self)
  File "/home1/datahome/mdemol/.miniconda3/envs/histenv2/lib/python3.9/site-packages/bokeh/protocol/message.py", line 322, in send
    await conn.write_message(self.content_json, locked=False)
  File "/home1/datahome/mdemol/.miniconda3/envs/histenv2/lib/python3.9/site-packages/bokeh/server/views/ws.py", line 300, in write_message
    await super().write_message(message, binary)
asyncio.exceptions.CancelledError

During handling of the above exception, another exception occurred:

Traceback (most recent call last):
  File "/home1/datahome/mdemol/.miniconda3/envs/histenv2/lib/python3.9/asyncio/events.py", line 80, in _run
    self._context.run(self._callback, *self._args)
  File "/home1/datahome/mdemol/.miniconda3/envs/histenv2/lib/python3.9/site-packages/tornado/gen.py", line 530, in callback
    result_list.append(f.result())
asyncio.exceptions.CancelledError
INFO:root:start spinning up dask cluster, jobs=1
INFO:root:dashboard via ssh: ssh -N -L 8787:r1i3n17:8787 mdemol@datarmor1-10g
INFO:root:open browser at address of the type: http://localhost:8787
INFO:root:start processing gps_Jason-3_2020
INFO:root:end processing gps_Jason-3_2020
INFO:root:start processing argos_Jason-3_2020
INFO:root:end processing argos_Jason-3_2020
INFO:root:start processing gps_SARAL_2020
INFO:root:end processing gps_SARAL_2020
INFO:root:start processing argos_SARAL_2020
INFO:root:end processing argos_SARAL_2020
INFO:root:start processing gps_Cryosat-2_2020
INFO:root:end processing gps_Cryosat-2_2020
INFO:root:start processing argos_Cryosat-2_2020
INFO:root:end processing argos_Cryosat-2_2020
INFO:root:start processing gps_Sentinel-3_A_2020
INFO:root:end processing gps_Sentinel-3_A_2020
INFO:root:start processing argos_Sentinel-3_A_2020
INFO:root:end processing argos_Sentinel-3_A_2020
INFO:root:start processing gps_Sentinel-3_B_2020
INFO:root:end processing gps_Sentinel-3_B_2020
INFO:root:start processing argos_Sentinel-3_B_2020
INFO:root:end processing argos_Sentinel-3_B_2020
INFO:root:start processing gps_Jason-3_2019
INFO:root:end processing gps_Jason-3_2019
INFO:root:start processing argos_Jason-3_2019
INFO:root:end processing argos_Jason-3_2019
INFO:root:start processing gps_SARAL_2019
INFO:root:end processing gps_SARAL_2019
INFO:root:start processing argos_SARAL_2019
INFO:root:end processing argos_SARAL_2019
INFO:root:start processing gps_Cryosat-2_2019
INFO:root:end processing gps_Cryosat-2_2019
INFO:root:start processing argos_Cryosat-2_2019
INFO:root:end processing argos_Cryosat-2_2019
INFO:root:start processing argos_Sentinel-3_A_2019
INFO:root:end processing argos_Sentinel-3_A_2019
INFO:root:start processing gps_Sentinel-3_B_2019
INFO:root:end processing gps_Sentinel-3_B_2019
INFO:root:start processing argos_Sentinel-3_B_2019
INFO:root:end processing argos_Sentinel-3_B_2019
INFO:root:start processing gps_Jason-3_2018
INFO:root:end processing gps_Jason-3_2018
INFO:root:start processing argos_Jason-3_2018
INFO:root:end processing argos_Jason-3_2018
INFO:root:start processing gps_SARAL_2018
INFO:root:end processing gps_SARAL_2018
INFO:root:start processing argos_SARAL_2018
INFO:root:end processing argos_SARAL_2018
INFO:root:start processing gps_Cryosat-2_2018
INFO:root:end processing gps_Cryosat-2_2018
INFO:root:start processing argos_Cryosat-2_2018
INFO:root:end processing argos_Cryosat-2_2018
INFO:root:start processing gps_Sentinel-3_A_2018
INFO:root:end processing gps_Sentinel-3_A_2018
INFO:root:start processing argos_Sentinel-3_A_2018
INFO:root:end processing argos_Sentinel-3_A_2018
INFO:root:start processing gps_Sentinel-3_B_2018
INFO:root:end processing gps_Sentinel-3_B_2018
INFO:root:start processing argos_Sentinel-3_B_2018
INFO:root:end processing argos_Sentinel-3_B_2018
INFO:root:start processing gps_Jason-3_2017
INFO:root:end processing gps_Jason-3_2017
INFO:root:start processing argos_Jason-3_2017
INFO:root:end processing argos_Jason-3_2017
INFO:root:start processing gps_Jason-2_2017
INFO:root:end processing gps_Jason-2_2017
INFO:root:start processing argos_Jason-2_2017
INFO:root:end processing argos_Jason-2_2017
INFO:root:start processing gps_SARAL_2017
INFO:root:end processing gps_SARAL_2017
INFO:root:start processing argos_SARAL_2017
INFO:root:end processing argos_SARAL_2017
INFO:root:start processing gps_Cryosat-2_2017
INFO:root:end processing gps_Cryosat-2_2017
INFO:root:start processing argos_Cryosat-2_2017
INFO:root:end processing argos_Cryosat-2_2017
INFO:root:start processing gps_Sentinel-3_A_2017
INFO:root:end processing gps_Sentinel-3_A_2017
INFO:root:start processing argos_Sentinel-3_A_2017
INFO:root:end processing argos_Sentinel-3_A_2017
INFO:root:start processing gps_Jason-3_2016
INFO:root:end processing gps_Jason-3_2016
INFO:root:start processing argos_Jason-3_2016
INFO:root:end processing argos_Jason-3_2016
INFO:root:start processing gps_Jason-2_2016
INFO:root:end processing gps_Jason-2_2016
INFO:root:start processing argos_Jason-2_2016
INFO:root:end processing argos_Jason-2_2016
INFO:root:start processing gps_SARAL_2016
INFO:root:end processing gps_SARAL_2016
INFO:root:start processing argos_SARAL_2016
INFO:root:end processing argos_SARAL_2016
INFO:root:start processing gps_Cryosat-2_2016
INFO:root:end processing gps_Cryosat-2_2016
INFO:root:start processing argos_Cryosat-2_2016
INFO:root:end processing argos_Cryosat-2_2016
INFO:root:start processing gps_Sentinel-3_A_2016
INFO:root:end processing gps_Sentinel-3_A_2016
INFO:root:start processing argos_Sentinel-3_A_2016
INFO:root:end processing argos_Sentinel-3_A_2016
INFO:root:start processing gps_Jason-2_2015
INFO:root:end processing gps_Jason-2_2015
INFO:root:start processing argos_Jason-2_2015
INFO:root:end processing argos_Jason-2_2015
INFO:root:start processing gps_SARAL_2015
INFO:root:end processing gps_SARAL_2015
INFO:root:start processing argos_SARAL_2015
INFO:root:end processing argos_SARAL_2015
INFO:root:start processing gps_Cryosat-2_2015
INFO:root:end processing gps_Cryosat-2_2015
INFO:root:start processing argos_Cryosat-2_2015
INFO:root:end processing argos_Cryosat-2_2015
INFO:root:start processing gps_Jason-2_2014
INFO:root:end processing gps_Jason-2_2014
INFO:root:start processing argos_Jason-2_2014
INFO:root:end processing argos_Jason-2_2014
INFO:root:start processing gps_SARAL_2014
INFO:root:end processing gps_SARAL_2014
INFO:root:start processing argos_SARAL_2014
INFO:root:end processing argos_SARAL_2014
INFO:root:start processing gps_Cryosat-2_2014
INFO:root:end processing gps_Cryosat-2_2014
INFO:root:start processing argos_Cryosat-2_2014
INFO:root:end processing argos_Cryosat-2_2014
INFO:root:start processing gps_Jason-2_2013
INFO:root:end processing gps_Jason-2_2013
INFO:root:start processing argos_Jason-2_2013
INFO:root:end processing argos_Jason-2_2013
INFO:root:start processing gps_SARAL_2013
INFO:root:end processing gps_SARAL_2013
INFO:root:start processing argos_SARAL_2013
INFO:root:end processing argos_SARAL_2013
INFO:root:start processing gps_Cryosat-2_2013
INFO:root:end processing gps_Cryosat-2_2013
INFO:root:start processing argos_Cryosat-2_2013
INFO:root:end processing argos_Cryosat-2_2013
INFO:root:start processing gps_Jason-2_2012
INFO:root:end processing gps_Jason-2_2012
INFO:root:start processing argos_Jason-2_2012
INFO:root:end processing argos_Jason-2_2012
INFO:root:start processing gps_Cryosat-2_2012
INFO:root:end processing gps_Cryosat-2_2012
INFO:root:start processing argos_Cryosat-2_2012
INFO:root:end processing argos_Cryosat-2_2012
INFO:root:start processing gps_Jason-2_2011
INFO:root:end processing gps_Jason-2_2011
INFO:root:start processing argos_Jason-2_2011
INFO:root:end processing argos_Jason-2_2011
INFO:root:start processing gps_Cryosat-2_2011
INFO:root:end processing gps_Cryosat-2_2011
INFO:root:start processing argos_Cryosat-2_2011
INFO:root:end processing argos_Cryosat-2_2011
INFO:root:start processing gps_Jason-2_2010
INFO:root:end processing gps_Jason-2_2010
INFO:root:start processing argos_Jason-2_2010
INFO:root:end processing argos_Jason-2_2010
INFO:root:start processing gps_Cryosat-2_2010
INFO:root:end processing gps_Cryosat-2_2010
INFO:root:start processing argos_Cryosat-2_2010
INFO:root:end processing argos_Cryosat-2_2010
INFO:root:starts closing dask cluster ...
INFO:root:client closed ...
INFO:root: qdel 8483573
INFO:root:manually killed jobs ...
INFO:root:... done
INFO:root:- all done
INFO:root:start spinning up dask cluster, jobs=1
INFO:root:dashboard via ssh: ssh -N -L 8787:r2i0n18:8787 mdemol@datarmor1-10g
INFO:root:open browser at address of the type: http://localhost:8787
INFO:root:start processing gps_Jason-3_2020
INFO:root:end processing gps_Jason-3_2020
INFO:root:start processing argos_Jason-3_2020
INFO:root:end processing argos_Jason-3_2020
INFO:root:start processing gps_SARAL_2020
INFO:root:end processing gps_SARAL_2020
INFO:root:start processing argos_SARAL_2020
INFO:root:end processing argos_SARAL_2020
INFO:root:start processing gps_Cryosat-2_2020
INFO:root:end processing gps_Cryosat-2_2020
INFO:root:start processing argos_Cryosat-2_2020
INFO:root:start spinning up dask cluster, jobs=1
INFO:root:dashboard via ssh: ssh -N -L 8787:r1i6n28:8787 mdemol@datarmor1-10g
INFO:root:open browser at address of the type: http://localhost:8787
INFO:root:start processing gps_Jason-3_2020
INFO:root:end processing gps_Jason-3_2020
INFO:root:start processing argos_Jason-3_2020
INFO:root:end processing argos_Jason-3_2020
INFO:root:start processing gps_SARAL_2020
INFO:root:end processing gps_SARAL_2020
INFO:root:start processing argos_SARAL_2020
INFO:root:end processing argos_SARAL_2020
INFO:root:start processing gps_Cryosat-2_2020
INFO:root:end processing gps_Cryosat-2_2020
INFO:root:start processing argos_Cryosat-2_2020
INFO:root:end processing argos_Cryosat-2_2020
INFO:root:start processing gps_Sentinel-3_A_2020
INFO:root:end processing gps_Sentinel-3_A_2020
INFO:root:start processing argos_Sentinel-3_A_2020
INFO:root:end processing argos_Sentinel-3_A_2020
INFO:root:start processing gps_Sentinel-3_B_2020
INFO:root:end processing gps_Sentinel-3_B_2020
INFO:root:start processing argos_Sentinel-3_B_2020
INFO:root:end processing argos_Sentinel-3_B_2020
INFO:root:start processing gps_Jason-3_2019
INFO:root:end processing gps_Jason-3_2019
INFO:root:start processing argos_Jason-3_2019
INFO:root:end processing argos_Jason-3_2019
INFO:root:start processing gps_SARAL_2019
INFO:root:end processing gps_SARAL_2019
INFO:root:start processing argos_SARAL_2019
INFO:root:end processing argos_SARAL_2019
INFO:root:start processing gps_Cryosat-2_2019
INFO:root:end processing gps_Cryosat-2_2019
INFO:root:start processing argos_Cryosat-2_2019
INFO:root:end processing argos_Cryosat-2_2019
INFO:root:start processing argos_Sentinel-3_A_2019
INFO:root:end processing argos_Sentinel-3_A_2019
INFO:root:start processing gps_Sentinel-3_B_2019
INFO:root:end processing gps_Sentinel-3_B_2019
INFO:root:start processing argos_Sentinel-3_B_2019
INFO:root:end processing argos_Sentinel-3_B_2019
INFO:root:start processing gps_Jason-3_2018
INFO:root:end processing gps_Jason-3_2018
INFO:root:start processing argos_Jason-3_2018
INFO:root:end processing argos_Jason-3_2018
INFO:root:start processing gps_SARAL_2018
INFO:root:end processing gps_SARAL_2018
INFO:root:start processing argos_SARAL_2018
INFO:root:end processing argos_SARAL_2018
INFO:root:start processing gps_Cryosat-2_2018
INFO:root:end processing gps_Cryosat-2_2018
INFO:root:start processing argos_Cryosat-2_2018
INFO:root:end processing argos_Cryosat-2_2018
INFO:root:start processing gps_Sentinel-3_A_2018
INFO:root:end processing gps_Sentinel-3_A_2018
INFO:root:start processing argos_Sentinel-3_A_2018
INFO:root:end processing argos_Sentinel-3_A_2018
INFO:root:start processing gps_Sentinel-3_B_2018
INFO:root:end processing gps_Sentinel-3_B_2018
INFO:root:start processing argos_Sentinel-3_B_2018
INFO:root:end processing argos_Sentinel-3_B_2018
INFO:root:start processing gps_Jason-3_2017
INFO:root:end processing gps_Jason-3_2017
INFO:root:start processing argos_Jason-3_2017
INFO:root:end processing argos_Jason-3_2017
INFO:root:start processing gps_Jason-2_2017
INFO:root:end processing gps_Jason-2_2017
INFO:root:start processing argos_Jason-2_2017
INFO:root:end processing argos_Jason-2_2017
INFO:root:start processing gps_SARAL_2017
INFO:root:end processing gps_SARAL_2017
INFO:root:start processing argos_SARAL_2017
INFO:root:end processing argos_SARAL_2017
INFO:root:start processing gps_Cryosat-2_2017
INFO:root:end processing gps_Cryosat-2_2017
INFO:root:start processing argos_Cryosat-2_2017
INFO:root:end processing argos_Cryosat-2_2017
INFO:root:start processing gps_Sentinel-3_A_2017
INFO:root:end processing gps_Sentinel-3_A_2017
INFO:root:start processing argos_Sentinel-3_A_2017
INFO:root:end processing argos_Sentinel-3_A_2017
INFO:root:start processing gps_Jason-3_2016
INFO:root:end processing gps_Jason-3_2016
INFO:root:start processing argos_Jason-3_2016
INFO:root:end processing argos_Jason-3_2016
INFO:root:start processing gps_Jason-2_2016
INFO:root:end processing gps_Jason-2_2016
INFO:root:start processing argos_Jason-2_2016
INFO:root:end processing argos_Jason-2_2016
INFO:root:start processing gps_SARAL_2016
INFO:root:end processing gps_SARAL_2016
INFO:root:start processing argos_SARAL_2016
INFO:root:end processing argos_SARAL_2016
INFO:root:start processing gps_Cryosat-2_2016
INFO:root:end processing gps_Cryosat-2_2016
INFO:root:start processing argos_Cryosat-2_2016
INFO:root:end processing argos_Cryosat-2_2016
INFO:root:start processing gps_Sentinel-3_A_2016
INFO:root:end processing gps_Sentinel-3_A_2016
INFO:root:start processing argos_Sentinel-3_A_2016
INFO:root:end processing argos_Sentinel-3_A_2016
INFO:root:start processing gps_Jason-2_2015
INFO:root:end processing gps_Jason-2_2015
INFO:root:start processing argos_Jason-2_2015
INFO:root:end processing argos_Jason-2_2015
INFO:root:start processing gps_SARAL_2015
INFO:root:end processing gps_SARAL_2015
INFO:root:start processing argos_SARAL_2015
INFO:root:end processing argos_SARAL_2015
INFO:root:start processing gps_Cryosat-2_2015
INFO:root:end processing gps_Cryosat-2_2015
INFO:root:start processing argos_Cryosat-2_2015
INFO:root:end processing argos_Cryosat-2_2015
INFO:root:start processing gps_Jason-2_2014
INFO:root:end processing gps_Jason-2_2014
INFO:root:start processing argos_Jason-2_2014
INFO:root:end processing argos_Jason-2_2014
INFO:root:start processing gps_SARAL_2014
INFO:root:end processing gps_SARAL_2014
INFO:root:start processing argos_SARAL_2014
INFO:root:end processing argos_SARAL_2014
INFO:root:start processing gps_Cryosat-2_2014
INFO:root:end processing gps_Cryosat-2_2014
INFO:root:start processing argos_Cryosat-2_2014
INFO:root:end processing argos_Cryosat-2_2014
INFO:root:start processing gps_Jason-2_2013
INFO:root:end processing gps_Jason-2_2013
INFO:root:start processing argos_Jason-2_2013
INFO:root:end processing argos_Jason-2_2013
INFO:root:start processing gps_SARAL_2013
INFO:root:end processing gps_SARAL_2013
INFO:root:start processing argos_SARAL_2013
INFO:root:end processing argos_SARAL_2013
INFO:root:start processing gps_Cryosat-2_2013
INFO:root:end processing gps_Cryosat-2_2013
INFO:root:start processing argos_Cryosat-2_2013
INFO:root:end processing argos_Cryosat-2_2013
INFO:root:start processing gps_Jason-2_2012
INFO:root:end processing gps_Jason-2_2012
INFO:root:start processing argos_Jason-2_2012
INFO:root:end processing argos_Jason-2_2012
INFO:root:start processing gps_Cryosat-2_2012
INFO:root:end processing gps_Cryosat-2_2012
INFO:root:start processing argos_Cryosat-2_2012
INFO:root:end processing argos_Cryosat-2_2012
INFO:root:start processing gps_Jason-2_2011
INFO:root:end processing gps_Jason-2_2011
INFO:root:start processing argos_Jason-2_2011
INFO:root:end processing argos_Jason-2_2011
INFO:root:start processing gps_Cryosat-2_2011
INFO:root:end processing gps_Cryosat-2_2011
INFO:root:start processing argos_Cryosat-2_2011
INFO:root:end processing argos_Cryosat-2_2011
INFO:root:start processing gps_Jason-2_2010
INFO:root:end processing gps_Jason-2_2010
INFO:root:start processing argos_Jason-2_2010
INFO:root:end processing argos_Jason-2_2010
INFO:root:start processing gps_Cryosat-2_2010
INFO:root:end processing gps_Cryosat-2_2010
INFO:root:start processing argos_Cryosat-2_2010
INFO:root:end processing argos_Cryosat-2_2010
INFO:root:starts closing dask cluster ...
INFO:root:client closed ...
INFO:root: qdel 8509192
INFO:root:manually killed jobs ...
INFO:root:... done
INFO:root:- all done
INFO:root:start spinning up dask cluster, jobs=1
INFO:root:dashboard via ssh: ssh -N -L 8787:r1i6n17:8787 mdemol@datarmor1-10g
INFO:root:open browser at address of the type: http://localhost:8787
INFO:root:start processing gps_Jason-3_2020
INFO:root:end processing gps_Jason-3_2020
INFO:root:start processing argos_Jason-3_2020
INFO:root:end processing argos_Jason-3_2020
INFO:root:start processing gps_SARAL_2020
INFO:root:end processing gps_SARAL_2020
INFO:root:start processing argos_SARAL_2020
INFO:root:end processing argos_SARAL_2020
INFO:root:start processing gps_Cryosat-2_2020
INFO:root:end processing gps_Cryosat-2_2020
INFO:root:start processing argos_Cryosat-2_2020
INFO:root:end processing argos_Cryosat-2_2020
INFO:root:start processing gps_Sentinel-3_A_2020
INFO:root:end processing gps_Sentinel-3_A_2020
INFO:root:start processing argos_Sentinel-3_A_2020
INFO:root:end processing argos_Sentinel-3_A_2020
INFO:root:start processing gps_Sentinel-3_B_2020
INFO:root:end processing gps_Sentinel-3_B_2020
INFO:root:start processing argos_Sentinel-3_B_2020
INFO:root:end processing argos_Sentinel-3_B_2020
INFO:root:start processing gps_Jason-3_2019
INFO:root:end processing gps_Jason-3_2019
INFO:root:start processing argos_Jason-3_2019
INFO:root:end processing argos_Jason-3_2019
INFO:root:start processing gps_SARAL_2019
INFO:root:end processing gps_SARAL_2019
INFO:root:start processing argos_SARAL_2019
INFO:root:end processing argos_SARAL_2019
INFO:root:start processing gps_Cryosat-2_2019
INFO:root:end processing gps_Cryosat-2_2019
INFO:root:start processing argos_Cryosat-2_2019
INFO:root:end processing argos_Cryosat-2_2019
INFO:root:start processing argos_Sentinel-3_A_2019
INFO:root:end processing argos_Sentinel-3_A_2019
INFO:root:start processing gps_Sentinel-3_B_2019
INFO:root:end processing gps_Sentinel-3_B_2019
INFO:root:start processing argos_Sentinel-3_B_2019
INFO:root:end processing argos_Sentinel-3_B_2019
INFO:root:start processing gps_Jason-3_2018
INFO:root:end processing gps_Jason-3_2018
INFO:root:start processing argos_Jason-3_2018
INFO:root:end processing argos_Jason-3_2018
INFO:root:start processing gps_SARAL_2018
INFO:root:end processing gps_SARAL_2018
INFO:root:start processing argos_SARAL_2018
INFO:root:end processing argos_SARAL_2018
INFO:root:start processing gps_Cryosat-2_2018
INFO:root:end processing gps_Cryosat-2_2018
INFO:root:start processing argos_Cryosat-2_2018
INFO:root:end processing argos_Cryosat-2_2018
INFO:root:start processing gps_Sentinel-3_A_2018
INFO:root:end processing gps_Sentinel-3_A_2018
INFO:root:start processing argos_Sentinel-3_A_2018
INFO:root:end processing argos_Sentinel-3_A_2018
INFO:root:start processing gps_Sentinel-3_B_2018
INFO:root:end processing gps_Sentinel-3_B_2018
INFO:root:start processing argos_Sentinel-3_B_2018
INFO:root:end processing argos_Sentinel-3_B_2018
INFO:root:start processing gps_Jason-3_2017
INFO:root:end processing gps_Jason-3_2017
INFO:root:start processing argos_Jason-3_2017
INFO:root:end processing argos_Jason-3_2017
INFO:root:start processing gps_Jason-2_2017
INFO:root:end processing gps_Jason-2_2017
INFO:root:start processing argos_Jason-2_2017
INFO:root:end processing argos_Jason-2_2017
INFO:root:start processing gps_SARAL_2017
INFO:root:end processing gps_SARAL_2017
INFO:root:start processing argos_SARAL_2017
INFO:root:end processing argos_SARAL_2017
INFO:root:start processing gps_Cryosat-2_2017
INFO:root:end processing gps_Cryosat-2_2017
INFO:root:start processing argos_Cryosat-2_2017
INFO:root:end processing argos_Cryosat-2_2017
INFO:root:start processing gps_Sentinel-3_A_2017
INFO:root:end processing gps_Sentinel-3_A_2017
INFO:root:start processing argos_Sentinel-3_A_2017
INFO:root:end processing argos_Sentinel-3_A_2017
INFO:root:start processing gps_Jason-3_2016
INFO:root:end processing gps_Jason-3_2016
INFO:root:start processing argos_Jason-3_2016
INFO:root:end processing argos_Jason-3_2016
INFO:root:start processing gps_Jason-2_2016
INFO:root:end processing gps_Jason-2_2016
INFO:root:start processing argos_Jason-2_2016
INFO:root:end processing argos_Jason-2_2016
INFO:root:start processing gps_SARAL_2016
INFO:root:end processing gps_SARAL_2016
INFO:root:start processing argos_SARAL_2016
INFO:root:end processing argos_SARAL_2016
INFO:root:start processing gps_Cryosat-2_2016
INFO:root:end processing gps_Cryosat-2_2016
INFO:root:start processing argos_Cryosat-2_2016
INFO:root:end processing argos_Cryosat-2_2016
INFO:root:start processing gps_Sentinel-3_A_2016
INFO:root:end processing gps_Sentinel-3_A_2016
INFO:root:start processing argos_Sentinel-3_A_2016
INFO:root:end processing argos_Sentinel-3_A_2016
INFO:root:start processing gps_Jason-2_2015
INFO:root:end processing gps_Jason-2_2015
INFO:root:start processing argos_Jason-2_2015
INFO:root:end processing argos_Jason-2_2015
INFO:root:start processing gps_SARAL_2015
INFO:root:end processing gps_SARAL_2015
INFO:root:start processing argos_SARAL_2015
INFO:root:end processing argos_SARAL_2015
INFO:root:start processing gps_Cryosat-2_2015
INFO:root:end processing gps_Cryosat-2_2015
INFO:root:start processing argos_Cryosat-2_2015
INFO:root:end processing argos_Cryosat-2_2015
INFO:root:start processing gps_Jason-2_2014
INFO:root:end processing gps_Jason-2_2014
INFO:root:start processing argos_Jason-2_2014
INFO:root:end processing argos_Jason-2_2014
INFO:root:start processing gps_SARAL_2014
INFO:root:end processing gps_SARAL_2014
INFO:root:start processing argos_SARAL_2014
INFO:root:end processing argos_SARAL_2014
INFO:root:start processing gps_Cryosat-2_2014
INFO:root:end processing gps_Cryosat-2_2014
INFO:root:start processing argos_Cryosat-2_2014
INFO:root:end processing argos_Cryosat-2_2014
INFO:root:start processing gps_Jason-2_2013
INFO:root:end processing gps_Jason-2_2013
INFO:root:start processing argos_Jason-2_2013
INFO:root:end processing argos_Jason-2_2013
INFO:root:start processing gps_SARAL_2013
INFO:root:end processing gps_SARAL_2013
INFO:root:start processing argos_SARAL_2013
INFO:root:end processing argos_SARAL_2013
INFO:root:start processing gps_Cryosat-2_2013
INFO:root:end processing gps_Cryosat-2_2013
INFO:root:start processing argos_Cryosat-2_2013
INFO:root:end processing argos_Cryosat-2_2013
INFO:root:start processing gps_Jason-2_2012
INFO:root:end processing gps_Jason-2_2012
INFO:root:start processing argos_Jason-2_2012
INFO:root:end processing argos_Jason-2_2012
INFO:root:start processing gps_Cryosat-2_2012
INFO:root:end processing gps_Cryosat-2_2012
INFO:root:start processing argos_Cryosat-2_2012
INFO:root:end processing argos_Cryosat-2_2012
INFO:root:start processing gps_Jason-2_2011
INFO:root:end processing gps_Jason-2_2011
INFO:root:start processing argos_Jason-2_2011
INFO:root:end processing argos_Jason-2_2011
INFO:root:start processing gps_Cryosat-2_2011
INFO:root:end processing gps_Cryosat-2_2011
INFO:root:start processing argos_Cryosat-2_2011
INFO:root:end processing argos_Cryosat-2_2011
INFO:root:start processing gps_Jason-2_2010
INFO:root:end processing gps_Jason-2_2010
INFO:root:start processing argos_Jason-2_2010
INFO:root:end processing argos_Jason-2_2010
INFO:root:start processing gps_Cryosat-2_2010
INFO:root:end processing gps_Cryosat-2_2010
INFO:root:start processing argos_Cryosat-2_2010
INFO:root:end processing argos_Cryosat-2_2010
INFO:root:starts closing dask cluster ...
INFO:root:client closed ...
INFO:root: qdel 8518592
INFO:root:manually killed jobs ...
INFO:root:... done
INFO:root:- all done
INFO:root:start spinning up dask cluster, jobs=2
INFO:root:dashboard via ssh: ssh -N -L 8787:r1i2n34:8787 mdemol@datarmor1-10g
INFO:root:open browser at address of the type: http://localhost:8787
INFO:root:start processing gps_Jason-3_2020
INFO:root:end processing gps_Jason-3_2020
INFO:root:start processing argos_Jason-3_2020
INFO:root:end processing argos_Jason-3_2020
INFO:root:start processing gps_SARAL_2020
INFO:root:end processing gps_SARAL_2020
INFO:root:start processing argos_SARAL_2020
INFO:root:end processing argos_SARAL_2020
INFO:root:start processing gps_Cryosat-2_2020
INFO:root:end processing gps_Cryosat-2_2020
INFO:root:start processing argos_Cryosat-2_2020
INFO:root:end processing argos_Cryosat-2_2020
INFO:root:start processing gps_Sentinel-3_A_2020
INFO:root:end processing gps_Sentinel-3_A_2020
INFO:root:start processing argos_Sentinel-3_A_2020
INFO:root:end processing argos_Sentinel-3_A_2020
INFO:root:start processing gps_Sentinel-3_B_2020
INFO:root:end processing gps_Sentinel-3_B_2020
INFO:root:start processing argos_Sentinel-3_B_2020
INFO:root:end processing argos_Sentinel-3_B_2020
INFO:root:start processing gps_Jason-3_2019
INFO:root:end processing gps_Jason-3_2019
INFO:root:start processing argos_Jason-3_2019
INFO:root:end processing argos_Jason-3_2019
INFO:root:start processing gps_SARAL_2019
INFO:root:end processing gps_SARAL_2019
INFO:root:start processing argos_SARAL_2019
INFO:root:end processing argos_SARAL_2019
INFO:root:start processing gps_Cryosat-2_2019
INFO:root:end processing gps_Cryosat-2_2019
INFO:root:start processing argos_Cryosat-2_2019
INFO:root:end processing argos_Cryosat-2_2019
INFO:root:start processing argos_Sentinel-3_A_2019
INFO:root:end processing argos_Sentinel-3_A_2019
INFO:root:start processing gps_Sentinel-3_B_2019
INFO:root:end processing gps_Sentinel-3_B_2019
INFO:root:start processing argos_Sentinel-3_B_2019
INFO:root:end processing argos_Sentinel-3_B_2019
INFO:root:start processing gps_Jason-3_2018
INFO:root:end processing gps_Jason-3_2018
INFO:root:start processing argos_Jason-3_2018
INFO:root:end processing argos_Jason-3_2018
INFO:root:start processing gps_SARAL_2018
INFO:root:end processing gps_SARAL_2018
INFO:root:start processing argos_SARAL_2018
INFO:root:end processing argos_SARAL_2018
INFO:root:start processing gps_Cryosat-2_2018
INFO:root:end processing gps_Cryosat-2_2018
INFO:root:start processing argos_Cryosat-2_2018
INFO:root:end processing argos_Cryosat-2_2018
INFO:root:start processing gps_Sentinel-3_A_2018
INFO:root:end processing gps_Sentinel-3_A_2018
INFO:root:start processing argos_Sentinel-3_A_2018
INFO:root:end processing argos_Sentinel-3_A_2018
INFO:root:start processing gps_Sentinel-3_B_2018
INFO:root:end processing gps_Sentinel-3_B_2018
INFO:root:start processing argos_Sentinel-3_B_2018
INFO:root:end processing argos_Sentinel-3_B_2018
INFO:root:start processing gps_Jason-3_2017
INFO:root:end processing gps_Jason-3_2017
INFO:root:start processing argos_Jason-3_2017
INFO:root:end processing argos_Jason-3_2017
INFO:root:start processing gps_Jason-2_2017
INFO:root:end processing gps_Jason-2_2017
INFO:root:start processing argos_Jason-2_2017
INFO:root:end processing argos_Jason-2_2017
INFO:root:start processing gps_SARAL_2017
INFO:root:end processing gps_SARAL_2017
INFO:root:start processing argos_SARAL_2017
INFO:root:end processing argos_SARAL_2017
INFO:root:start processing gps_Cryosat-2_2017
INFO:root:end processing gps_Cryosat-2_2017
INFO:root:start processing argos_Cryosat-2_2017
INFO:root:end processing argos_Cryosat-2_2017
INFO:root:start processing gps_Sentinel-3_A_2017
INFO:root:end processing gps_Sentinel-3_A_2017
INFO:root:start processing argos_Sentinel-3_A_2017
INFO:root:end processing argos_Sentinel-3_A_2017
INFO:root:start processing gps_Jason-3_2016
INFO:root:end processing gps_Jason-3_2016
INFO:root:start processing argos_Jason-3_2016
INFO:root:end processing argos_Jason-3_2016
INFO:root:start processing gps_Jason-2_2016
INFO:root:end processing gps_Jason-2_2016
INFO:root:start processing argos_Jason-2_2016
INFO:root:end processing argos_Jason-2_2016
INFO:root:start processing gps_SARAL_2016
INFO:root:end processing gps_SARAL_2016
INFO:root:start processing argos_SARAL_2016
INFO:root:end processing argos_SARAL_2016
INFO:root:start processing gps_Cryosat-2_2016
INFO:root:end processing gps_Cryosat-2_2016
INFO:root:start processing argos_Cryosat-2_2016
INFO:root:end processing argos_Cryosat-2_2016
INFO:root:start processing gps_Sentinel-3_A_2016
INFO:root:end processing gps_Sentinel-3_A_2016
INFO:root:start processing argos_Sentinel-3_A_2016
INFO:root:end processing argos_Sentinel-3_A_2016
INFO:root:start processing gps_Jason-2_2015
INFO:root:end processing gps_Jason-2_2015
INFO:root:start processing argos_Jason-2_2015
INFO:root:end processing argos_Jason-2_2015
INFO:root:start processing gps_SARAL_2015
INFO:root:end processing gps_SARAL_2015
INFO:root:start processing argos_SARAL_2015
INFO:root:end processing argos_SARAL_2015
INFO:root:start processing gps_Cryosat-2_2015
INFO:root:end processing gps_Cryosat-2_2015
INFO:root:start processing argos_Cryosat-2_2015
INFO:root:end processing argos_Cryosat-2_2015
INFO:root:start processing gps_Jason-2_2014
INFO:root:end processing gps_Jason-2_2014
INFO:root:start processing argos_Jason-2_2014
INFO:root:end processing argos_Jason-2_2014
INFO:root:start processing gps_SARAL_2014
INFO:root:end processing gps_SARAL_2014
INFO:root:start processing argos_SARAL_2014
INFO:root:end processing argos_SARAL_2014
INFO:root:start processing gps_Cryosat-2_2014
INFO:root:end processing gps_Cryosat-2_2014
INFO:root:start processing argos_Cryosat-2_2014
INFO:root:end processing argos_Cryosat-2_2014
INFO:root:start processing gps_Jason-2_2013
INFO:root:end processing gps_Jason-2_2013
INFO:root:start processing argos_Jason-2_2013
INFO:root:end processing argos_Jason-2_2013
INFO:root:start processing gps_SARAL_2013
INFO:root:end processing gps_SARAL_2013
INFO:root:start processing argos_SARAL_2013
INFO:root:end processing argos_SARAL_2013
INFO:root:start processing gps_Cryosat-2_2013
INFO:root:end processing gps_Cryosat-2_2013
INFO:root:start processing argos_Cryosat-2_2013
INFO:root:end processing argos_Cryosat-2_2013
INFO:root:start processing gps_Jason-2_2012
INFO:root:end processing gps_Jason-2_2012
INFO:root:start processing argos_Jason-2_2012
INFO:root:end processing argos_Jason-2_2012
INFO:root:start processing gps_Cryosat-2_2012
INFO:root:end processing gps_Cryosat-2_2012
INFO:root:start processing argos_Cryosat-2_2012
INFO:root:end processing argos_Cryosat-2_2012
INFO:root:start processing gps_Jason-2_2011
INFO:root:end processing gps_Jason-2_2011
INFO:root:start processing argos_Jason-2_2011
INFO:root:end processing argos_Jason-2_2011
INFO:root:start processing gps_Cryosat-2_2011
INFO:root:end processing gps_Cryosat-2_2011
INFO:root:start processing argos_Cryosat-2_2011
INFO:root:end processing argos_Cryosat-2_2011
INFO:root:start processing gps_Jason-2_2010
INFO:root:end processing gps_Jason-2_2010
INFO:root:start processing argos_Jason-2_2010
INFO:root:end processing argos_Jason-2_2010
INFO:root:start processing gps_Cryosat-2_2010
INFO:root:end processing gps_Cryosat-2_2010
INFO:root:start processing argos_Cryosat-2_2010
INFO:root:end processing argos_Cryosat-2_2010
INFO:root:starts closing dask cluster ...
INFO:root:client closed ...
INFO:root: qdel 8574401
INFO:root: qdel 8574402
INFO:root:manually killed jobs ...
INFO:root:... done
INFO:root:- all done
INFO:root:start spinning up dask cluster, jobs=2
INFO:root:dashboard via ssh: ssh -N -L 8787:r1i2n33:8787 mdemol@datarmor1-10g
INFO:root:open browser at address of the type: http://localhost:8787
INFO:root:start processing gps_Jason-3_2020
INFO:root:end processing gps_Jason-3_2020
INFO:root:start processing argos_Jason-3_2020
INFO:root:end processing argos_Jason-3_2020
INFO:root:start processing gps_SARAL_2020
INFO:root:end processing gps_SARAL_2020
INFO:root:start processing argos_SARAL_2020
INFO:root:end processing argos_SARAL_2020
INFO:root:start processing gps_Cryosat-2_2020
INFO:root:end processing gps_Cryosat-2_2020
INFO:root:start processing argos_Cryosat-2_2020
INFO:root:end processing argos_Cryosat-2_2020
INFO:root:start processing gps_Sentinel-3_A_2020
INFO:root:end processing gps_Sentinel-3_A_2020
INFO:root:start processing argos_Sentinel-3_A_2020
INFO:root:end processing argos_Sentinel-3_A_2020
INFO:root:start processing gps_Sentinel-3_B_2020
INFO:root:end processing gps_Sentinel-3_B_2020
INFO:root:start processing argos_Sentinel-3_B_2020
INFO:root:end processing argos_Sentinel-3_B_2020
INFO:root:start processing gps_Jason-3_2019
INFO:root:end processing gps_Jason-3_2019
INFO:root:start processing argos_Jason-3_2019
INFO:root:end processing argos_Jason-3_2019
INFO:root:start processing gps_SARAL_2019
INFO:root:end processing gps_SARAL_2019
INFO:root:start processing argos_SARAL_2019
INFO:root:end processing argos_SARAL_2019
INFO:root:start processing gps_Cryosat-2_2019
INFO:root:end processing gps_Cryosat-2_2019
INFO:root:start processing argos_Cryosat-2_2019
INFO:root:end processing argos_Cryosat-2_2019
INFO:root:start processing argos_Sentinel-3_A_2019
INFO:root:end processing argos_Sentinel-3_A_2019
INFO:root:start processing gps_Sentinel-3_B_2019
INFO:root:end processing gps_Sentinel-3_B_2019
INFO:root:start processing argos_Sentinel-3_B_2019
INFO:root:end processing argos_Sentinel-3_B_2019
INFO:root:start processing gps_Jason-3_2018
INFO:root:end processing gps_Jason-3_2018
INFO:root:start processing argos_Jason-3_2018
INFO:root:end processing argos_Jason-3_2018
INFO:root:start processing gps_SARAL_2018
INFO:root:end processing gps_SARAL_2018
INFO:root:start processing argos_SARAL_2018
INFO:root:end processing argos_SARAL_2018
INFO:root:start processing gps_Cryosat-2_2018
INFO:root:end processing gps_Cryosat-2_2018
INFO:root:start processing argos_Cryosat-2_2018
INFO:root:end processing argos_Cryosat-2_2018
INFO:root:start processing gps_Sentinel-3_A_2018
INFO:root:end processing gps_Sentinel-3_A_2018
INFO:root:start processing argos_Sentinel-3_A_2018
INFO:root:end processing argos_Sentinel-3_A_2018
INFO:root:start processing gps_Sentinel-3_B_2018
INFO:root:end processing gps_Sentinel-3_B_2018
INFO:root:start processing argos_Sentinel-3_B_2018
INFO:root:end processing argos_Sentinel-3_B_2018
INFO:root:start processing gps_Jason-3_2017
INFO:root:end processing gps_Jason-3_2017
INFO:root:start processing argos_Jason-3_2017
INFO:root:end processing argos_Jason-3_2017
INFO:root:start processing gps_Jason-2_2017
INFO:root:end processing gps_Jason-2_2017
INFO:root:start processing argos_Jason-2_2017
INFO:root:end processing argos_Jason-2_2017
INFO:root:start processing gps_SARAL_2017
INFO:root:end processing gps_SARAL_2017
INFO:root:start processing argos_SARAL_2017
INFO:root:end processing argos_SARAL_2017
INFO:root:start processing gps_Cryosat-2_2017
INFO:root:end processing gps_Cryosat-2_2017
INFO:root:start processing argos_Cryosat-2_2017
INFO:root:end processing argos_Cryosat-2_2017
INFO:root:start processing gps_Sentinel-3_A_2017
INFO:root:end processing gps_Sentinel-3_A_2017
INFO:root:start processing argos_Sentinel-3_A_2017
INFO:root:end processing argos_Sentinel-3_A_2017
INFO:root:start processing gps_Jason-3_2016
INFO:root:end processing gps_Jason-3_2016
INFO:root:start processing argos_Jason-3_2016
INFO:root:end processing argos_Jason-3_2016
INFO:root:start processing gps_Jason-2_2016
INFO:root:end processing gps_Jason-2_2016
INFO:root:start processing argos_Jason-2_2016
INFO:root:end processing argos_Jason-2_2016
INFO:root:start processing gps_SARAL_2016
INFO:root:end processing gps_SARAL_2016
INFO:root:start processing argos_SARAL_2016
INFO:root:end processing argos_SARAL_2016
INFO:root:start processing gps_Cryosat-2_2016
INFO:root:end processing gps_Cryosat-2_2016
INFO:root:start processing argos_Cryosat-2_2016
INFO:root:end processing argos_Cryosat-2_2016
INFO:root:start processing gps_Sentinel-3_A_2016
INFO:root:end processing gps_Sentinel-3_A_2016
INFO:root:start processing argos_Sentinel-3_A_2016
INFO:root:end processing argos_Sentinel-3_A_2016
INFO:root:start processing gps_Jason-2_2015
INFO:root:end processing gps_Jason-2_2015
INFO:root:start processing argos_Jason-2_2015
INFO:root:end processing argos_Jason-2_2015
INFO:root:start processing gps_SARAL_2015
INFO:root:end processing gps_SARAL_2015
INFO:root:start processing argos_SARAL_2015
INFO:root:end processing argos_SARAL_2015
INFO:root:start processing gps_Cryosat-2_2015
INFO:root:end processing gps_Cryosat-2_2015
INFO:root:start processing argos_Cryosat-2_2015
INFO:root:end processing argos_Cryosat-2_2015
INFO:root:start processing gps_Jason-2_2014
INFO:root:end processing gps_Jason-2_2014
INFO:root:start processing argos_Jason-2_2014
INFO:root:end processing argos_Jason-2_2014
INFO:root:start processing gps_SARAL_2014
INFO:root:end processing gps_SARAL_2014
INFO:root:start processing argos_SARAL_2014
INFO:root:end processing argos_SARAL_2014
INFO:root:start processing gps_Cryosat-2_2014
INFO:root:end processing gps_Cryosat-2_2014
INFO:root:start processing argos_Cryosat-2_2014
INFO:root:end processing argos_Cryosat-2_2014
INFO:root:start processing gps_Jason-2_2013
INFO:root:end processing gps_Jason-2_2013
INFO:root:start processing argos_Jason-2_2013
INFO:root:end processing argos_Jason-2_2013
INFO:root:start processing gps_SARAL_2013
INFO:root:end processing gps_SARAL_2013
INFO:root:start processing argos_SARAL_2013
INFO:root:end processing argos_SARAL_2013
INFO:root:start processing gps_Cryosat-2_2013
INFO:root:end processing gps_Cryosat-2_2013
INFO:root:start processing argos_Cryosat-2_2013
INFO:root:end processing argos_Cryosat-2_2013
INFO:root:start processing gps_Jason-2_2012
INFO:root:end processing gps_Jason-2_2012
INFO:root:start processing argos_Jason-2_2012
INFO:root:end processing argos_Jason-2_2012
INFO:root:start processing gps_Cryosat-2_2012
INFO:root:end processing gps_Cryosat-2_2012
INFO:root:start processing argos_Cryosat-2_2012
INFO:root:end processing argos_Cryosat-2_2012
INFO:root:start processing gps_Jason-2_2011
INFO:root:end processing gps_Jason-2_2011
INFO:root:start processing argos_Jason-2_2011
INFO:root:end processing argos_Jason-2_2011
INFO:root:start processing gps_Cryosat-2_2011
INFO:root:end processing gps_Cryosat-2_2011
INFO:root:start processing argos_Cryosat-2_2011
INFO:root:end processing argos_Cryosat-2_2011
INFO:root:start processing gps_Jason-2_2010
INFO:root:end processing gps_Jason-2_2010
INFO:root:start processing argos_Jason-2_2010
INFO:root:end processing argos_Jason-2_2010
INFO:root:start processing gps_Cryosat-2_2010
INFO:root:end processing gps_Cryosat-2_2010
INFO:root:start processing argos_Cryosat-2_2010
INFO:root:end processing argos_Cryosat-2_2010
INFO:root:starts closing dask cluster ...
INFO:root:client closed ...
INFO:root: qdel 8574706
INFO:root: qdel 8574707
INFO:root:manually killed jobs ...
INFO:root:... done
INFO:root:- all done
INFO:root:start spinning up dask cluster, jobs=2
INFO:root:dashboard via ssh: ssh -N -L 8787:r1i6n35:8787 mdemol@datarmor1-10g
INFO:root:open browser at address of the type: http://localhost:8787
INFO:root:start processing gps_Jason-3_2020
INFO:root:start spinning up dask cluster, jobs=2
INFO:root:dashboard via ssh: ssh -N -L 8787:r1i0n32:8787 mdemol@datarmor1-10g
INFO:root:open browser at address of the type: http://localhost:8787
INFO:root:start processing gps_Jason-3_2020
INFO:root:start spinning up dask cluster, jobs=2
INFO:root:dashboard via ssh: ssh -N -L 8787:r1i0n32:8787 mdemol@datarmor1-10g
INFO:root:open browser at address of the type: http://localhost:8787
INFO:root:start processing gps_Jason-3_2020
INFO:root:start spinning up dask cluster, jobs=2
INFO:root:dashboard via ssh: ssh -N -L 8787:r1i0n32:8787 mdemol@datarmor1-10g
INFO:root:open browser at address of the type: http://localhost:8787
INFO:root:start processing gps_Jason-3_2020
INFO:root:ms gps_Jason-3_2020 storred
INFO:root:ms drogued gps_Jason-3_2020 storred
INFO:root:ms undrogued gps_Jason-3_2020 storred
INFO:root:end processing gps_Jason-3_2020
INFO:root:start processing argos_Jason-3_2020
INFO:root:ms argos_Jason-3_2020 storred
INFO:root:ms undrogued argos_Jason-3_2020 storred
INFO:root:end processing argos_Jason-3_2020
INFO:root:start processing gps_SARAL_2020
INFO:root:ms gps_SARAL_2020 storred
INFO:root:ms drogued gps_SARAL_2020 storred
INFO:root:ms undrogued gps_SARAL_2020 storred
INFO:root:end processing gps_SARAL_2020
INFO:root:start processing argos_SARAL_2020
INFO:root:ms argos_SARAL_2020 storred
INFO:root:ms undrogued argos_SARAL_2020 storred
INFO:root:end processing argos_SARAL_2020
INFO:root:start processing gps_Cryosat-2_2020
INFO:root:ms gps_Cryosat-2_2020 storred
INFO:root:ms drogued gps_Cryosat-2_2020 storred
INFO:root:ms undrogued gps_Cryosat-2_2020 storred
INFO:root:end processing gps_Cryosat-2_2020
INFO:root:start processing argos_Cryosat-2_2020
INFO:root:ms argos_Cryosat-2_2020 storred
INFO:root:ms undrogued argos_Cryosat-2_2020 storred
INFO:root:end processing argos_Cryosat-2_2020
INFO:root:start processing gps_Sentinel-3_A_2020
INFO:root:ms gps_Sentinel-3_A_2020 storred
INFO:root:ms drogued gps_Sentinel-3_A_2020 storred
INFO:root:ms undrogued gps_Sentinel-3_A_2020 storred
INFO:root:end processing gps_Sentinel-3_A_2020
INFO:root:start processing argos_Sentinel-3_A_2020
INFO:root:ms argos_Sentinel-3_A_2020 storred
INFO:root:ms undrogued argos_Sentinel-3_A_2020 storred
INFO:root:end processing argos_Sentinel-3_A_2020
INFO:root:start processing gps_Sentinel-3_B_2020
INFO:root:ms gps_Sentinel-3_B_2020 storred
INFO:root:ms drogued gps_Sentinel-3_B_2020 storred
INFO:root:ms undrogued gps_Sentinel-3_B_2020 storred
INFO:root:end processing gps_Sentinel-3_B_2020
INFO:root:start processing argos_Sentinel-3_B_2020
INFO:root:ms argos_Sentinel-3_B_2020 storred
INFO:root:ms undrogued argos_Sentinel-3_B_2020 storred
INFO:root:end processing argos_Sentinel-3_B_2020
INFO:root:start processing gps_Jason-3_2019
INFO:root:ms gps_Jason-3_2019 storred
INFO:root:ms drogued gps_Jason-3_2019 storred
INFO:root:ms undrogued gps_Jason-3_2019 storred
INFO:root:end processing gps_Jason-3_2019
INFO:root:start processing argos_Jason-3_2019
INFO:root:ms argos_Jason-3_2019 storred
INFO:root:ms drogued argos_Jason-3_2019 storred
INFO:root:ms undrogued argos_Jason-3_2019 storred
INFO:root:end processing argos_Jason-3_2019
INFO:root:start processing gps_SARAL_2019
INFO:root:ms gps_SARAL_2019 storred
INFO:root:ms drogued gps_SARAL_2019 storred
INFO:root:ms undrogued gps_SARAL_2019 storred
INFO:root:end processing gps_SARAL_2019
INFO:root:start processing argos_SARAL_2019
INFO:root:ms argos_SARAL_2019 storred
INFO:root:ms drogued argos_SARAL_2019 storred
INFO:root:ms undrogued argos_SARAL_2019 storred
INFO:root:end processing argos_SARAL_2019
INFO:root:start processing gps_Cryosat-2_2019
INFO:root:ms gps_Cryosat-2_2019 storred
INFO:root:ms drogued gps_Cryosat-2_2019 storred
INFO:root:ms undrogued gps_Cryosat-2_2019 storred
INFO:root:end processing gps_Cryosat-2_2019
INFO:root:start processing argos_Cryosat-2_2019
INFO:root:ms argos_Cryosat-2_2019 storred
INFO:root:ms drogued argos_Cryosat-2_2019 storred
INFO:root:ms undrogued argos_Cryosat-2_2019 storred
INFO:root:end processing argos_Cryosat-2_2019
INFO:root:start processing argos_Sentinel-3_A_2019
INFO:root:ms argos_Sentinel-3_A_2019 storred
INFO:root:ms drogued argos_Sentinel-3_A_2019 storred
INFO:root:ms undrogued argos_Sentinel-3_A_2019 storred
INFO:root:end processing argos_Sentinel-3_A_2019
INFO:root:start processing gps_Sentinel-3_B_2019
INFO:root:ms gps_Sentinel-3_B_2019 storred
INFO:root:ms drogued gps_Sentinel-3_B_2019 storred
INFO:root:ms undrogued gps_Sentinel-3_B_2019 storred
INFO:root:end processing gps_Sentinel-3_B_2019
INFO:root:start processing argos_Sentinel-3_B_2019
INFO:root:ms argos_Sentinel-3_B_2019 storred
INFO:root:ms drogued argos_Sentinel-3_B_2019 storred
INFO:root:ms undrogued argos_Sentinel-3_B_2019 storred
INFO:root:end processing argos_Sentinel-3_B_2019
INFO:root:start processing gps_Jason-3_2018
INFO:root:ms gps_Jason-3_2018 storred
INFO:root:ms drogued gps_Jason-3_2018 storred
INFO:root:ms undrogued gps_Jason-3_2018 storred
INFO:root:end processing gps_Jason-3_2018
INFO:root:start processing argos_Jason-3_2018
INFO:root:ms argos_Jason-3_2018 storred
INFO:root:ms drogued argos_Jason-3_2018 storred
INFO:root:ms undrogued argos_Jason-3_2018 storred
INFO:root:end processing argos_Jason-3_2018
INFO:root:start processing gps_SARAL_2018
INFO:root:ms gps_SARAL_2018 storred
INFO:root:ms drogued gps_SARAL_2018 storred
INFO:root:ms undrogued gps_SARAL_2018 storred
INFO:root:end processing gps_SARAL_2018
INFO:root:start processing argos_SARAL_2018
INFO:root:ms argos_SARAL_2018 storred
INFO:root:ms drogued argos_SARAL_2018 storred
INFO:root:ms undrogued argos_SARAL_2018 storred
INFO:root:end processing argos_SARAL_2018
INFO:root:start processing gps_Cryosat-2_2018
INFO:root:ms gps_Cryosat-2_2018 storred
INFO:root:ms drogued gps_Cryosat-2_2018 storred
INFO:root:ms undrogued gps_Cryosat-2_2018 storred
INFO:root:end processing gps_Cryosat-2_2018
INFO:root:start processing argos_Cryosat-2_2018
INFO:root:ms argos_Cryosat-2_2018 storred
INFO:root:ms drogued argos_Cryosat-2_2018 storred
INFO:root:ms undrogued argos_Cryosat-2_2018 storred
INFO:root:end processing argos_Cryosat-2_2018
INFO:root:start processing gps_Sentinel-3_A_2018
INFO:root:ms gps_Sentinel-3_A_2018 storred
INFO:root:ms drogued gps_Sentinel-3_A_2018 storred
INFO:root:ms undrogued gps_Sentinel-3_A_2018 storred
INFO:root:end processing gps_Sentinel-3_A_2018
INFO:root:start processing argos_Sentinel-3_A_2018
INFO:root:ms argos_Sentinel-3_A_2018 storred
INFO:root:ms drogued argos_Sentinel-3_A_2018 storred
INFO:root:ms undrogued argos_Sentinel-3_A_2018 storred
INFO:root:end processing argos_Sentinel-3_A_2018
INFO:root:start processing gps_Sentinel-3_B_2018
INFO:root:ms gps_Sentinel-3_B_2018 storred
INFO:root:ms drogued gps_Sentinel-3_B_2018 storred
INFO:root:ms undrogued gps_Sentinel-3_B_2018 storred
INFO:root:end processing gps_Sentinel-3_B_2018
INFO:root:start processing argos_Sentinel-3_B_2018
INFO:root:ms argos_Sentinel-3_B_2018 storred
INFO:root:ms drogued argos_Sentinel-3_B_2018 storred
INFO:root:ms undrogued argos_Sentinel-3_B_2018 storred
INFO:root:end processing argos_Sentinel-3_B_2018
INFO:root:start processing gps_Jason-3_2017
INFO:root:ms gps_Jason-3_2017 storred
INFO:root:ms drogued gps_Jason-3_2017 storred
INFO:root:ms undrogued gps_Jason-3_2017 storred
INFO:root:end processing gps_Jason-3_2017
INFO:root:start processing argos_Jason-3_2017
INFO:root:ms argos_Jason-3_2017 storred
INFO:root:ms drogued argos_Jason-3_2017 storred
INFO:root:ms undrogued argos_Jason-3_2017 storred
INFO:root:end processing argos_Jason-3_2017
INFO:root:start processing gps_Jason-2_2017
INFO:root:ms gps_Jason-2_2017 storred
INFO:root:ms drogued gps_Jason-2_2017 storred
INFO:root:ms undrogued gps_Jason-2_2017 storred
INFO:root:end processing gps_Jason-2_2017
INFO:root:start processing argos_Jason-2_2017
INFO:root:ms argos_Jason-2_2017 storred
INFO:root:ms drogued argos_Jason-2_2017 storred
INFO:root:ms undrogued argos_Jason-2_2017 storred
INFO:root:end processing argos_Jason-2_2017
INFO:root:start processing gps_SARAL_2017
INFO:root:ms gps_SARAL_2017 storred
INFO:root:ms drogued gps_SARAL_2017 storred
INFO:root:ms undrogued gps_SARAL_2017 storred
INFO:root:end processing gps_SARAL_2017
INFO:root:start processing argos_SARAL_2017
INFO:root:ms argos_SARAL_2017 storred
INFO:root:ms drogued argos_SARAL_2017 storred
INFO:root:ms undrogued argos_SARAL_2017 storred
INFO:root:end processing argos_SARAL_2017
INFO:root:start processing gps_Cryosat-2_2017
INFO:root:ms gps_Cryosat-2_2017 storred
INFO:root:ms drogued gps_Cryosat-2_2017 storred
INFO:root:ms undrogued gps_Cryosat-2_2017 storred
INFO:root:end processing gps_Cryosat-2_2017
INFO:root:start processing argos_Cryosat-2_2017
INFO:root:ms argos_Cryosat-2_2017 storred
INFO:root:ms drogued argos_Cryosat-2_2017 storred
INFO:root:ms undrogued argos_Cryosat-2_2017 storred
INFO:root:end processing argos_Cryosat-2_2017
INFO:root:start processing gps_Sentinel-3_A_2017
INFO:root:ms gps_Sentinel-3_A_2017 storred
INFO:root:ms drogued gps_Sentinel-3_A_2017 storred
INFO:root:ms undrogued gps_Sentinel-3_A_2017 storred
INFO:root:end processing gps_Sentinel-3_A_2017
INFO:root:start processing argos_Sentinel-3_A_2017
INFO:root:ms argos_Sentinel-3_A_2017 storred
INFO:root:ms drogued argos_Sentinel-3_A_2017 storred
INFO:root:ms undrogued argos_Sentinel-3_A_2017 storred
INFO:root:end processing argos_Sentinel-3_A_2017
INFO:root:start processing gps_Jason-3_2016
INFO:root:ms gps_Jason-3_2016 storred
INFO:root:ms drogued gps_Jason-3_2016 storred
INFO:root:ms undrogued gps_Jason-3_2016 storred
INFO:root:end processing gps_Jason-3_2016
INFO:root:start processing argos_Jason-3_2016
INFO:root:ms argos_Jason-3_2016 storred
INFO:root:ms drogued argos_Jason-3_2016 storred
INFO:root:ms undrogued argos_Jason-3_2016 storred
INFO:root:end processing argos_Jason-3_2016
INFO:root:start processing gps_Jason-2_2016
INFO:root:ms gps_Jason-2_2016 storred
INFO:root:ms drogued gps_Jason-2_2016 storred
INFO:root:ms undrogued gps_Jason-2_2016 storred
INFO:root:end processing gps_Jason-2_2016
INFO:root:start processing argos_Jason-2_2016
INFO:root:ms argos_Jason-2_2016 storred
INFO:root:ms drogued argos_Jason-2_2016 storred
INFO:root:ms undrogued argos_Jason-2_2016 storred
INFO:root:end processing argos_Jason-2_2016
INFO:root:start processing gps_SARAL_2016
INFO:root:ms gps_SARAL_2016 storred
INFO:root:ms drogued gps_SARAL_2016 storred
INFO:root:ms undrogued gps_SARAL_2016 storred
INFO:root:end processing gps_SARAL_2016
INFO:root:start processing argos_SARAL_2016
INFO:root:ms argos_SARAL_2016 storred
INFO:root:ms drogued argos_SARAL_2016 storred
INFO:root:ms undrogued argos_SARAL_2016 storred
INFO:root:end processing argos_SARAL_2016
INFO:root:start processing gps_Cryosat-2_2016
INFO:root:ms gps_Cryosat-2_2016 storred
INFO:root:ms drogued gps_Cryosat-2_2016 storred
INFO:root:ms undrogued gps_Cryosat-2_2016 storred
INFO:root:end processing gps_Cryosat-2_2016
INFO:root:start processing argos_Cryosat-2_2016
INFO:root:ms argos_Cryosat-2_2016 storred
INFO:root:ms drogued argos_Cryosat-2_2016 storred
INFO:root:ms undrogued argos_Cryosat-2_2016 storred
INFO:root:end processing argos_Cryosat-2_2016
INFO:root:start processing gps_Sentinel-3_A_2016
INFO:root:ms gps_Sentinel-3_A_2016 storred
INFO:root:ms drogued gps_Sentinel-3_A_2016 storred
INFO:root:ms undrogued gps_Sentinel-3_A_2016 storred
INFO:root:end processing gps_Sentinel-3_A_2016
INFO:root:start processing argos_Sentinel-3_A_2016
INFO:root:ms argos_Sentinel-3_A_2016 storred
INFO:root:ms drogued argos_Sentinel-3_A_2016 storred
INFO:root:ms undrogued argos_Sentinel-3_A_2016 storred
INFO:root:end processing argos_Sentinel-3_A_2016
INFO:root:start processing gps_Jason-2_2015
INFO:root:ms gps_Jason-2_2015 storred
INFO:root:ms drogued gps_Jason-2_2015 storred
INFO:root:ms undrogued gps_Jason-2_2015 storred
INFO:root:end processing gps_Jason-2_2015
INFO:root:start processing argos_Jason-2_2015
INFO:root:ms argos_Jason-2_2015 storred
INFO:root:ms drogued argos_Jason-2_2015 storred
INFO:root:ms undrogued argos_Jason-2_2015 storred
INFO:root:end processing argos_Jason-2_2015
INFO:root:start processing gps_SARAL_2015
INFO:root:ms gps_SARAL_2015 storred
INFO:root:ms drogued gps_SARAL_2015 storred
INFO:root:ms undrogued gps_SARAL_2015 storred
INFO:root:end processing gps_SARAL_2015
INFO:root:start processing argos_SARAL_2015
INFO:root:ms argos_SARAL_2015 storred
INFO:root:ms drogued argos_SARAL_2015 storred
INFO:root:ms undrogued argos_SARAL_2015 storred
INFO:root:end processing argos_SARAL_2015
INFO:root:start processing gps_Cryosat-2_2015
INFO:root:ms gps_Cryosat-2_2015 storred
INFO:root:ms drogued gps_Cryosat-2_2015 storred
INFO:root:ms undrogued gps_Cryosat-2_2015 storred
INFO:root:end processing gps_Cryosat-2_2015
INFO:root:start processing argos_Cryosat-2_2015
INFO:root:ms argos_Cryosat-2_2015 storred
INFO:root:ms drogued argos_Cryosat-2_2015 storred
INFO:root:ms undrogued argos_Cryosat-2_2015 storred
INFO:root:end processing argos_Cryosat-2_2015
INFO:root:start processing gps_Jason-2_2014
INFO:root:ms gps_Jason-2_2014 storred
INFO:root:ms drogued gps_Jason-2_2014 storred
INFO:root:ms undrogued gps_Jason-2_2014 storred
INFO:root:end processing gps_Jason-2_2014
INFO:root:start processing argos_Jason-2_2014
INFO:root:ms argos_Jason-2_2014 storred
INFO:root:ms drogued argos_Jason-2_2014 storred
INFO:root:ms undrogued argos_Jason-2_2014 storred
INFO:root:end processing argos_Jason-2_2014
INFO:root:start processing gps_SARAL_2014
INFO:root:ms gps_SARAL_2014 storred
INFO:root:ms drogued gps_SARAL_2014 storred
INFO:root:ms undrogued gps_SARAL_2014 storred
INFO:root:end processing gps_SARAL_2014
INFO:root:start processing argos_SARAL_2014
INFO:root:ms argos_SARAL_2014 storred
INFO:root:ms drogued argos_SARAL_2014 storred
INFO:root:ms undrogued argos_SARAL_2014 storred
INFO:root:end processing argos_SARAL_2014
INFO:root:start processing gps_Cryosat-2_2014
INFO:root:ms gps_Cryosat-2_2014 storred
INFO:root:ms drogued gps_Cryosat-2_2014 storred
INFO:root:ms undrogued gps_Cryosat-2_2014 storred
INFO:root:end processing gps_Cryosat-2_2014
INFO:root:start processing argos_Cryosat-2_2014
INFO:root:ms argos_Cryosat-2_2014 storred
INFO:root:ms drogued argos_Cryosat-2_2014 storred
INFO:root:ms undrogued argos_Cryosat-2_2014 storred
INFO:root:end processing argos_Cryosat-2_2014
INFO:root:start processing gps_Jason-2_2013
INFO:root:ms gps_Jason-2_2013 storred
INFO:root:ms drogued gps_Jason-2_2013 storred
INFO:root:ms undrogued gps_Jason-2_2013 storred
INFO:root:end processing gps_Jason-2_2013
INFO:root:start processing argos_Jason-2_2013
INFO:root:ms argos_Jason-2_2013 storred
INFO:root:ms drogued argos_Jason-2_2013 storred
INFO:root:ms undrogued argos_Jason-2_2013 storred
INFO:root:end processing argos_Jason-2_2013
INFO:root:start processing gps_SARAL_2013
INFO:root:ms gps_SARAL_2013 storred
INFO:root:ms drogued gps_SARAL_2013 storred
INFO:root:ms undrogued gps_SARAL_2013 storred
INFO:root:end processing gps_SARAL_2013
INFO:root:start processing argos_SARAL_2013
INFO:root:ms argos_SARAL_2013 storred
INFO:root:ms drogued argos_SARAL_2013 storred
INFO:root:ms undrogued argos_SARAL_2013 storred
INFO:root:end processing argos_SARAL_2013
INFO:root:start processing gps_Cryosat-2_2013
INFO:root:ms gps_Cryosat-2_2013 storred
INFO:root:ms drogued gps_Cryosat-2_2013 storred
INFO:root:ms undrogued gps_Cryosat-2_2013 storred
INFO:root:end processing gps_Cryosat-2_2013
INFO:root:start processing argos_Cryosat-2_2013
INFO:root:ms argos_Cryosat-2_2013 storred
INFO:root:ms drogued argos_Cryosat-2_2013 storred
INFO:root:ms undrogued argos_Cryosat-2_2013 storred
INFO:root:end processing argos_Cryosat-2_2013
INFO:root:start processing gps_Jason-2_2012
INFO:root:ms gps_Jason-2_2012 storred
INFO:root:ms drogued gps_Jason-2_2012 storred
INFO:root:ms undrogued gps_Jason-2_2012 storred
INFO:root:end processing gps_Jason-2_2012
INFO:root:start processing argos_Jason-2_2012
INFO:root:ms argos_Jason-2_2012 storred
INFO:root:ms drogued argos_Jason-2_2012 storred
INFO:root:ms undrogued argos_Jason-2_2012 storred
INFO:root:end processing argos_Jason-2_2012
INFO:root:start processing gps_Cryosat-2_2012
INFO:root:ms gps_Cryosat-2_2012 storred
INFO:root:ms drogued gps_Cryosat-2_2012 storred
INFO:root:ms undrogued gps_Cryosat-2_2012 storred
INFO:root:end processing gps_Cryosat-2_2012
INFO:root:start processing argos_Cryosat-2_2012
INFO:root:ms argos_Cryosat-2_2012 storred
INFO:root:ms drogued argos_Cryosat-2_2012 storred
INFO:root:ms undrogued argos_Cryosat-2_2012 storred
INFO:root:end processing argos_Cryosat-2_2012
INFO:root:start processing gps_Jason-2_2011
INFO:root:ms gps_Jason-2_2011 storred
INFO:root:ms drogued gps_Jason-2_2011 storred
INFO:root:ms undrogued gps_Jason-2_2011 storred
INFO:root:end processing gps_Jason-2_2011
INFO:root:start processing argos_Jason-2_2011
INFO:root:ms argos_Jason-2_2011 storred
INFO:root:ms drogued argos_Jason-2_2011 storred
INFO:root:ms undrogued argos_Jason-2_2011 storred
INFO:root:end processing argos_Jason-2_2011
INFO:root:start processing gps_Cryosat-2_2011
INFO:root:ms gps_Cryosat-2_2011 storred
INFO:root:ms drogued gps_Cryosat-2_2011 storred
INFO:root:ms undrogued gps_Cryosat-2_2011 storred
INFO:root:end processing gps_Cryosat-2_2011
INFO:root:start processing argos_Cryosat-2_2011
INFO:root:ms argos_Cryosat-2_2011 storred
INFO:root:ms drogued argos_Cryosat-2_2011 storred
INFO:root:ms undrogued argos_Cryosat-2_2011 storred
INFO:root:end processing argos_Cryosat-2_2011
INFO:root:start processing gps_Jason-2_2010
INFO:root:ms gps_Jason-2_2010 storred
INFO:root:ms drogued gps_Jason-2_2010 storred
INFO:root:ms undrogued gps_Jason-2_2010 storred
INFO:root:end processing gps_Jason-2_2010
INFO:root:start processing argos_Jason-2_2010
INFO:root:ms argos_Jason-2_2010 storred
INFO:root:ms drogued argos_Jason-2_2010 storred
INFO:root:ms undrogued argos_Jason-2_2010 storred
INFO:root:end processing argos_Jason-2_2010
INFO:root:start processing gps_Cryosat-2_2010
INFO:root:ms gps_Cryosat-2_2010 storred
INFO:root:ms drogued gps_Cryosat-2_2010 storred
INFO:root:end processing gps_Cryosat-2_2010
INFO:root:start processing argos_Cryosat-2_2010
INFO:root:ms argos_Cryosat-2_2010 storred
INFO:root:ms drogued argos_Cryosat-2_2010 storred
INFO:root:ms undrogued argos_Cryosat-2_2010 storred
INFO:root:end processing argos_Cryosat-2_2010
INFO:root:starts closing dask cluster ...
INFO:root:client closed ...
INFO:root: qdel 8575179
INFO:root: qdel 8575180
INFO:root:manually killed jobs ...
INFO:root:... done
INFO:root:- all done
INFO:root:start spinning up dask cluster, jobs=2
INFO:root:dashboard via ssh: ssh -N -L 8787:r1i1n29:8787 mdemol@datarmor1-10g
INFO:root:open browser at address of the type: http://localhost:8787
INFO:root:start processing gps_Jason-3_2020
INFO:root:end processing gps_Jason-3_2020
INFO:root:start processing argos_Jason-3_2020
INFO:root:end processing argos_Jason-3_2020
INFO:root:start processing gps_SARAL_2020
INFO:root:end processing gps_SARAL_2020
INFO:root:start processing argos_SARAL_2020
INFO:root:end processing argos_SARAL_2020
INFO:root:start processing gps_Cryosat-2_2020
INFO:root:end processing gps_Cryosat-2_2020
INFO:root:start processing argos_Cryosat-2_2020
INFO:root:end processing argos_Cryosat-2_2020
INFO:root:start processing gps_Sentinel-3_A_2020
INFO:root:end processing gps_Sentinel-3_A_2020
INFO:root:start processing argos_Sentinel-3_A_2020
INFO:root:end processing argos_Sentinel-3_A_2020
INFO:root:start processing gps_Sentinel-3_B_2020
INFO:root:end processing gps_Sentinel-3_B_2020
INFO:root:start processing argos_Sentinel-3_B_2020
INFO:root:end processing argos_Sentinel-3_B_2020
INFO:root:start processing gps_Jason-3_2019
INFO:root:end processing gps_Jason-3_2019
INFO:root:start processing argos_Jason-3_2019
INFO:root:end processing argos_Jason-3_2019
INFO:root:start processing gps_SARAL_2019
INFO:root:end processing gps_SARAL_2019
INFO:root:start processing argos_SARAL_2019
INFO:root:end processing argos_SARAL_2019
INFO:root:start processing gps_Cryosat-2_2019
INFO:root:end processing gps_Cryosat-2_2019
INFO:root:start processing argos_Cryosat-2_2019
INFO:root:end processing argos_Cryosat-2_2019
INFO:root:start processing argos_Sentinel-3_A_2019
INFO:root:end processing argos_Sentinel-3_A_2019
INFO:root:start processing gps_Sentinel-3_B_2019
INFO:root:end processing gps_Sentinel-3_B_2019
INFO:root:start processing argos_Sentinel-3_B_2019
INFO:root:end processing argos_Sentinel-3_B_2019
INFO:root:start processing gps_Jason-3_2018
INFO:root:end processing gps_Jason-3_2018
INFO:root:start processing argos_Jason-3_2018
INFO:root:end processing argos_Jason-3_2018
INFO:root:start processing gps_SARAL_2018
INFO:root:end processing gps_SARAL_2018
INFO:root:start processing argos_SARAL_2018
INFO:root:end processing argos_SARAL_2018
INFO:root:start processing gps_Cryosat-2_2018
INFO:root:end processing gps_Cryosat-2_2018
INFO:root:start processing argos_Cryosat-2_2018
INFO:root:end processing argos_Cryosat-2_2018
INFO:root:start processing gps_Sentinel-3_A_2018
INFO:root:end processing gps_Sentinel-3_A_2018
INFO:root:start processing argos_Sentinel-3_A_2018
INFO:root:end processing argos_Sentinel-3_A_2018
INFO:root:start processing gps_Sentinel-3_B_2018
INFO:root:end processing gps_Sentinel-3_B_2018
INFO:root:start processing argos_Sentinel-3_B_2018
INFO:root:end processing argos_Sentinel-3_B_2018
INFO:root:start processing gps_Jason-3_2017
INFO:root:end processing gps_Jason-3_2017
INFO:root:start processing argos_Jason-3_2017
INFO:root:end processing argos_Jason-3_2017
INFO:root:start processing gps_Jason-2_2017
INFO:root:end processing gps_Jason-2_2017
INFO:root:start processing argos_Jason-2_2017
INFO:root:end processing argos_Jason-2_2017
INFO:root:start processing gps_SARAL_2017
INFO:root:end processing gps_SARAL_2017
INFO:root:start processing argos_SARAL_2017
INFO:root:end processing argos_SARAL_2017
INFO:root:start processing gps_Cryosat-2_2017
INFO:root:end processing gps_Cryosat-2_2017
INFO:root:start processing argos_Cryosat-2_2017
INFO:root:end processing argos_Cryosat-2_2017
INFO:root:start processing gps_Sentinel-3_A_2017
INFO:root:end processing gps_Sentinel-3_A_2017
INFO:root:start processing argos_Sentinel-3_A_2017
INFO:root:end processing argos_Sentinel-3_A_2017
INFO:root:start processing gps_Jason-3_2016
INFO:root:end processing gps_Jason-3_2016
INFO:root:start processing argos_Jason-3_2016
INFO:root:end processing argos_Jason-3_2016
INFO:root:start processing gps_Jason-2_2016
INFO:root:end processing gps_Jason-2_2016
INFO:root:start processing argos_Jason-2_2016
INFO:root:end processing argos_Jason-2_2016
INFO:root:start processing gps_SARAL_2016
INFO:root:end processing gps_SARAL_2016
INFO:root:start processing argos_SARAL_2016
INFO:root:end processing argos_SARAL_2016
INFO:root:start processing gps_Cryosat-2_2016
INFO:root:end processing gps_Cryosat-2_2016
INFO:root:start processing argos_Cryosat-2_2016
INFO:root:end processing argos_Cryosat-2_2016
INFO:root:start processing gps_Sentinel-3_A_2016
INFO:root:end processing gps_Sentinel-3_A_2016
INFO:root:start processing argos_Sentinel-3_A_2016
INFO:root:end processing argos_Sentinel-3_A_2016
INFO:root:start processing gps_Jason-2_2015
INFO:root:end processing gps_Jason-2_2015
INFO:root:start processing argos_Jason-2_2015
INFO:root:end processing argos_Jason-2_2015
INFO:root:start processing gps_SARAL_2015
INFO:root:end processing gps_SARAL_2015
INFO:root:start processing argos_SARAL_2015
INFO:root:end processing argos_SARAL_2015
INFO:root:start processing gps_Cryosat-2_2015
INFO:root:end processing gps_Cryosat-2_2015
INFO:root:start processing argos_Cryosat-2_2015
INFO:root:end processing argos_Cryosat-2_2015
INFO:root:start processing gps_Jason-2_2014
INFO:root:end processing gps_Jason-2_2014
INFO:root:start processing argos_Jason-2_2014
INFO:root:end processing argos_Jason-2_2014
INFO:root:start processing gps_SARAL_2014
INFO:root:end processing gps_SARAL_2014
INFO:root:start processing argos_SARAL_2014
INFO:root:end processing argos_SARAL_2014
INFO:root:start processing gps_Cryosat-2_2014
INFO:root:end processing gps_Cryosat-2_2014
INFO:root:start processing argos_Cryosat-2_2014
INFO:root:end processing argos_Cryosat-2_2014
INFO:root:start processing gps_Jason-2_2013
INFO:root:end processing gps_Jason-2_2013
INFO:root:start processing argos_Jason-2_2013
INFO:root:start spinning up dask cluster, jobs=2
INFO:root:dashboard via ssh: ssh -N -L 8787:r1i5n35:8787 mdemol@datarmor1-10g
INFO:root:open browser at address of the type: http://localhost:8787
INFO:root:start processing gps_Jason-3_2020
INFO:root:end processing gps_Jason-3_2020
INFO:root:start processing argos_Jason-3_2020
INFO:root:end processing argos_Jason-3_2020
INFO:root:start processing gps_SARAL_2020
INFO:root:end processing gps_SARAL_2020
INFO:root:start processing argos_SARAL_2020
INFO:root:end processing argos_SARAL_2020
INFO:root:start processing gps_Cryosat-2_2020
INFO:root:end processing gps_Cryosat-2_2020
INFO:root:start processing argos_Cryosat-2_2020
INFO:root:end processing argos_Cryosat-2_2020
INFO:root:start processing gps_Sentinel-3_A_2020
INFO:root:end processing gps_Sentinel-3_A_2020
INFO:root:start processing argos_Sentinel-3_A_2020
INFO:root:end processing argos_Sentinel-3_A_2020
INFO:root:start processing gps_Sentinel-3_B_2020
INFO:root:end processing gps_Sentinel-3_B_2020
INFO:root:start processing argos_Sentinel-3_B_2020
INFO:root:end processing argos_Sentinel-3_B_2020
INFO:root:start processing gps_Jason-3_2019
INFO:root:end processing gps_Jason-3_2019
INFO:root:start processing argos_Jason-3_2019
INFO:root:end processing argos_Jason-3_2019
INFO:root:start processing gps_SARAL_2019
INFO:root:end processing gps_SARAL_2019
INFO:root:start processing argos_SARAL_2019
INFO:root:end processing argos_SARAL_2019
INFO:root:start processing gps_Cryosat-2_2019
INFO:root:end processing gps_Cryosat-2_2019
INFO:root:start processing argos_Cryosat-2_2019
INFO:root:end processing argos_Cryosat-2_2019
INFO:root:start processing argos_Sentinel-3_A_2019
INFO:root:end processing argos_Sentinel-3_A_2019
INFO:root:start processing gps_Sentinel-3_B_2019
INFO:root:end processing gps_Sentinel-3_B_2019
INFO:root:start processing argos_Sentinel-3_B_2019
INFO:root:end processing argos_Sentinel-3_B_2019
INFO:root:start processing gps_Jason-3_2018
INFO:root:end processing gps_Jason-3_2018
INFO:root:start processing argos_Jason-3_2018
INFO:root:start spinning up dask cluster, jobs=2
INFO:root:dashboard via ssh: ssh -N -L 8787:r1i5n35:8787 mdemol@datarmor1-10g
INFO:root:open browser at address of the type: http://localhost:8787
INFO:root:start processing gps_Jason-3_2020
INFO:root:end processing gps_Jason-3_2020
INFO:root:start processing argos_Jason-3_2020
INFO:root:end processing argos_Jason-3_2020
INFO:root:start processing gps_SARAL_2020
INFO:root:end processing gps_SARAL_2020
INFO:root:start processing argos_SARAL_2020
INFO:root:end processing argos_SARAL_2020
INFO:root:start processing gps_Cryosat-2_2020
INFO:root:end processing gps_Cryosat-2_2020
INFO:root:start processing argos_Cryosat-2_2020
INFO:root:end processing argos_Cryosat-2_2020
INFO:root:start processing gps_Sentinel-3_A_2020
INFO:root:end processing gps_Sentinel-3_A_2020
INFO:root:start processing argos_Sentinel-3_A_2020
INFO:root:end processing argos_Sentinel-3_A_2020
INFO:root:start processing gps_Sentinel-3_B_2020
INFO:root:end processing gps_Sentinel-3_B_2020
INFO:root:start processing argos_Sentinel-3_B_2020
INFO:root:end processing argos_Sentinel-3_B_2020
INFO:root:start processing gps_Jason-3_2019
INFO:root:start spinning up dask cluster, jobs=2
INFO:root:dashboard via ssh: ssh -N -L 8787:r1i5n35:8787 mdemol@datarmor1-10g
INFO:root:open browser at address of the type: http://localhost:8787
INFO:root:start processing gps_Jason-3_2020
INFO:root:end processing gps_Jason-3_2020
INFO:root:start processing argos_Jason-3_2020
INFO:root:end processing argos_Jason-3_2020
INFO:root:start processing gps_SARAL_2020
INFO:root:end processing gps_SARAL_2020
INFO:root:start processing argos_SARAL_2020
INFO:root:end processing argos_SARAL_2020
INFO:root:start processing gps_Cryosat-2_2020
INFO:root:end processing gps_Cryosat-2_2020
INFO:root:start processing argos_Cryosat-2_2020
INFO:root:end processing argos_Cryosat-2_2020
INFO:root:start processing gps_Sentinel-3_A_2020
INFO:root:end processing gps_Sentinel-3_A_2020
INFO:root:start processing argos_Sentinel-3_A_2020
INFO:root:end processing argos_Sentinel-3_A_2020
INFO:root:start processing gps_Sentinel-3_B_2020
INFO:root:end processing gps_Sentinel-3_B_2020
INFO:root:start processing argos_Sentinel-3_B_2020
INFO:root:end processing argos_Sentinel-3_B_2020
INFO:root:start processing gps_Jason-3_2019
INFO:root:start spinning up dask cluster, jobs=2
INFO:root:dashboard via ssh: ssh -N -L 8787:r1i6n22:8787 mdemol@datarmor1-10g
INFO:root:open browser at address of the type: http://localhost:8787
INFO:root:start processing gps_Jason-3_2020
INFO:root:end processing gps_Jason-3_2020
INFO:root:start processing argos_Jason-3_2020
INFO:root:end processing argos_Jason-3_2020
INFO:root:start processing gps_SARAL_2020
INFO:root:end processing gps_SARAL_2020
INFO:root:start processing argos_SARAL_2020
INFO:root:end processing argos_SARAL_2020
INFO:root:start processing gps_Cryosat-2_2020
INFO:root:end processing gps_Cryosat-2_2020
INFO:root:start processing argos_Cryosat-2_2020
INFO:root:end processing argos_Cryosat-2_2020
INFO:root:start processing gps_Sentinel-3_A_2020
INFO:root:end processing gps_Sentinel-3_A_2020
INFO:root:start processing argos_Sentinel-3_A_2020
INFO:root:end processing argos_Sentinel-3_A_2020
INFO:root:start processing gps_Sentinel-3_B_2020
INFO:root:start spinning up dask cluster, jobs=2
INFO:root:dashboard via ssh: ssh -N -L 8787:r1i5n35:8787 mdemol@datarmor1-10g
INFO:root:open browser at address of the type: http://localhost:8787
INFO:root:start processing gps_Jason-3_2020
INFO:root:end processing gps_Jason-3_2020
INFO:root:start processing argos_Jason-3_2020
INFO:root:end processing argos_Jason-3_2020
INFO:root:start processing gps_SARAL_2020
INFO:root:end processing gps_SARAL_2020
INFO:root:start processing argos_SARAL_2020
INFO:root:end processing argos_SARAL_2020
INFO:root:start processing gps_Cryosat-2_2020
INFO:root:end processing gps_Cryosat-2_2020
INFO:root:start processing argos_Cryosat-2_2020
INFO:root:end processing argos_Cryosat-2_2020
INFO:root:start processing gps_Sentinel-3_A_2020
INFO:root:end processing gps_Sentinel-3_A_2020
INFO:root:start processing argos_Sentinel-3_A_2020
INFO:root:end processing argos_Sentinel-3_A_2020
INFO:root:start processing gps_Sentinel-3_B_2020
INFO:root:end processing gps_Sentinel-3_B_2020
INFO:root:start processing argos_Sentinel-3_B_2020
INFO:root:end processing argos_Sentinel-3_B_2020
INFO:root:start processing gps_Jason-3_2019
INFO:root:start spinning up dask cluster, jobs=2
INFO:root:dashboard via ssh: ssh -N -L 8787:r1i6n22:8787 mdemol@datarmor1-10g
INFO:root:open browser at address of the type: http://localhost:8787
INFO:root:start processing gps_Jason-3_2020
INFO:root:ms gps_Jason-3_2020 storred
INFO:root:ms drogued gps_Jason-3_2020 storred
INFO:root:ms undrogued gps_Jason-3_2020 storred
INFO:root:start spinning up dask cluster, jobs=2
INFO:root:dashboard via ssh: ssh -N -L 8787:r2i0n32:8787 mdemol@datarmor1-10g
INFO:root:open browser at address of the type: http://localhost:8787
INFO:root:start processing gps_Jason-3_2020
INFO:root:ms gps_Jason-3_2020 storred
INFO:root:ms drogued gps_Jason-3_2020 storred
INFO:root:ms undrogued gps_Jason-3_2020 storred
INFO:root:mean gps_Jason-3_2020 storred
INFO:root:mean gps_Jason-3_2020 drogued storred
INFO:root:mean gps_Jason-3_2020 undrogued storred
INFO:root:end processing gps_Jason-3_2020
INFO:root:start processing argos_Jason-3_2020
INFO:root:ms argos_Jason-3_2020 storred
INFO:root:ms undrogued argos_Jason-3_2020 storred
INFO:root:mean argos_Jason-3_2020 storred
INFO:root:mean argos_Jason-3_2020 undrogued storred
INFO:root:end processing argos_Jason-3_2020
INFO:root:start processing gps_SARAL_2020
INFO:root:ms gps_SARAL_2020 storred
INFO:root:ms drogued gps_SARAL_2020 storred
INFO:root:ms undrogued gps_SARAL_2020 storred
INFO:root:mean gps_SARAL_2020 storred
INFO:root:mean gps_SARAL_2020 drogued storred
INFO:root:mean gps_SARAL_2020 undrogued storred
INFO:root:end processing gps_SARAL_2020
INFO:root:start processing argos_SARAL_2020
INFO:root:ms argos_SARAL_2020 storred
INFO:root:ms undrogued argos_SARAL_2020 storred
INFO:root:mean argos_SARAL_2020 storred
INFO:root:mean argos_SARAL_2020 undrogued storred
INFO:root:end processing argos_SARAL_2020
INFO:root:start processing gps_Cryosat-2_2020
INFO:root:ms gps_Cryosat-2_2020 storred
INFO:root:ms drogued gps_Cryosat-2_2020 storred
INFO:root:ms undrogued gps_Cryosat-2_2020 storred
INFO:root:mean gps_Cryosat-2_2020 storred
INFO:root:mean gps_Cryosat-2_2020 drogued storred
INFO:root:mean gps_Cryosat-2_2020 undrogued storred
INFO:root:end processing gps_Cryosat-2_2020
INFO:root:start processing argos_Cryosat-2_2020
INFO:root:ms argos_Cryosat-2_2020 storred
INFO:root:ms undrogued argos_Cryosat-2_2020 storred
INFO:root:mean argos_Cryosat-2_2020 storred
INFO:root:mean argos_Cryosat-2_2020 undrogued storred
INFO:root:end processing argos_Cryosat-2_2020
INFO:root:start processing gps_Sentinel-3_A_2020
INFO:root:ms gps_Sentinel-3_A_2020 storred
INFO:root:ms drogued gps_Sentinel-3_A_2020 storred
INFO:root:ms undrogued gps_Sentinel-3_A_2020 storred
INFO:root:mean gps_Sentinel-3_A_2020 storred
INFO:root:mean gps_Sentinel-3_A_2020 drogued storred
INFO:root:mean gps_Sentinel-3_A_2020 undrogued storred
INFO:root:end processing gps_Sentinel-3_A_2020
INFO:root:start processing argos_Sentinel-3_A_2020
INFO:root:ms argos_Sentinel-3_A_2020 storred
INFO:root:ms undrogued argos_Sentinel-3_A_2020 storred
INFO:root:mean argos_Sentinel-3_A_2020 storred
INFO:root:mean argos_Sentinel-3_A_2020 undrogued storred
INFO:root:end processing argos_Sentinel-3_A_2020
INFO:root:start processing gps_Sentinel-3_B_2020
INFO:root:ms gps_Sentinel-3_B_2020 storred
INFO:root:ms drogued gps_Sentinel-3_B_2020 storred
INFO:root:ms undrogued gps_Sentinel-3_B_2020 storred
INFO:root:mean gps_Sentinel-3_B_2020 storred
INFO:root:mean gps_Sentinel-3_B_2020 drogued storred
INFO:root:mean gps_Sentinel-3_B_2020 undrogued storred
INFO:root:end processing gps_Sentinel-3_B_2020
INFO:root:start processing argos_Sentinel-3_B_2020
INFO:root:ms argos_Sentinel-3_B_2020 storred
INFO:root:ms undrogued argos_Sentinel-3_B_2020 storred
INFO:root:mean argos_Sentinel-3_B_2020 storred
INFO:root:mean argos_Sentinel-3_B_2020 undrogued storred
INFO:root:end processing argos_Sentinel-3_B_2020
INFO:root:start processing gps_Jason-3_2019
INFO:root:ms gps_Jason-3_2019 storred
INFO:root:ms drogued gps_Jason-3_2019 storred
INFO:root:ms undrogued gps_Jason-3_2019 storred
INFO:root:mean gps_Jason-3_2019 storred
INFO:root:mean gps_Jason-3_2019 drogued storred
INFO:root:mean gps_Jason-3_2019 undrogued storred
INFO:root:end processing gps_Jason-3_2019
INFO:root:start processing argos_Jason-3_2019
INFO:root:ms argos_Jason-3_2019 storred
INFO:root:ms drogued argos_Jason-3_2019 storred
INFO:root:ms undrogued argos_Jason-3_2019 storred
INFO:root:mean argos_Jason-3_2019 storred
INFO:root:mean argos_Jason-3_2019 drogued storred
INFO:root:mean argos_Jason-3_2019 undrogued storred
INFO:root:end processing argos_Jason-3_2019
INFO:root:start processing gps_SARAL_2019
INFO:root:ms gps_SARAL_2019 storred
INFO:root:ms drogued gps_SARAL_2019 storred
INFO:root:ms undrogued gps_SARAL_2019 storred
INFO:root:mean gps_SARAL_2019 storred
INFO:root:mean gps_SARAL_2019 drogued storred
INFO:root:mean gps_SARAL_2019 undrogued storred
INFO:root:end processing gps_SARAL_2019
INFO:root:start processing argos_SARAL_2019
INFO:root:ms argos_SARAL_2019 storred
INFO:root:ms drogued argos_SARAL_2019 storred
INFO:root:ms undrogued argos_SARAL_2019 storred
INFO:root:mean argos_SARAL_2019 storred
INFO:root:mean argos_SARAL_2019 drogued storred
INFO:root:mean argos_SARAL_2019 undrogued storred
INFO:root:end processing argos_SARAL_2019
INFO:root:start processing gps_Cryosat-2_2019
INFO:root:ms gps_Cryosat-2_2019 storred
INFO:root:ms drogued gps_Cryosat-2_2019 storred
INFO:root:ms undrogued gps_Cryosat-2_2019 storred
INFO:root:mean gps_Cryosat-2_2019 storred
INFO:root:mean gps_Cryosat-2_2019 drogued storred
INFO:root:mean gps_Cryosat-2_2019 undrogued storred
INFO:root:end processing gps_Cryosat-2_2019
INFO:root:start processing argos_Cryosat-2_2019
INFO:root:ms argos_Cryosat-2_2019 storred
INFO:root:ms drogued argos_Cryosat-2_2019 storred
INFO:root:ms undrogued argos_Cryosat-2_2019 storred
INFO:root:mean argos_Cryosat-2_2019 storred
INFO:root:mean argos_Cryosat-2_2019 drogued storred
INFO:root:mean argos_Cryosat-2_2019 undrogued storred
INFO:root:end processing argos_Cryosat-2_2019
INFO:root:start processing argos_Sentinel-3_A_2019
INFO:root:ms argos_Sentinel-3_A_2019 storred
INFO:root:ms drogued argos_Sentinel-3_A_2019 storred
INFO:root:ms undrogued argos_Sentinel-3_A_2019 storred
INFO:root:mean argos_Sentinel-3_A_2019 storred
INFO:root:mean argos_Sentinel-3_A_2019 drogued storred
INFO:root:mean argos_Sentinel-3_A_2019 undrogued storred
INFO:root:end processing argos_Sentinel-3_A_2019
INFO:root:start processing gps_Sentinel-3_B_2019
INFO:root:ms gps_Sentinel-3_B_2019 storred
INFO:root:ms drogued gps_Sentinel-3_B_2019 storred
INFO:root:ms undrogued gps_Sentinel-3_B_2019 storred
INFO:root:mean gps_Sentinel-3_B_2019 storred
INFO:root:mean gps_Sentinel-3_B_2019 drogued storred
INFO:root:mean gps_Sentinel-3_B_2019 undrogued storred
INFO:root:end processing gps_Sentinel-3_B_2019
INFO:root:start processing argos_Sentinel-3_B_2019
INFO:root:ms argos_Sentinel-3_B_2019 storred
INFO:root:ms drogued argos_Sentinel-3_B_2019 storred
INFO:root:ms undrogued argos_Sentinel-3_B_2019 storred
INFO:root:mean argos_Sentinel-3_B_2019 storred
INFO:root:mean argos_Sentinel-3_B_2019 drogued storred
INFO:root:mean argos_Sentinel-3_B_2019 undrogued storred
INFO:root:end processing argos_Sentinel-3_B_2019
INFO:root:start processing gps_Jason-3_2018
INFO:root:ms gps_Jason-3_2018 storred
INFO:root:ms drogued gps_Jason-3_2018 storred
INFO:root:ms undrogued gps_Jason-3_2018 storred
INFO:root:mean gps_Jason-3_2018 storred
INFO:root:mean gps_Jason-3_2018 drogued storred
INFO:root:mean gps_Jason-3_2018 undrogued storred
INFO:root:end processing gps_Jason-3_2018
INFO:root:start processing argos_Jason-3_2018
INFO:root:ms argos_Jason-3_2018 storred
INFO:root:ms drogued argos_Jason-3_2018 storred
INFO:root:ms undrogued argos_Jason-3_2018 storred
INFO:root:mean argos_Jason-3_2018 storred
INFO:root:mean argos_Jason-3_2018 drogued storred
INFO:root:mean argos_Jason-3_2018 undrogued storred
INFO:root:end processing argos_Jason-3_2018
INFO:root:start processing gps_SARAL_2018
INFO:root:ms gps_SARAL_2018 storred
INFO:root:ms drogued gps_SARAL_2018 storred
INFO:root:ms undrogued gps_SARAL_2018 storred
INFO:root:mean gps_SARAL_2018 storred
INFO:root:mean gps_SARAL_2018 drogued storred
INFO:root:mean gps_SARAL_2018 undrogued storred
INFO:root:end processing gps_SARAL_2018
INFO:root:start processing argos_SARAL_2018
INFO:root:ms argos_SARAL_2018 storred
INFO:root:ms drogued argos_SARAL_2018 storred
INFO:root:ms undrogued argos_SARAL_2018 storred
INFO:root:mean argos_SARAL_2018 storred
INFO:root:mean argos_SARAL_2018 drogued storred
INFO:root:mean argos_SARAL_2018 undrogued storred
INFO:root:end processing argos_SARAL_2018
INFO:root:start processing gps_Cryosat-2_2018
INFO:root:ms gps_Cryosat-2_2018 storred
INFO:root:ms drogued gps_Cryosat-2_2018 storred
INFO:root:ms undrogued gps_Cryosat-2_2018 storred
INFO:root:mean gps_Cryosat-2_2018 storred
INFO:root:mean gps_Cryosat-2_2018 drogued storred
INFO:root:mean gps_Cryosat-2_2018 undrogued storred
INFO:root:end processing gps_Cryosat-2_2018
INFO:root:start processing argos_Cryosat-2_2018
INFO:root:ms argos_Cryosat-2_2018 storred
INFO:root:ms drogued argos_Cryosat-2_2018 storred
INFO:root:ms undrogued argos_Cryosat-2_2018 storred
INFO:root:mean argos_Cryosat-2_2018 storred
INFO:root:mean argos_Cryosat-2_2018 drogued storred
INFO:root:mean argos_Cryosat-2_2018 undrogued storred
INFO:root:end processing argos_Cryosat-2_2018
INFO:root:start processing gps_Sentinel-3_A_2018
INFO:root:ms gps_Sentinel-3_A_2018 storred
INFO:root:ms drogued gps_Sentinel-3_A_2018 storred
INFO:root:ms undrogued gps_Sentinel-3_A_2018 storred
INFO:root:mean gps_Sentinel-3_A_2018 storred
INFO:root:mean gps_Sentinel-3_A_2018 drogued storred
INFO:root:mean gps_Sentinel-3_A_2018 undrogued storred
INFO:root:end processing gps_Sentinel-3_A_2018
INFO:root:start processing argos_Sentinel-3_A_2018
INFO:root:ms argos_Sentinel-3_A_2018 storred
INFO:root:ms drogued argos_Sentinel-3_A_2018 storred
INFO:root:ms undrogued argos_Sentinel-3_A_2018 storred
INFO:root:mean argos_Sentinel-3_A_2018 storred
INFO:root:mean argos_Sentinel-3_A_2018 drogued storred
INFO:root:mean argos_Sentinel-3_A_2018 undrogued storred
INFO:root:end processing argos_Sentinel-3_A_2018
INFO:root:start processing gps_Sentinel-3_B_2018
INFO:root:ms gps_Sentinel-3_B_2018 storred
INFO:root:ms drogued gps_Sentinel-3_B_2018 storred
INFO:root:ms undrogued gps_Sentinel-3_B_2018 storred
INFO:root:mean gps_Sentinel-3_B_2018 storred
INFO:root:mean gps_Sentinel-3_B_2018 drogued storred
INFO:root:mean gps_Sentinel-3_B_2018 undrogued storred
INFO:root:end processing gps_Sentinel-3_B_2018
INFO:root:start processing argos_Sentinel-3_B_2018
INFO:root:ms argos_Sentinel-3_B_2018 storred
INFO:root:ms drogued argos_Sentinel-3_B_2018 storred
INFO:root:ms undrogued argos_Sentinel-3_B_2018 storred
INFO:root:mean argos_Sentinel-3_B_2018 storred
INFO:root:mean argos_Sentinel-3_B_2018 drogued storred
INFO:root:mean argos_Sentinel-3_B_2018 undrogued storred
INFO:root:end processing argos_Sentinel-3_B_2018
INFO:root:start processing gps_Jason-3_2017
INFO:root:ms gps_Jason-3_2017 storred
INFO:root:ms drogued gps_Jason-3_2017 storred
INFO:root:ms undrogued gps_Jason-3_2017 storred
INFO:root:mean gps_Jason-3_2017 storred
INFO:root:mean gps_Jason-3_2017 drogued storred
INFO:root:mean gps_Jason-3_2017 undrogued storred
INFO:root:end processing gps_Jason-3_2017
INFO:root:start processing argos_Jason-3_2017
INFO:root:ms argos_Jason-3_2017 storred
INFO:root:ms drogued argos_Jason-3_2017 storred
INFO:root:ms undrogued argos_Jason-3_2017 storred
INFO:root:mean argos_Jason-3_2017 storred
INFO:root:mean argos_Jason-3_2017 drogued storred
INFO:root:mean argos_Jason-3_2017 undrogued storred
INFO:root:end processing argos_Jason-3_2017
INFO:root:start processing gps_Jason-2_2017
INFO:root:ms gps_Jason-2_2017 storred
INFO:root:ms drogued gps_Jason-2_2017 storred
INFO:root:ms undrogued gps_Jason-2_2017 storred
INFO:root:mean gps_Jason-2_2017 storred
INFO:root:mean gps_Jason-2_2017 drogued storred
INFO:root:mean gps_Jason-2_2017 undrogued storred
INFO:root:end processing gps_Jason-2_2017
INFO:root:start processing argos_Jason-2_2017
INFO:root:ms argos_Jason-2_2017 storred
INFO:root:ms drogued argos_Jason-2_2017 storred
INFO:root:ms undrogued argos_Jason-2_2017 storred
INFO:root:mean argos_Jason-2_2017 storred
INFO:root:mean argos_Jason-2_2017 drogued storred
INFO:root:mean argos_Jason-2_2017 undrogued storred
INFO:root:end processing argos_Jason-2_2017
INFO:root:start processing gps_SARAL_2017
INFO:root:ms gps_SARAL_2017 storred
INFO:root:ms drogued gps_SARAL_2017 storred
INFO:root:ms undrogued gps_SARAL_2017 storred
INFO:root:mean gps_SARAL_2017 storred
INFO:root:mean gps_SARAL_2017 drogued storred
INFO:root:mean gps_SARAL_2017 undrogued storred
INFO:root:end processing gps_SARAL_2017
INFO:root:start processing argos_SARAL_2017
INFO:root:ms argos_SARAL_2017 storred
INFO:root:ms drogued argos_SARAL_2017 storred
INFO:root:ms undrogued argos_SARAL_2017 storred
INFO:root:mean argos_SARAL_2017 storred
INFO:root:mean argos_SARAL_2017 drogued storred
INFO:root:mean argos_SARAL_2017 undrogued storred
INFO:root:end processing argos_SARAL_2017
INFO:root:start processing gps_Cryosat-2_2017
INFO:root:ms gps_Cryosat-2_2017 storred
INFO:root:ms drogued gps_Cryosat-2_2017 storred
INFO:root:ms undrogued gps_Cryosat-2_2017 storred
INFO:root:mean gps_Cryosat-2_2017 storred
INFO:root:mean gps_Cryosat-2_2017 drogued storred
INFO:root:mean gps_Cryosat-2_2017 undrogued storred
INFO:root:end processing gps_Cryosat-2_2017
INFO:root:start processing argos_Cryosat-2_2017
INFO:root:ms argos_Cryosat-2_2017 storred
INFO:root:ms drogued argos_Cryosat-2_2017 storred
INFO:root:ms undrogued argos_Cryosat-2_2017 storred
INFO:root:mean argos_Cryosat-2_2017 storred
INFO:root:mean argos_Cryosat-2_2017 drogued storred
INFO:root:mean argos_Cryosat-2_2017 undrogued storred
INFO:root:end processing argos_Cryosat-2_2017
INFO:root:start processing gps_Sentinel-3_A_2017
INFO:root:ms gps_Sentinel-3_A_2017 storred
INFO:root:ms drogued gps_Sentinel-3_A_2017 storred
INFO:root:ms undrogued gps_Sentinel-3_A_2017 storred
INFO:root:mean gps_Sentinel-3_A_2017 storred
INFO:root:mean gps_Sentinel-3_A_2017 drogued storred
INFO:root:mean gps_Sentinel-3_A_2017 undrogued storred
INFO:root:end processing gps_Sentinel-3_A_2017
INFO:root:start processing argos_Sentinel-3_A_2017
INFO:root:ms argos_Sentinel-3_A_2017 storred
INFO:root:ms drogued argos_Sentinel-3_A_2017 storred
INFO:root:ms undrogued argos_Sentinel-3_A_2017 storred
INFO:root:mean argos_Sentinel-3_A_2017 storred
INFO:root:mean argos_Sentinel-3_A_2017 drogued storred
INFO:root:mean argos_Sentinel-3_A_2017 undrogued storred
INFO:root:end processing argos_Sentinel-3_A_2017
INFO:root:start processing gps_Jason-3_2016
INFO:root:ms gps_Jason-3_2016 storred
INFO:root:ms drogued gps_Jason-3_2016 storred
INFO:root:ms undrogued gps_Jason-3_2016 storred
INFO:root:mean gps_Jason-3_2016 storred
INFO:root:mean gps_Jason-3_2016 drogued storred
INFO:root:mean gps_Jason-3_2016 undrogued storred
INFO:root:end processing gps_Jason-3_2016
INFO:root:start processing argos_Jason-3_2016
INFO:root:ms argos_Jason-3_2016 storred
INFO:root:ms drogued argos_Jason-3_2016 storred
INFO:root:ms undrogued argos_Jason-3_2016 storred
INFO:root:mean argos_Jason-3_2016 storred
INFO:root:mean argos_Jason-3_2016 drogued storred
INFO:root:mean argos_Jason-3_2016 undrogued storred
INFO:root:end processing argos_Jason-3_2016
INFO:root:start processing gps_Jason-2_2016
INFO:root:ms gps_Jason-2_2016 storred
INFO:root:ms drogued gps_Jason-2_2016 storred
INFO:root:ms undrogued gps_Jason-2_2016 storred
INFO:root:mean gps_Jason-2_2016 storred
INFO:root:mean gps_Jason-2_2016 drogued storred
INFO:root:mean gps_Jason-2_2016 undrogued storred
INFO:root:end processing gps_Jason-2_2016
INFO:root:start processing argos_Jason-2_2016
INFO:root:ms argos_Jason-2_2016 storred
INFO:root:ms drogued argos_Jason-2_2016 storred
INFO:root:ms undrogued argos_Jason-2_2016 storred
INFO:root:mean argos_Jason-2_2016 storred
INFO:root:mean argos_Jason-2_2016 drogued storred
INFO:root:mean argos_Jason-2_2016 undrogued storred
INFO:root:end processing argos_Jason-2_2016
INFO:root:start processing gps_SARAL_2016
INFO:root:ms gps_SARAL_2016 storred
INFO:root:ms drogued gps_SARAL_2016 storred
INFO:root:ms undrogued gps_SARAL_2016 storred
INFO:root:mean gps_SARAL_2016 storred
INFO:root:mean gps_SARAL_2016 drogued storred
INFO:root:mean gps_SARAL_2016 undrogued storred
INFO:root:end processing gps_SARAL_2016
INFO:root:start processing argos_SARAL_2016
INFO:root:ms argos_SARAL_2016 storred
INFO:root:ms drogued argos_SARAL_2016 storred
INFO:root:ms undrogued argos_SARAL_2016 storred
INFO:root:mean argos_SARAL_2016 storred
INFO:root:mean argos_SARAL_2016 drogued storred
INFO:root:mean argos_SARAL_2016 undrogued storred
INFO:root:end processing argos_SARAL_2016
INFO:root:start processing gps_Cryosat-2_2016
INFO:root:ms gps_Cryosat-2_2016 storred
INFO:root:ms drogued gps_Cryosat-2_2016 storred
INFO:root:ms undrogued gps_Cryosat-2_2016 storred
INFO:root:mean gps_Cryosat-2_2016 storred
INFO:root:mean gps_Cryosat-2_2016 drogued storred
INFO:root:mean gps_Cryosat-2_2016 undrogued storred
INFO:root:end processing gps_Cryosat-2_2016
INFO:root:start processing argos_Cryosat-2_2016
INFO:root:ms argos_Cryosat-2_2016 storred
INFO:root:ms drogued argos_Cryosat-2_2016 storred
INFO:root:ms undrogued argos_Cryosat-2_2016 storred
INFO:root:mean argos_Cryosat-2_2016 storred
INFO:root:mean argos_Cryosat-2_2016 drogued storred
INFO:root:mean argos_Cryosat-2_2016 undrogued storred
INFO:root:end processing argos_Cryosat-2_2016
INFO:root:start processing gps_Sentinel-3_A_2016
INFO:root:ms gps_Sentinel-3_A_2016 storred
INFO:root:ms drogued gps_Sentinel-3_A_2016 storred
INFO:root:ms undrogued gps_Sentinel-3_A_2016 storred
INFO:root:mean gps_Sentinel-3_A_2016 storred
INFO:root:mean gps_Sentinel-3_A_2016 drogued storred
INFO:root:mean gps_Sentinel-3_A_2016 undrogued storred
INFO:root:end processing gps_Sentinel-3_A_2016
INFO:root:start processing argos_Sentinel-3_A_2016
INFO:root:ms argos_Sentinel-3_A_2016 storred
INFO:root:ms drogued argos_Sentinel-3_A_2016 storred
INFO:root:ms undrogued argos_Sentinel-3_A_2016 storred
INFO:root:mean argos_Sentinel-3_A_2016 storred
INFO:root:mean argos_Sentinel-3_A_2016 drogued storred
INFO:root:mean argos_Sentinel-3_A_2016 undrogued storred
INFO:root:end processing argos_Sentinel-3_A_2016
INFO:root:start processing gps_Jason-2_2015
INFO:root:ms gps_Jason-2_2015 storred
INFO:root:ms drogued gps_Jason-2_2015 storred
INFO:root:ms undrogued gps_Jason-2_2015 storred
INFO:root:mean gps_Jason-2_2015 storred
INFO:root:mean gps_Jason-2_2015 drogued storred
INFO:root:mean gps_Jason-2_2015 undrogued storred
INFO:root:end processing gps_Jason-2_2015
INFO:root:start processing argos_Jason-2_2015
INFO:root:ms argos_Jason-2_2015 storred
INFO:root:ms drogued argos_Jason-2_2015 storred
INFO:root:ms undrogued argos_Jason-2_2015 storred
INFO:root:mean argos_Jason-2_2015 storred
INFO:root:mean argos_Jason-2_2015 drogued storred
INFO:root:mean argos_Jason-2_2015 undrogued storred
INFO:root:end processing argos_Jason-2_2015
INFO:root:start processing gps_SARAL_2015
INFO:root:ms gps_SARAL_2015 storred
INFO:root:ms drogued gps_SARAL_2015 storred
INFO:root:ms undrogued gps_SARAL_2015 storred
INFO:root:mean gps_SARAL_2015 storred
INFO:root:mean gps_SARAL_2015 drogued storred
INFO:root:mean gps_SARAL_2015 undrogued storred
INFO:root:end processing gps_SARAL_2015
INFO:root:start processing argos_SARAL_2015
INFO:root:ms argos_SARAL_2015 storred
INFO:root:ms drogued argos_SARAL_2015 storred
INFO:root:ms undrogued argos_SARAL_2015 storred
INFO:root:mean argos_SARAL_2015 storred
INFO:root:mean argos_SARAL_2015 drogued storred
INFO:root:mean argos_SARAL_2015 undrogued storred
INFO:root:end processing argos_SARAL_2015
INFO:root:start processing gps_Cryosat-2_2015
INFO:root:ms gps_Cryosat-2_2015 storred
INFO:root:ms drogued gps_Cryosat-2_2015 storred
INFO:root:ms undrogued gps_Cryosat-2_2015 storred
INFO:root:mean gps_Cryosat-2_2015 storred
INFO:root:mean gps_Cryosat-2_2015 drogued storred
INFO:root:mean gps_Cryosat-2_2015 undrogued storred
INFO:root:end processing gps_Cryosat-2_2015
INFO:root:start processing argos_Cryosat-2_2015
INFO:root:ms argos_Cryosat-2_2015 storred
INFO:root:ms drogued argos_Cryosat-2_2015 storred
INFO:root:ms undrogued argos_Cryosat-2_2015 storred
INFO:root:mean argos_Cryosat-2_2015 storred
INFO:root:mean argos_Cryosat-2_2015 drogued storred
INFO:root:mean argos_Cryosat-2_2015 undrogued storred
INFO:root:end processing argos_Cryosat-2_2015
INFO:root:start processing gps_Jason-2_2014
INFO:root:ms gps_Jason-2_2014 storred
INFO:root:ms drogued gps_Jason-2_2014 storred
INFO:root:ms undrogued gps_Jason-2_2014 storred
INFO:root:mean gps_Jason-2_2014 storred
INFO:root:mean gps_Jason-2_2014 drogued storred
INFO:root:mean gps_Jason-2_2014 undrogued storred
INFO:root:end processing gps_Jason-2_2014
INFO:root:start processing argos_Jason-2_2014
INFO:root:ms argos_Jason-2_2014 storred
INFO:root:ms drogued argos_Jason-2_2014 storred
INFO:root:ms undrogued argos_Jason-2_2014 storred
INFO:root:mean argos_Jason-2_2014 storred
INFO:root:mean argos_Jason-2_2014 drogued storred
INFO:root:mean argos_Jason-2_2014 undrogued storred
INFO:root:end processing argos_Jason-2_2014
INFO:root:start processing gps_SARAL_2014
INFO:root:ms gps_SARAL_2014 storred
INFO:root:ms drogued gps_SARAL_2014 storred
INFO:root:ms undrogued gps_SARAL_2014 storred
INFO:root:mean gps_SARAL_2014 storred
INFO:root:mean gps_SARAL_2014 drogued storred
INFO:root:mean gps_SARAL_2014 undrogued storred
INFO:root:end processing gps_SARAL_2014
INFO:root:start processing argos_SARAL_2014
INFO:root:ms argos_SARAL_2014 storred
INFO:root:ms drogued argos_SARAL_2014 storred
INFO:root:ms undrogued argos_SARAL_2014 storred
INFO:root:mean argos_SARAL_2014 storred
INFO:root:mean argos_SARAL_2014 drogued storred
INFO:root:mean argos_SARAL_2014 undrogued storred
INFO:root:end processing argos_SARAL_2014
INFO:root:start processing gps_Cryosat-2_2014
INFO:root:ms gps_Cryosat-2_2014 storred
INFO:root:ms drogued gps_Cryosat-2_2014 storred
INFO:root:ms undrogued gps_Cryosat-2_2014 storred
INFO:root:mean gps_Cryosat-2_2014 storred
INFO:root:mean gps_Cryosat-2_2014 drogued storred
INFO:root:mean gps_Cryosat-2_2014 undrogued storred
INFO:root:end processing gps_Cryosat-2_2014
INFO:root:start processing argos_Cryosat-2_2014
INFO:root:ms argos_Cryosat-2_2014 storred
INFO:root:ms drogued argos_Cryosat-2_2014 storred
INFO:root:ms undrogued argos_Cryosat-2_2014 storred
INFO:root:mean argos_Cryosat-2_2014 storred
INFO:root:mean argos_Cryosat-2_2014 drogued storred
INFO:root:mean argos_Cryosat-2_2014 undrogued storred
INFO:root:end processing argos_Cryosat-2_2014
INFO:root:start processing gps_Jason-2_2013
INFO:root:ms gps_Jason-2_2013 storred
INFO:root:ms drogued gps_Jason-2_2013 storred
INFO:root:ms undrogued gps_Jason-2_2013 storred
INFO:root:mean gps_Jason-2_2013 storred
INFO:root:mean gps_Jason-2_2013 drogued storred
INFO:root:mean gps_Jason-2_2013 undrogued storred
INFO:root:end processing gps_Jason-2_2013
INFO:root:start processing argos_Jason-2_2013
INFO:root:ms argos_Jason-2_2013 storred
INFO:root:ms drogued argos_Jason-2_2013 storred
INFO:root:ms undrogued argos_Jason-2_2013 storred
INFO:root:mean argos_Jason-2_2013 storred
INFO:root:mean argos_Jason-2_2013 drogued storred
INFO:root:mean argos_Jason-2_2013 undrogued storred
INFO:root:end processing argos_Jason-2_2013
INFO:root:start processing gps_SARAL_2013
INFO:root:ms gps_SARAL_2013 storred
INFO:root:ms drogued gps_SARAL_2013 storred
INFO:root:ms undrogued gps_SARAL_2013 storred
INFO:root:mean gps_SARAL_2013 storred
INFO:root:mean gps_SARAL_2013 drogued storred
INFO:root:mean gps_SARAL_2013 undrogued storred
INFO:root:end processing gps_SARAL_2013
INFO:root:start processing argos_SARAL_2013
INFO:root:ms argos_SARAL_2013 storred
INFO:root:ms drogued argos_SARAL_2013 storred
INFO:root:ms undrogued argos_SARAL_2013 storred
INFO:root:mean argos_SARAL_2013 storred
INFO:root:mean argos_SARAL_2013 drogued storred
INFO:root:mean argos_SARAL_2013 undrogued storred
INFO:root:end processing argos_SARAL_2013
INFO:root:start processing gps_Cryosat-2_2013
INFO:root:ms gps_Cryosat-2_2013 storred
INFO:root:ms drogued gps_Cryosat-2_2013 storred
INFO:root:ms undrogued gps_Cryosat-2_2013 storred
INFO:root:mean gps_Cryosat-2_2013 storred
INFO:root:mean gps_Cryosat-2_2013 drogued storred
INFO:root:mean gps_Cryosat-2_2013 undrogued storred
INFO:root:end processing gps_Cryosat-2_2013
INFO:root:start processing argos_Cryosat-2_2013
INFO:root:ms argos_Cryosat-2_2013 storred
INFO:root:ms drogued argos_Cryosat-2_2013 storred
INFO:root:ms undrogued argos_Cryosat-2_2013 storred
INFO:root:mean argos_Cryosat-2_2013 storred
INFO:root:mean argos_Cryosat-2_2013 drogued storred
INFO:root:mean argos_Cryosat-2_2013 undrogued storred
INFO:root:end processing argos_Cryosat-2_2013
INFO:root:start processing gps_Jason-2_2012
INFO:root:ms gps_Jason-2_2012 storred
INFO:root:ms drogued gps_Jason-2_2012 storred
INFO:root:ms undrogued gps_Jason-2_2012 storred
INFO:root:mean gps_Jason-2_2012 storred
INFO:root:mean gps_Jason-2_2012 drogued storred
INFO:root:mean gps_Jason-2_2012 undrogued storred
INFO:root:end processing gps_Jason-2_2012
INFO:root:start processing argos_Jason-2_2012
INFO:root:ms argos_Jason-2_2012 storred
INFO:root:ms drogued argos_Jason-2_2012 storred
INFO:root:ms undrogued argos_Jason-2_2012 storred
INFO:root:mean argos_Jason-2_2012 storred
INFO:root:mean argos_Jason-2_2012 drogued storred
INFO:root:mean argos_Jason-2_2012 undrogued storred
INFO:root:end processing argos_Jason-2_2012
INFO:root:start processing gps_Cryosat-2_2012
INFO:root:ms gps_Cryosat-2_2012 storred
INFO:root:ms drogued gps_Cryosat-2_2012 storred
INFO:root:ms undrogued gps_Cryosat-2_2012 storred
INFO:root:mean gps_Cryosat-2_2012 storred
INFO:root:mean gps_Cryosat-2_2012 drogued storred
INFO:root:mean gps_Cryosat-2_2012 undrogued storred
INFO:root:end processing gps_Cryosat-2_2012
INFO:root:start processing argos_Cryosat-2_2012
INFO:root:ms argos_Cryosat-2_2012 storred
INFO:root:ms drogued argos_Cryosat-2_2012 storred
INFO:root:ms undrogued argos_Cryosat-2_2012 storred
INFO:root:mean argos_Cryosat-2_2012 storred
INFO:root:mean argos_Cryosat-2_2012 drogued storred
INFO:root:mean argos_Cryosat-2_2012 undrogued storred
INFO:root:end processing argos_Cryosat-2_2012
INFO:root:start processing gps_Jason-2_2011
INFO:root:ms gps_Jason-2_2011 storred
INFO:root:ms drogued gps_Jason-2_2011 storred
INFO:root:ms undrogued gps_Jason-2_2011 storred
INFO:root:mean gps_Jason-2_2011 storred
INFO:root:mean gps_Jason-2_2011 drogued storred
INFO:root:mean gps_Jason-2_2011 undrogued storred
INFO:root:end processing gps_Jason-2_2011
INFO:root:start processing argos_Jason-2_2011
INFO:root:ms argos_Jason-2_2011 storred
INFO:root:ms drogued argos_Jason-2_2011 storred
INFO:root:ms undrogued argos_Jason-2_2011 storred
INFO:root:mean argos_Jason-2_2011 storred
INFO:root:mean argos_Jason-2_2011 drogued storred
INFO:root:mean argos_Jason-2_2011 undrogued storred
INFO:root:end processing argos_Jason-2_2011
INFO:root:start processing gps_Cryosat-2_2011
INFO:root:ms gps_Cryosat-2_2011 storred
INFO:root:ms drogued gps_Cryosat-2_2011 storred
INFO:root:ms undrogued gps_Cryosat-2_2011 storred
INFO:root:mean gps_Cryosat-2_2011 storred
INFO:root:mean gps_Cryosat-2_2011 drogued storred
INFO:root:mean gps_Cryosat-2_2011 undrogued storred
INFO:root:end processing gps_Cryosat-2_2011
INFO:root:start processing argos_Cryosat-2_2011
INFO:root:ms argos_Cryosat-2_2011 storred
INFO:root:ms drogued argos_Cryosat-2_2011 storred
INFO:root:ms undrogued argos_Cryosat-2_2011 storred
INFO:root:mean argos_Cryosat-2_2011 storred
INFO:root:mean argos_Cryosat-2_2011 drogued storred
INFO:root:mean argos_Cryosat-2_2011 undrogued storred
INFO:root:end processing argos_Cryosat-2_2011
INFO:root:start processing gps_Jason-2_2010
INFO:root:ms gps_Jason-2_2010 storred
INFO:root:ms drogued gps_Jason-2_2010 storred
INFO:root:ms undrogued gps_Jason-2_2010 storred
INFO:root:mean gps_Jason-2_2010 storred
INFO:root:mean gps_Jason-2_2010 drogued storred
INFO:root:mean gps_Jason-2_2010 undrogued storred
INFO:root:end processing gps_Jason-2_2010
INFO:root:start processing argos_Jason-2_2010
INFO:root:ms argos_Jason-2_2010 storred
INFO:root:ms drogued argos_Jason-2_2010 storred
INFO:root:ms undrogued argos_Jason-2_2010 storred
INFO:root:mean argos_Jason-2_2010 storred
INFO:root:mean argos_Jason-2_2010 drogued storred
INFO:root:mean argos_Jason-2_2010 undrogued storred
INFO:root:end processing argos_Jason-2_2010
INFO:root:start processing gps_Cryosat-2_2010
INFO:root:ms gps_Cryosat-2_2010 storred
INFO:root:ms drogued gps_Cryosat-2_2010 storred
INFO:root:mean gps_Cryosat-2_2010 storred
INFO:root:mean gps_Cryosat-2_2010 drogued storred
INFO:root:end processing gps_Cryosat-2_2010
INFO:root:start processing argos_Cryosat-2_2010
INFO:root:ms argos_Cryosat-2_2010 storred
INFO:root:ms drogued argos_Cryosat-2_2010 storred
INFO:root:ms undrogued argos_Cryosat-2_2010 storred
INFO:root:mean argos_Cryosat-2_2010 storred
INFO:root:mean argos_Cryosat-2_2010 drogued storred
INFO:root:mean argos_Cryosat-2_2010 undrogued storred
INFO:root:end processing argos_Cryosat-2_2010
INFO:root:starts closing dask cluster ...
INFO:root:client closed ...
INFO:root: qdel 8579915
INFO:root: qdel 8579916
INFO:root:manually killed jobs ...
INFO:root:... done
INFO:root:- all done
INFO:root:start spinning up dask cluster, jobs=2
INFO:root:dashboard via ssh: ssh -N -L 8787:r1i6n35:8787 mdemol@datarmor1-10g
INFO:root:open browser at address of the type: http://localhost:8787
INFO:root:start processing gps_Jason-3_2020
INFO:root:start spinning up dask cluster, jobs=2
INFO:root:dashboard via ssh: ssh -N -L 8787:r1i2n16:8787 mdemol@datarmor1-10g
INFO:root:open browser at address of the type: http://localhost:8787
INFO:root:start processing gps_Jason-3_2020
INFO:root:drogued gps_Jason-3_2020 ms/mean storred
INFO:root:undrogued gps_Jason-3_2020 ms/mean storred
INFO:root:end processing gps_Jason-3_2020
INFO:root:start processing argos_Jason-3_2020
INFO:root:undrogued argos_Jason-3_2020 ms/mean storred
INFO:root:end processing argos_Jason-3_2020
INFO:root:start processing gps_SARAL_2020
INFO:root:drogued gps_SARAL_2020 ms/mean storred
INFO:root:undrogued gps_SARAL_2020 ms/mean storred
INFO:root:end processing gps_SARAL_2020
INFO:root:start processing argos_SARAL_2020
INFO:root:undrogued argos_SARAL_2020 ms/mean storred
INFO:root:end processing argos_SARAL_2020
INFO:root:start processing gps_Cryosat-2_2020
INFO:root:drogued gps_Cryosat-2_2020 ms/mean storred
INFO:root:undrogued gps_Cryosat-2_2020 ms/mean storred
INFO:root:end processing gps_Cryosat-2_2020
INFO:root:start processing argos_Cryosat-2_2020
INFO:root:undrogued argos_Cryosat-2_2020 ms/mean storred
INFO:root:end processing argos_Cryosat-2_2020
INFO:root:start processing gps_Sentinel-3_A_2020
INFO:root:drogued gps_Sentinel-3_A_2020 ms/mean storred
INFO:root:undrogued gps_Sentinel-3_A_2020 ms/mean storred
INFO:root:end processing gps_Sentinel-3_A_2020
INFO:root:start processing argos_Sentinel-3_A_2020
INFO:root:undrogued argos_Sentinel-3_A_2020 ms/mean storred
INFO:root:end processing argos_Sentinel-3_A_2020
INFO:root:start processing gps_Sentinel-3_B_2020
INFO:root:drogued gps_Sentinel-3_B_2020 ms/mean storred
INFO:root:undrogued gps_Sentinel-3_B_2020 ms/mean storred
INFO:root:end processing gps_Sentinel-3_B_2020
INFO:root:start processing argos_Sentinel-3_B_2020
INFO:root:undrogued argos_Sentinel-3_B_2020 ms/mean storred
INFO:root:end processing argos_Sentinel-3_B_2020
INFO:root:start processing gps_Jason-3_2019
INFO:root:drogued gps_Jason-3_2019 ms/mean storred
INFO:root:undrogued gps_Jason-3_2019 ms/mean storred
INFO:root:end processing gps_Jason-3_2019
INFO:root:start processing argos_Jason-3_2019
INFO:root:drogued argos_Jason-3_2019 ms/mean storred
INFO:root:undrogued argos_Jason-3_2019 ms/mean storred
INFO:root:end processing argos_Jason-3_2019
INFO:root:start processing gps_SARAL_2019
INFO:root:drogued gps_SARAL_2019 ms/mean storred
INFO:root:undrogued gps_SARAL_2019 ms/mean storred
INFO:root:end processing gps_SARAL_2019
INFO:root:start processing argos_SARAL_2019
INFO:root:drogued argos_SARAL_2019 ms/mean storred
INFO:root:undrogued argos_SARAL_2019 ms/mean storred
INFO:root:end processing argos_SARAL_2019
INFO:root:start processing gps_Cryosat-2_2019
INFO:root:drogued gps_Cryosat-2_2019 ms/mean storred
INFO:root:undrogued gps_Cryosat-2_2019 ms/mean storred
INFO:root:end processing gps_Cryosat-2_2019
INFO:root:start processing argos_Cryosat-2_2019
INFO:root:drogued argos_Cryosat-2_2019 ms/mean storred
INFO:root:undrogued argos_Cryosat-2_2019 ms/mean storred
INFO:root:end processing argos_Cryosat-2_2019
INFO:root:start processing argos_Sentinel-3_A_2019
INFO:root:drogued argos_Sentinel-3_A_2019 ms/mean storred
INFO:root:undrogued argos_Sentinel-3_A_2019 ms/mean storred
INFO:root:end processing argos_Sentinel-3_A_2019
INFO:root:start processing gps_Sentinel-3_B_2019
INFO:root:drogued gps_Sentinel-3_B_2019 ms/mean storred
INFO:root:undrogued gps_Sentinel-3_B_2019 ms/mean storred
INFO:root:end processing gps_Sentinel-3_B_2019
INFO:root:start processing argos_Sentinel-3_B_2019
INFO:root:drogued argos_Sentinel-3_B_2019 ms/mean storred
INFO:root:undrogued argos_Sentinel-3_B_2019 ms/mean storred
INFO:root:end processing argos_Sentinel-3_B_2019
INFO:root:start processing gps_Jason-3_2018
INFO:root:drogued gps_Jason-3_2018 ms/mean storred
INFO:root:undrogued gps_Jason-3_2018 ms/mean storred
INFO:root:end processing gps_Jason-3_2018
INFO:root:start processing argos_Jason-3_2018
INFO:root:drogued argos_Jason-3_2018 ms/mean storred
INFO:root:undrogued argos_Jason-3_2018 ms/mean storred
INFO:root:end processing argos_Jason-3_2018
INFO:root:start processing gps_SARAL_2018
INFO:root:drogued gps_SARAL_2018 ms/mean storred
INFO:root:undrogued gps_SARAL_2018 ms/mean storred
INFO:root:end processing gps_SARAL_2018
INFO:root:start processing argos_SARAL_2018
INFO:root:drogued argos_SARAL_2018 ms/mean storred
INFO:root:undrogued argos_SARAL_2018 ms/mean storred
INFO:root:end processing argos_SARAL_2018
INFO:root:start processing gps_Cryosat-2_2018
INFO:root:drogued gps_Cryosat-2_2018 ms/mean storred
INFO:root:undrogued gps_Cryosat-2_2018 ms/mean storred
INFO:root:end processing gps_Cryosat-2_2018
INFO:root:start processing argos_Cryosat-2_2018
INFO:root:drogued argos_Cryosat-2_2018 ms/mean storred
INFO:root:undrogued argos_Cryosat-2_2018 ms/mean storred
INFO:root:end processing argos_Cryosat-2_2018
INFO:root:start processing gps_Sentinel-3_A_2018
INFO:root:drogued gps_Sentinel-3_A_2018 ms/mean storred
INFO:root:undrogued gps_Sentinel-3_A_2018 ms/mean storred
INFO:root:end processing gps_Sentinel-3_A_2018
INFO:root:start processing argos_Sentinel-3_A_2018
INFO:root:drogued argos_Sentinel-3_A_2018 ms/mean storred
INFO:root:undrogued argos_Sentinel-3_A_2018 ms/mean storred
INFO:root:end processing argos_Sentinel-3_A_2018
INFO:root:start processing gps_Sentinel-3_B_2018
INFO:root:drogued gps_Sentinel-3_B_2018 ms/mean storred
INFO:root:undrogued gps_Sentinel-3_B_2018 ms/mean storred
INFO:root:end processing gps_Sentinel-3_B_2018
INFO:root:start processing argos_Sentinel-3_B_2018
INFO:root:drogued argos_Sentinel-3_B_2018 ms/mean storred
INFO:root:undrogued argos_Sentinel-3_B_2018 ms/mean storred
INFO:root:end processing argos_Sentinel-3_B_2018
INFO:root:start processing gps_Jason-3_2017
INFO:root:drogued gps_Jason-3_2017 ms/mean storred
INFO:root:undrogued gps_Jason-3_2017 ms/mean storred
INFO:root:end processing gps_Jason-3_2017
INFO:root:start processing argos_Jason-3_2017
INFO:root:drogued argos_Jason-3_2017 ms/mean storred
INFO:root:undrogued argos_Jason-3_2017 ms/mean storred
INFO:root:end processing argos_Jason-3_2017
INFO:root:start processing gps_Jason-2_2017
INFO:root:drogued gps_Jason-2_2017 ms/mean storred
INFO:root:undrogued gps_Jason-2_2017 ms/mean storred
INFO:root:end processing gps_Jason-2_2017
INFO:root:start processing argos_Jason-2_2017
INFO:root:drogued argos_Jason-2_2017 ms/mean storred
INFO:root:undrogued argos_Jason-2_2017 ms/mean storred
INFO:root:end processing argos_Jason-2_2017
INFO:root:start processing gps_SARAL_2017
INFO:root:drogued gps_SARAL_2017 ms/mean storred
INFO:root:undrogued gps_SARAL_2017 ms/mean storred
INFO:root:end processing gps_SARAL_2017
INFO:root:start processing argos_SARAL_2017
INFO:root:drogued argos_SARAL_2017 ms/mean storred
INFO:root:undrogued argos_SARAL_2017 ms/mean storred
INFO:root:end processing argos_SARAL_2017
INFO:root:start processing gps_Cryosat-2_2017
INFO:root:drogued gps_Cryosat-2_2017 ms/mean storred
INFO:root:undrogued gps_Cryosat-2_2017 ms/mean storred
INFO:root:end processing gps_Cryosat-2_2017
INFO:root:start processing argos_Cryosat-2_2017
INFO:root:drogued argos_Cryosat-2_2017 ms/mean storred
INFO:root:undrogued argos_Cryosat-2_2017 ms/mean storred
INFO:root:end processing argos_Cryosat-2_2017
INFO:root:start processing gps_Sentinel-3_A_2017
INFO:root:drogued gps_Sentinel-3_A_2017 ms/mean storred
INFO:root:undrogued gps_Sentinel-3_A_2017 ms/mean storred
INFO:root:end processing gps_Sentinel-3_A_2017
INFO:root:start processing argos_Sentinel-3_A_2017
INFO:root:drogued argos_Sentinel-3_A_2017 ms/mean storred
INFO:root:undrogued argos_Sentinel-3_A_2017 ms/mean storred
INFO:root:end processing argos_Sentinel-3_A_2017
INFO:root:start processing gps_Jason-3_2016
INFO:root:drogued gps_Jason-3_2016 ms/mean storred
INFO:root:undrogued gps_Jason-3_2016 ms/mean storred
INFO:root:end processing gps_Jason-3_2016
INFO:root:start processing argos_Jason-3_2016
INFO:root:drogued argos_Jason-3_2016 ms/mean storred
INFO:root:undrogued argos_Jason-3_2016 ms/mean storred
INFO:root:end processing argos_Jason-3_2016
INFO:root:start processing gps_Jason-2_2016
INFO:root:drogued gps_Jason-2_2016 ms/mean storred
INFO:root:undrogued gps_Jason-2_2016 ms/mean storred
INFO:root:end processing gps_Jason-2_2016
INFO:root:start processing argos_Jason-2_2016
INFO:root:drogued argos_Jason-2_2016 ms/mean storred
INFO:root:undrogued argos_Jason-2_2016 ms/mean storred
INFO:root:end processing argos_Jason-2_2016
INFO:root:start processing gps_SARAL_2016
INFO:root:drogued gps_SARAL_2016 ms/mean storred
INFO:root:undrogued gps_SARAL_2016 ms/mean storred
INFO:root:end processing gps_SARAL_2016
INFO:root:start processing argos_SARAL_2016
INFO:root:drogued argos_SARAL_2016 ms/mean storred
INFO:root:undrogued argos_SARAL_2016 ms/mean storred
INFO:root:end processing argos_SARAL_2016
INFO:root:start processing gps_Cryosat-2_2016
INFO:root:drogued gps_Cryosat-2_2016 ms/mean storred
INFO:root:undrogued gps_Cryosat-2_2016 ms/mean storred
INFO:root:end processing gps_Cryosat-2_2016
INFO:root:start processing argos_Cryosat-2_2016
INFO:root:drogued argos_Cryosat-2_2016 ms/mean storred
INFO:root:undrogued argos_Cryosat-2_2016 ms/mean storred
INFO:root:end processing argos_Cryosat-2_2016
INFO:root:start processing gps_Sentinel-3_A_2016
INFO:root:drogued gps_Sentinel-3_A_2016 ms/mean storred
INFO:root:undrogued gps_Sentinel-3_A_2016 ms/mean storred
INFO:root:end processing gps_Sentinel-3_A_2016
INFO:root:start processing argos_Sentinel-3_A_2016
INFO:root:drogued argos_Sentinel-3_A_2016 ms/mean storred
INFO:root:undrogued argos_Sentinel-3_A_2016 ms/mean storred
INFO:root:end processing argos_Sentinel-3_A_2016
INFO:root:start processing gps_Jason-2_2015
INFO:root:drogued gps_Jason-2_2015 ms/mean storred
INFO:root:undrogued gps_Jason-2_2015 ms/mean storred
INFO:root:end processing gps_Jason-2_2015
INFO:root:start processing argos_Jason-2_2015
INFO:root:drogued argos_Jason-2_2015 ms/mean storred
INFO:root:undrogued argos_Jason-2_2015 ms/mean storred
INFO:root:end processing argos_Jason-2_2015
INFO:root:start processing gps_SARAL_2015
INFO:root:drogued gps_SARAL_2015 ms/mean storred
INFO:root:undrogued gps_SARAL_2015 ms/mean storred
INFO:root:end processing gps_SARAL_2015
INFO:root:start processing argos_SARAL_2015
INFO:root:drogued argos_SARAL_2015 ms/mean storred
INFO:root:undrogued argos_SARAL_2015 ms/mean storred
INFO:root:end processing argos_SARAL_2015
INFO:root:start processing gps_Cryosat-2_2015
INFO:root:drogued gps_Cryosat-2_2015 ms/mean storred
INFO:root:undrogued gps_Cryosat-2_2015 ms/mean storred
INFO:root:end processing gps_Cryosat-2_2015
INFO:root:start processing argos_Cryosat-2_2015
INFO:root:drogued argos_Cryosat-2_2015 ms/mean storred
INFO:root:undrogued argos_Cryosat-2_2015 ms/mean storred
INFO:root:end processing argos_Cryosat-2_2015
INFO:root:start processing gps_Jason-2_2014
INFO:root:drogued gps_Jason-2_2014 ms/mean storred
INFO:root:undrogued gps_Jason-2_2014 ms/mean storred
INFO:root:end processing gps_Jason-2_2014
INFO:root:start processing argos_Jason-2_2014
INFO:root:drogued argos_Jason-2_2014 ms/mean storred
INFO:root:undrogued argos_Jason-2_2014 ms/mean storred
INFO:root:end processing argos_Jason-2_2014
INFO:root:start processing gps_SARAL_2014
INFO:root:drogued gps_SARAL_2014 ms/mean storred
INFO:root:undrogued gps_SARAL_2014 ms/mean storred
INFO:root:end processing gps_SARAL_2014
INFO:root:start processing argos_SARAL_2014
INFO:root:drogued argos_SARAL_2014 ms/mean storred
INFO:root:undrogued argos_SARAL_2014 ms/mean storred
INFO:root:end processing argos_SARAL_2014
INFO:root:start processing gps_Cryosat-2_2014
INFO:root:drogued gps_Cryosat-2_2014 ms/mean storred
INFO:root:undrogued gps_Cryosat-2_2014 ms/mean storred
INFO:root:end processing gps_Cryosat-2_2014
INFO:root:start processing argos_Cryosat-2_2014
INFO:root:drogued argos_Cryosat-2_2014 ms/mean storred
INFO:root:undrogued argos_Cryosat-2_2014 ms/mean storred
INFO:root:end processing argos_Cryosat-2_2014
INFO:root:start processing gps_Jason-2_2013
INFO:root:drogued gps_Jason-2_2013 ms/mean storred
INFO:root:undrogued gps_Jason-2_2013 ms/mean storred
INFO:root:end processing gps_Jason-2_2013
INFO:root:start processing argos_Jason-2_2013
INFO:root:drogued argos_Jason-2_2013 ms/mean storred
INFO:root:undrogued argos_Jason-2_2013 ms/mean storred
INFO:root:end processing argos_Jason-2_2013
INFO:root:start processing gps_SARAL_2013
INFO:root:drogued gps_SARAL_2013 ms/mean storred
INFO:root:undrogued gps_SARAL_2013 ms/mean storred
INFO:root:end processing gps_SARAL_2013
INFO:root:start processing argos_SARAL_2013
INFO:root:drogued argos_SARAL_2013 ms/mean storred
INFO:root:undrogued argos_SARAL_2013 ms/mean storred
INFO:root:end processing argos_SARAL_2013
INFO:root:start processing gps_Cryosat-2_2013
INFO:root:drogued gps_Cryosat-2_2013 ms/mean storred
INFO:root:undrogued gps_Cryosat-2_2013 ms/mean storred
INFO:root:end processing gps_Cryosat-2_2013
INFO:root:start processing argos_Cryosat-2_2013
INFO:root:drogued argos_Cryosat-2_2013 ms/mean storred
INFO:root:undrogued argos_Cryosat-2_2013 ms/mean storred
INFO:root:end processing argos_Cryosat-2_2013
INFO:root:start processing gps_Jason-2_2012
INFO:root:drogued gps_Jason-2_2012 ms/mean storred
INFO:root:undrogued gps_Jason-2_2012 ms/mean storred
INFO:root:end processing gps_Jason-2_2012
INFO:root:start processing argos_Jason-2_2012
INFO:root:drogued argos_Jason-2_2012 ms/mean storred
INFO:root:undrogued argos_Jason-2_2012 ms/mean storred
INFO:root:end processing argos_Jason-2_2012
INFO:root:start processing gps_Cryosat-2_2012
INFO:root:drogued gps_Cryosat-2_2012 ms/mean storred
INFO:root:undrogued gps_Cryosat-2_2012 ms/mean storred
INFO:root:end processing gps_Cryosat-2_2012
INFO:root:start processing argos_Cryosat-2_2012
INFO:root:drogued argos_Cryosat-2_2012 ms/mean storred
INFO:root:undrogued argos_Cryosat-2_2012 ms/mean storred
INFO:root:end processing argos_Cryosat-2_2012
INFO:root:start processing gps_Jason-2_2011
INFO:root:drogued gps_Jason-2_2011 ms/mean storred
INFO:root:undrogued gps_Jason-2_2011 ms/mean storred
INFO:root:end processing gps_Jason-2_2011
INFO:root:start processing argos_Jason-2_2011
INFO:root:drogued argos_Jason-2_2011 ms/mean storred
INFO:root:undrogued argos_Jason-2_2011 ms/mean storred
INFO:root:end processing argos_Jason-2_2011
INFO:root:start processing gps_Cryosat-2_2011
INFO:root:drogued gps_Cryosat-2_2011 ms/mean storred
INFO:root:undrogued gps_Cryosat-2_2011 ms/mean storred
INFO:root:end processing gps_Cryosat-2_2011
INFO:root:start processing argos_Cryosat-2_2011
INFO:root:drogued argos_Cryosat-2_2011 ms/mean storred
INFO:root:undrogued argos_Cryosat-2_2011 ms/mean storred
INFO:root:end processing argos_Cryosat-2_2011
INFO:root:start processing gps_Jason-2_2010
INFO:root:drogued gps_Jason-2_2010 ms/mean storred
INFO:root:undrogued gps_Jason-2_2010 ms/mean storred
INFO:root:end processing gps_Jason-2_2010
INFO:root:start processing argos_Jason-2_2010
INFO:root:drogued argos_Jason-2_2010 ms/mean storred
INFO:root:undrogued argos_Jason-2_2010 ms/mean storred
INFO:root:end processing argos_Jason-2_2010
INFO:root:start processing gps_Cryosat-2_2010
INFO:root:drogued gps_Cryosat-2_2010 ms/mean storred
INFO:root:end processing gps_Cryosat-2_2010
INFO:root:start processing argos_Cryosat-2_2010
INFO:root:drogued argos_Cryosat-2_2010 ms/mean storred
INFO:root:undrogued argos_Cryosat-2_2010 ms/mean storred
INFO:root:end processing argos_Cryosat-2_2010
INFO:root:starts closing dask cluster ...
INFO:root:client closed ...
INFO:root: qdel 8587739
INFO:root: qdel 8587740
INFO:root:manually killed jobs ...
INFO:root:... done
INFO:root:- all done
INFO:root:start spinning up dask cluster, jobs=2
INFO:root:dashboard via ssh: ssh -N -L 8787:r1i3n31:8787 mdemol@datarmor1-10g
INFO:root:open browser at address of the type: http://localhost:8787
INFO:root:start processing gps_Jason-3_2020
INFO:root:ms gps_Jason-3_2020 storred
INFO:root:ms drogued gps_Jason-3_2020 storred
INFO:root:ms undrogued gps_Jason-3_2020 storred
INFO:root:mean gps_Jason-3_2020 storred
INFO:root:mean gps_Jason-3_2020 drogued storred
INFO:root:mean gps_Jason-3_2020 undrogued storred
INFO:root:end processing gps_Jason-3_2020
INFO:root:start processing argos_Jason-3_2020
INFO:root:ms argos_Jason-3_2020 storred
INFO:root:ms undrogued argos_Jason-3_2020 storred
INFO:root:mean argos_Jason-3_2020 storred
INFO:root:mean argos_Jason-3_2020 undrogued storred
INFO:root:end processing argos_Jason-3_2020
INFO:root:start processing gps_SARAL_2020
INFO:root:ms gps_SARAL_2020 storred
INFO:root:ms drogued gps_SARAL_2020 storred
INFO:root:ms undrogued gps_SARAL_2020 storred
INFO:root:mean gps_SARAL_2020 storred
INFO:root:mean gps_SARAL_2020 drogued storred
INFO:root:mean gps_SARAL_2020 undrogued storred
INFO:root:end processing gps_SARAL_2020
INFO:root:start processing argos_SARAL_2020
INFO:root:ms argos_SARAL_2020 storred
INFO:root:ms undrogued argos_SARAL_2020 storred
INFO:root:mean argos_SARAL_2020 storred
INFO:root:mean argos_SARAL_2020 undrogued storred
INFO:root:end processing argos_SARAL_2020
INFO:root:start processing gps_Cryosat-2_2020
INFO:root:ms gps_Cryosat-2_2020 storred
INFO:root:ms drogued gps_Cryosat-2_2020 storred
INFO:root:ms undrogued gps_Cryosat-2_2020 storred
INFO:root:mean gps_Cryosat-2_2020 storred
INFO:root:mean gps_Cryosat-2_2020 drogued storred
INFO:root:mean gps_Cryosat-2_2020 undrogued storred
INFO:root:end processing gps_Cryosat-2_2020
INFO:root:start processing argos_Cryosat-2_2020
INFO:root:ms argos_Cryosat-2_2020 storred
INFO:root:ms undrogued argos_Cryosat-2_2020 storred
INFO:root:mean argos_Cryosat-2_2020 storred
INFO:root:mean argos_Cryosat-2_2020 undrogued storred
INFO:root:end processing argos_Cryosat-2_2020
INFO:root:start processing gps_Sentinel-3_A_2020
INFO:root:ms gps_Sentinel-3_A_2020 storred
INFO:root:ms drogued gps_Sentinel-3_A_2020 storred
INFO:root:ms undrogued gps_Sentinel-3_A_2020 storred
INFO:root:mean gps_Sentinel-3_A_2020 storred
INFO:root:mean gps_Sentinel-3_A_2020 drogued storred
INFO:root:mean gps_Sentinel-3_A_2020 undrogued storred
INFO:root:end processing gps_Sentinel-3_A_2020
INFO:root:start processing argos_Sentinel-3_A_2020
INFO:root:ms argos_Sentinel-3_A_2020 storred
INFO:root:ms undrogued argos_Sentinel-3_A_2020 storred
INFO:root:mean argos_Sentinel-3_A_2020 storred
INFO:root:mean argos_Sentinel-3_A_2020 undrogued storred
INFO:root:end processing argos_Sentinel-3_A_2020
INFO:root:start processing gps_Sentinel-3_B_2020
INFO:root:ms gps_Sentinel-3_B_2020 storred
INFO:root:ms drogued gps_Sentinel-3_B_2020 storred
INFO:root:ms undrogued gps_Sentinel-3_B_2020 storred
INFO:root:mean gps_Sentinel-3_B_2020 storred
INFO:root:mean gps_Sentinel-3_B_2020 drogued storred
INFO:root:mean gps_Sentinel-3_B_2020 undrogued storred
INFO:root:end processing gps_Sentinel-3_B_2020
INFO:root:start processing argos_Sentinel-3_B_2020
INFO:root:ms argos_Sentinel-3_B_2020 storred
INFO:root:ms undrogued argos_Sentinel-3_B_2020 storred
INFO:root:mean argos_Sentinel-3_B_2020 storred
INFO:root:mean argos_Sentinel-3_B_2020 undrogued storred
INFO:root:end processing argos_Sentinel-3_B_2020
INFO:root:start processing gps_Jason-3_2019
INFO:root:ms gps_Jason-3_2019 storred
INFO:root:ms drogued gps_Jason-3_2019 storred
INFO:root:ms undrogued gps_Jason-3_2019 storred
INFO:root:mean gps_Jason-3_2019 storred
INFO:root:mean gps_Jason-3_2019 drogued storred
INFO:root:mean gps_Jason-3_2019 undrogued storred
INFO:root:end processing gps_Jason-3_2019
INFO:root:start processing argos_Jason-3_2019
INFO:root:ms argos_Jason-3_2019 storred
INFO:root:ms drogued argos_Jason-3_2019 storred
INFO:root:ms undrogued argos_Jason-3_2019 storred
INFO:root:mean argos_Jason-3_2019 storred
INFO:root:mean argos_Jason-3_2019 drogued storred
INFO:root:mean argos_Jason-3_2019 undrogued storred
INFO:root:end processing argos_Jason-3_2019
INFO:root:start processing gps_SARAL_2019
INFO:root:ms gps_SARAL_2019 storred
INFO:root:ms drogued gps_SARAL_2019 storred
INFO:root:ms undrogued gps_SARAL_2019 storred
INFO:root:mean gps_SARAL_2019 storred
INFO:root:mean gps_SARAL_2019 drogued storred
INFO:root:mean gps_SARAL_2019 undrogued storred
INFO:root:end processing gps_SARAL_2019
INFO:root:start processing argos_SARAL_2019
INFO:root:ms argos_SARAL_2019 storred
INFO:root:ms drogued argos_SARAL_2019 storred
INFO:root:ms undrogued argos_SARAL_2019 storred
INFO:root:mean argos_SARAL_2019 storred
INFO:root:mean argos_SARAL_2019 drogued storred
INFO:root:mean argos_SARAL_2019 undrogued storred
INFO:root:end processing argos_SARAL_2019
INFO:root:start processing gps_Cryosat-2_2019
INFO:root:ms gps_Cryosat-2_2019 storred
INFO:root:ms drogued gps_Cryosat-2_2019 storred
INFO:root:ms undrogued gps_Cryosat-2_2019 storred
INFO:root:mean gps_Cryosat-2_2019 storred
INFO:root:mean gps_Cryosat-2_2019 drogued storred
INFO:root:mean gps_Cryosat-2_2019 undrogued storred
INFO:root:end processing gps_Cryosat-2_2019
INFO:root:start processing argos_Cryosat-2_2019
INFO:root:ms argos_Cryosat-2_2019 storred
INFO:root:ms drogued argos_Cryosat-2_2019 storred
INFO:root:ms undrogued argos_Cryosat-2_2019 storred
INFO:root:mean argos_Cryosat-2_2019 storred
INFO:root:mean argos_Cryosat-2_2019 drogued storred
INFO:root:mean argos_Cryosat-2_2019 undrogued storred
INFO:root:end processing argos_Cryosat-2_2019
INFO:root:start processing gps_Sentinel-3_A_2019
INFO:root:ms gps_Sentinel-3_A_2019 storred
INFO:root:ms drogued gps_Sentinel-3_A_2019 storred
INFO:root:ms undrogued gps_Sentinel-3_A_2019 storred
INFO:root:mean gps_Sentinel-3_A_2019 storred
INFO:root:mean gps_Sentinel-3_A_2019 drogued storred
INFO:root:mean gps_Sentinel-3_A_2019 undrogued storred
INFO:root:end processing gps_Sentinel-3_A_2019
INFO:root:start processing argos_Sentinel-3_A_2019
INFO:root:ms argos_Sentinel-3_A_2019 storred
INFO:root:ms drogued argos_Sentinel-3_A_2019 storred
INFO:root:ms undrogued argos_Sentinel-3_A_2019 storred
INFO:root:mean argos_Sentinel-3_A_2019 storred
INFO:root:mean argos_Sentinel-3_A_2019 drogued storred
INFO:root:mean argos_Sentinel-3_A_2019 undrogued storred
INFO:root:end processing argos_Sentinel-3_A_2019
INFO:root:start processing gps_Sentinel-3_B_2019
INFO:root:ms gps_Sentinel-3_B_2019 storred
INFO:root:ms drogued gps_Sentinel-3_B_2019 storred
INFO:root:ms undrogued gps_Sentinel-3_B_2019 storred
INFO:root:mean gps_Sentinel-3_B_2019 storred
INFO:root:mean gps_Sentinel-3_B_2019 drogued storred
INFO:root:mean gps_Sentinel-3_B_2019 undrogued storred
INFO:root:end processing gps_Sentinel-3_B_2019
INFO:root:start processing argos_Sentinel-3_B_2019
INFO:root:ms argos_Sentinel-3_B_2019 storred
INFO:root:ms drogued argos_Sentinel-3_B_2019 storred
INFO:root:ms undrogued argos_Sentinel-3_B_2019 storred
INFO:root:mean argos_Sentinel-3_B_2019 storred
INFO:root:mean argos_Sentinel-3_B_2019 drogued storred
INFO:root:mean argos_Sentinel-3_B_2019 undrogued storred
INFO:root:end processing argos_Sentinel-3_B_2019
INFO:root:start processing gps_Jason-3_2018
INFO:root:ms gps_Jason-3_2018 storred
INFO:root:ms drogued gps_Jason-3_2018 storred
INFO:root:ms undrogued gps_Jason-3_2018 storred
INFO:root:mean gps_Jason-3_2018 storred
INFO:root:mean gps_Jason-3_2018 drogued storred
INFO:root:mean gps_Jason-3_2018 undrogued storred
INFO:root:end processing gps_Jason-3_2018
INFO:root:start processing argos_Jason-3_2018
INFO:root:ms argos_Jason-3_2018 storred
INFO:root:ms drogued argos_Jason-3_2018 storred
INFO:root:ms undrogued argos_Jason-3_2018 storred
INFO:root:mean argos_Jason-3_2018 storred
INFO:root:mean argos_Jason-3_2018 drogued storred
INFO:root:mean argos_Jason-3_2018 undrogued storred
INFO:root:end processing argos_Jason-3_2018
INFO:root:start processing gps_SARAL_2018
INFO:root:ms gps_SARAL_2018 storred
INFO:root:ms drogued gps_SARAL_2018 storred
INFO:root:ms undrogued gps_SARAL_2018 storred
INFO:root:mean gps_SARAL_2018 storred
INFO:root:mean gps_SARAL_2018 drogued storred
INFO:root:mean gps_SARAL_2018 undrogued storred
INFO:root:end processing gps_SARAL_2018
INFO:root:start processing argos_SARAL_2018
INFO:root:ms argos_SARAL_2018 storred
INFO:root:ms drogued argos_SARAL_2018 storred
INFO:root:ms undrogued argos_SARAL_2018 storred
INFO:root:mean argos_SARAL_2018 storred
INFO:root:mean argos_SARAL_2018 drogued storred
INFO:root:mean argos_SARAL_2018 undrogued storred
INFO:root:end processing argos_SARAL_2018
INFO:root:start processing gps_Cryosat-2_2018
INFO:root:ms gps_Cryosat-2_2018 storred
INFO:root:ms drogued gps_Cryosat-2_2018 storred
INFO:root:ms undrogued gps_Cryosat-2_2018 storred
INFO:root:mean gps_Cryosat-2_2018 storred
INFO:root:mean gps_Cryosat-2_2018 drogued storred
INFO:root:mean gps_Cryosat-2_2018 undrogued storred
INFO:root:end processing gps_Cryosat-2_2018
INFO:root:start processing argos_Cryosat-2_2018
INFO:root:ms argos_Cryosat-2_2018 storred
INFO:root:ms drogued argos_Cryosat-2_2018 storred
INFO:root:ms undrogued argos_Cryosat-2_2018 storred
INFO:root:mean argos_Cryosat-2_2018 storred
INFO:root:mean argos_Cryosat-2_2018 drogued storred
INFO:root:mean argos_Cryosat-2_2018 undrogued storred
INFO:root:end processing argos_Cryosat-2_2018
INFO:root:start processing gps_Sentinel-3_A_2018
INFO:root:ms gps_Sentinel-3_A_2018 storred
INFO:root:ms drogued gps_Sentinel-3_A_2018 storred
INFO:root:ms undrogued gps_Sentinel-3_A_2018 storred
INFO:root:mean gps_Sentinel-3_A_2018 storred
INFO:root:mean gps_Sentinel-3_A_2018 drogued storred
INFO:root:mean gps_Sentinel-3_A_2018 undrogued storred
INFO:root:end processing gps_Sentinel-3_A_2018
INFO:root:start processing argos_Sentinel-3_A_2018
INFO:root:ms argos_Sentinel-3_A_2018 storred
INFO:root:ms drogued argos_Sentinel-3_A_2018 storred
INFO:root:ms undrogued argos_Sentinel-3_A_2018 storred
INFO:root:mean argos_Sentinel-3_A_2018 storred
INFO:root:mean argos_Sentinel-3_A_2018 drogued storred
INFO:root:mean argos_Sentinel-3_A_2018 undrogued storred
INFO:root:end processing argos_Sentinel-3_A_2018
INFO:root:start processing gps_Sentinel-3_B_2018
INFO:root:ms gps_Sentinel-3_B_2018 storred
INFO:root:ms drogued gps_Sentinel-3_B_2018 storred
INFO:root:ms undrogued gps_Sentinel-3_B_2018 storred
INFO:root:mean gps_Sentinel-3_B_2018 storred
INFO:root:mean gps_Sentinel-3_B_2018 drogued storred
INFO:root:mean gps_Sentinel-3_B_2018 undrogued storred
INFO:root:end processing gps_Sentinel-3_B_2018
INFO:root:start processing argos_Sentinel-3_B_2018
INFO:root:ms argos_Sentinel-3_B_2018 storred
INFO:root:ms drogued argos_Sentinel-3_B_2018 storred
INFO:root:ms undrogued argos_Sentinel-3_B_2018 storred
INFO:root:mean argos_Sentinel-3_B_2018 storred
INFO:root:mean argos_Sentinel-3_B_2018 drogued storred
INFO:root:mean argos_Sentinel-3_B_2018 undrogued storred
INFO:root:end processing argos_Sentinel-3_B_2018
INFO:root:start processing gps_Jason-3_2017
INFO:root:ms gps_Jason-3_2017 storred
INFO:root:ms drogued gps_Jason-3_2017 storred
INFO:root:ms undrogued gps_Jason-3_2017 storred
INFO:root:mean gps_Jason-3_2017 storred
INFO:root:mean gps_Jason-3_2017 drogued storred
INFO:root:mean gps_Jason-3_2017 undrogued storred
INFO:root:end processing gps_Jason-3_2017
INFO:root:start processing argos_Jason-3_2017
INFO:root:ms argos_Jason-3_2017 storred
INFO:root:ms drogued argos_Jason-3_2017 storred
INFO:root:ms undrogued argos_Jason-3_2017 storred
INFO:root:mean argos_Jason-3_2017 storred
INFO:root:mean argos_Jason-3_2017 drogued storred
INFO:root:mean argos_Jason-3_2017 undrogued storred
INFO:root:end processing argos_Jason-3_2017
INFO:root:start processing gps_Jason-2_2017
INFO:root:ms gps_Jason-2_2017 storred
INFO:root:ms drogued gps_Jason-2_2017 storred
INFO:root:ms undrogued gps_Jason-2_2017 storred
INFO:root:mean gps_Jason-2_2017 storred
INFO:root:mean gps_Jason-2_2017 drogued storred
INFO:root:mean gps_Jason-2_2017 undrogued storred
INFO:root:end processing gps_Jason-2_2017
INFO:root:start processing argos_Jason-2_2017
INFO:root:ms argos_Jason-2_2017 storred
INFO:root:ms drogued argos_Jason-2_2017 storred
INFO:root:ms undrogued argos_Jason-2_2017 storred
INFO:root:mean argos_Jason-2_2017 storred
INFO:root:mean argos_Jason-2_2017 drogued storred
INFO:root:mean argos_Jason-2_2017 undrogued storred
INFO:root:end processing argos_Jason-2_2017
INFO:root:start processing gps_SARAL_2017
INFO:root:ms gps_SARAL_2017 storred
INFO:root:ms drogued gps_SARAL_2017 storred
INFO:root:ms undrogued gps_SARAL_2017 storred
INFO:root:mean gps_SARAL_2017 storred
INFO:root:mean gps_SARAL_2017 drogued storred
INFO:root:mean gps_SARAL_2017 undrogued storred
INFO:root:end processing gps_SARAL_2017
INFO:root:start processing argos_SARAL_2017
INFO:root:ms argos_SARAL_2017 storred
INFO:root:ms drogued argos_SARAL_2017 storred
INFO:root:ms undrogued argos_SARAL_2017 storred
INFO:root:mean argos_SARAL_2017 storred
INFO:root:mean argos_SARAL_2017 drogued storred
INFO:root:mean argos_SARAL_2017 undrogued storred
INFO:root:end processing argos_SARAL_2017
INFO:root:start processing gps_Cryosat-2_2017
INFO:root:ms gps_Cryosat-2_2017 storred
INFO:root:ms drogued gps_Cryosat-2_2017 storred
INFO:root:ms undrogued gps_Cryosat-2_2017 storred
INFO:root:mean gps_Cryosat-2_2017 storred
INFO:root:mean gps_Cryosat-2_2017 drogued storred
INFO:root:mean gps_Cryosat-2_2017 undrogued storred
INFO:root:end processing gps_Cryosat-2_2017
INFO:root:start processing argos_Cryosat-2_2017
INFO:root:ms argos_Cryosat-2_2017 storred
INFO:root:ms drogued argos_Cryosat-2_2017 storred
INFO:root:ms undrogued argos_Cryosat-2_2017 storred
INFO:root:mean argos_Cryosat-2_2017 storred
INFO:root:mean argos_Cryosat-2_2017 drogued storred
INFO:root:mean argos_Cryosat-2_2017 undrogued storred
INFO:root:end processing argos_Cryosat-2_2017
INFO:root:start processing gps_Sentinel-3_A_2017
INFO:root:ms gps_Sentinel-3_A_2017 storred
INFO:root:ms drogued gps_Sentinel-3_A_2017 storred
INFO:root:ms undrogued gps_Sentinel-3_A_2017 storred
INFO:root:mean gps_Sentinel-3_A_2017 storred
INFO:root:mean gps_Sentinel-3_A_2017 drogued storred
INFO:root:mean gps_Sentinel-3_A_2017 undrogued storred
INFO:root:end processing gps_Sentinel-3_A_2017
INFO:root:start processing argos_Sentinel-3_A_2017
INFO:root:ms argos_Sentinel-3_A_2017 storred
INFO:root:ms drogued argos_Sentinel-3_A_2017 storred
INFO:root:ms undrogued argos_Sentinel-3_A_2017 storred
INFO:root:mean argos_Sentinel-3_A_2017 storred
INFO:root:mean argos_Sentinel-3_A_2017 drogued storred
INFO:root:mean argos_Sentinel-3_A_2017 undrogued storred
INFO:root:end processing argos_Sentinel-3_A_2017
INFO:root:start processing gps_Jason-3_2016
INFO:root:ms gps_Jason-3_2016 storred
INFO:root:ms drogued gps_Jason-3_2016 storred
INFO:root:ms undrogued gps_Jason-3_2016 storred
INFO:root:mean gps_Jason-3_2016 storred
INFO:root:mean gps_Jason-3_2016 drogued storred
INFO:root:mean gps_Jason-3_2016 undrogued storred
INFO:root:end processing gps_Jason-3_2016
INFO:root:start processing argos_Jason-3_2016
INFO:root:ms argos_Jason-3_2016 storred
INFO:root:ms drogued argos_Jason-3_2016 storred
INFO:root:ms undrogued argos_Jason-3_2016 storred
INFO:root:mean argos_Jason-3_2016 storred
INFO:root:mean argos_Jason-3_2016 drogued storred
INFO:root:mean argos_Jason-3_2016 undrogued storred
INFO:root:end processing argos_Jason-3_2016
INFO:root:start processing gps_Jason-2_2016
INFO:root:ms gps_Jason-2_2016 storred
INFO:root:ms drogued gps_Jason-2_2016 storred
INFO:root:ms undrogued gps_Jason-2_2016 storred
INFO:root:mean gps_Jason-2_2016 storred
INFO:root:mean gps_Jason-2_2016 drogued storred
INFO:root:mean gps_Jason-2_2016 undrogued storred
INFO:root:end processing gps_Jason-2_2016
INFO:root:start processing argos_Jason-2_2016
INFO:root:ms argos_Jason-2_2016 storred
INFO:root:ms drogued argos_Jason-2_2016 storred
INFO:root:ms undrogued argos_Jason-2_2016 storred
INFO:root:mean argos_Jason-2_2016 storred
INFO:root:mean argos_Jason-2_2016 drogued storred
INFO:root:mean argos_Jason-2_2016 undrogued storred
INFO:root:end processing argos_Jason-2_2016
INFO:root:start processing gps_SARAL_2016
INFO:root:ms gps_SARAL_2016 storred
INFO:root:ms drogued gps_SARAL_2016 storred
INFO:root:ms undrogued gps_SARAL_2016 storred
INFO:root:mean gps_SARAL_2016 storred
INFO:root:mean gps_SARAL_2016 drogued storred
INFO:root:mean gps_SARAL_2016 undrogued storred
INFO:root:end processing gps_SARAL_2016
INFO:root:start processing argos_SARAL_2016
INFO:root:ms argos_SARAL_2016 storred
INFO:root:ms drogued argos_SARAL_2016 storred
INFO:root:ms undrogued argos_SARAL_2016 storred
INFO:root:mean argos_SARAL_2016 storred
INFO:root:mean argos_SARAL_2016 drogued storred
INFO:root:mean argos_SARAL_2016 undrogued storred
INFO:root:end processing argos_SARAL_2016
INFO:root:start processing gps_Cryosat-2_2016
INFO:root:ms gps_Cryosat-2_2016 storred
INFO:root:ms drogued gps_Cryosat-2_2016 storred
INFO:root:ms undrogued gps_Cryosat-2_2016 storred
INFO:root:mean gps_Cryosat-2_2016 storred
INFO:root:mean gps_Cryosat-2_2016 drogued storred
INFO:root:mean gps_Cryosat-2_2016 undrogued storred
INFO:root:end processing gps_Cryosat-2_2016
INFO:root:start processing argos_Cryosat-2_2016
INFO:root:ms argos_Cryosat-2_2016 storred
INFO:root:ms drogued argos_Cryosat-2_2016 storred
INFO:root:ms undrogued argos_Cryosat-2_2016 storred
INFO:root:mean argos_Cryosat-2_2016 storred
INFO:root:mean argos_Cryosat-2_2016 drogued storred
INFO:root:mean argos_Cryosat-2_2016 undrogued storred
INFO:root:end processing argos_Cryosat-2_2016
INFO:root:start processing gps_Sentinel-3_A_2016
INFO:root:ms gps_Sentinel-3_A_2016 storred
INFO:root:ms drogued gps_Sentinel-3_A_2016 storred
INFO:root:ms undrogued gps_Sentinel-3_A_2016 storred
INFO:root:mean gps_Sentinel-3_A_2016 storred
INFO:root:mean gps_Sentinel-3_A_2016 drogued storred
INFO:root:mean gps_Sentinel-3_A_2016 undrogued storred
INFO:root:end processing gps_Sentinel-3_A_2016
INFO:root:start processing argos_Sentinel-3_A_2016
INFO:root:ms argos_Sentinel-3_A_2016 storred
INFO:root:ms drogued argos_Sentinel-3_A_2016 storred
INFO:root:ms undrogued argos_Sentinel-3_A_2016 storred
INFO:root:mean argos_Sentinel-3_A_2016 storred
INFO:root:mean argos_Sentinel-3_A_2016 drogued storred
INFO:root:mean argos_Sentinel-3_A_2016 undrogued storred
INFO:root:end processing argos_Sentinel-3_A_2016
INFO:root:start processing gps_Jason-2_2015
INFO:root:ms gps_Jason-2_2015 storred
INFO:root:ms drogued gps_Jason-2_2015 storred
INFO:root:ms undrogued gps_Jason-2_2015 storred
INFO:root:mean gps_Jason-2_2015 storred
INFO:root:mean gps_Jason-2_2015 drogued storred
INFO:root:mean gps_Jason-2_2015 undrogued storred
INFO:root:end processing gps_Jason-2_2015
INFO:root:start processing argos_Jason-2_2015
INFO:root:ms argos_Jason-2_2015 storred
INFO:root:ms drogued argos_Jason-2_2015 storred
INFO:root:ms undrogued argos_Jason-2_2015 storred
INFO:root:mean argos_Jason-2_2015 storred
INFO:root:mean argos_Jason-2_2015 drogued storred
INFO:root:mean argos_Jason-2_2015 undrogued storred
INFO:root:end processing argos_Jason-2_2015
INFO:root:start processing gps_SARAL_2015
INFO:root:ms gps_SARAL_2015 storred
INFO:root:ms drogued gps_SARAL_2015 storred
INFO:root:ms undrogued gps_SARAL_2015 storred
INFO:root:mean gps_SARAL_2015 storred
INFO:root:mean gps_SARAL_2015 drogued storred
INFO:root:mean gps_SARAL_2015 undrogued storred
INFO:root:end processing gps_SARAL_2015
INFO:root:start processing argos_SARAL_2015
INFO:root:ms argos_SARAL_2015 storred
INFO:root:ms drogued argos_SARAL_2015 storred
INFO:root:ms undrogued argos_SARAL_2015 storred
INFO:root:mean argos_SARAL_2015 storred
INFO:root:mean argos_SARAL_2015 drogued storred
INFO:root:mean argos_SARAL_2015 undrogued storred
INFO:root:end processing argos_SARAL_2015
INFO:root:start processing gps_Cryosat-2_2015
INFO:root:ms gps_Cryosat-2_2015 storred
INFO:root:ms drogued gps_Cryosat-2_2015 storred
INFO:root:ms undrogued gps_Cryosat-2_2015 storred
INFO:root:mean gps_Cryosat-2_2015 storred
INFO:root:mean gps_Cryosat-2_2015 drogued storred
INFO:root:mean gps_Cryosat-2_2015 undrogued storred
INFO:root:end processing gps_Cryosat-2_2015
INFO:root:start processing argos_Cryosat-2_2015
INFO:root:ms argos_Cryosat-2_2015 storred
INFO:root:ms drogued argos_Cryosat-2_2015 storred
INFO:root:ms undrogued argos_Cryosat-2_2015 storred
INFO:root:mean argos_Cryosat-2_2015 storred
INFO:root:mean argos_Cryosat-2_2015 drogued storred
INFO:root:mean argos_Cryosat-2_2015 undrogued storred
INFO:root:end processing argos_Cryosat-2_2015
INFO:root:start processing gps_Jason-2_2014
INFO:root:ms gps_Jason-2_2014 storred
INFO:root:ms drogued gps_Jason-2_2014 storred
INFO:root:ms undrogued gps_Jason-2_2014 storred
INFO:root:mean gps_Jason-2_2014 storred
INFO:root:mean gps_Jason-2_2014 drogued storred
INFO:root:mean gps_Jason-2_2014 undrogued storred
INFO:root:end processing gps_Jason-2_2014
INFO:root:start processing argos_Jason-2_2014
INFO:root:ms argos_Jason-2_2014 storred
INFO:root:ms drogued argos_Jason-2_2014 storred
INFO:root:ms undrogued argos_Jason-2_2014 storred
INFO:root:mean argos_Jason-2_2014 storred
INFO:root:mean argos_Jason-2_2014 drogued storred
INFO:root:mean argos_Jason-2_2014 undrogued storred
INFO:root:end processing argos_Jason-2_2014
INFO:root:start processing gps_SARAL_2014
INFO:root:ms gps_SARAL_2014 storred
INFO:root:ms drogued gps_SARAL_2014 storred
INFO:root:ms undrogued gps_SARAL_2014 storred
INFO:root:mean gps_SARAL_2014 storred
INFO:root:mean gps_SARAL_2014 drogued storred
INFO:root:mean gps_SARAL_2014 undrogued storred
INFO:root:end processing gps_SARAL_2014
INFO:root:start processing argos_SARAL_2014
INFO:root:ms argos_SARAL_2014 storred
INFO:root:ms drogued argos_SARAL_2014 storred
INFO:root:ms undrogued argos_SARAL_2014 storred
INFO:root:mean argos_SARAL_2014 storred
INFO:root:mean argos_SARAL_2014 drogued storred
INFO:root:mean argos_SARAL_2014 undrogued storred
INFO:root:end processing argos_SARAL_2014
INFO:root:start processing gps_Cryosat-2_2014
INFO:root:ms gps_Cryosat-2_2014 storred
INFO:root:ms drogued gps_Cryosat-2_2014 storred
INFO:root:ms undrogued gps_Cryosat-2_2014 storred
INFO:root:mean gps_Cryosat-2_2014 storred
INFO:root:mean gps_Cryosat-2_2014 drogued storred
INFO:root:mean gps_Cryosat-2_2014 undrogued storred
INFO:root:end processing gps_Cryosat-2_2014
INFO:root:start processing argos_Cryosat-2_2014
INFO:root:ms argos_Cryosat-2_2014 storred
INFO:root:ms drogued argos_Cryosat-2_2014 storred
INFO:root:ms undrogued argos_Cryosat-2_2014 storred
INFO:root:mean argos_Cryosat-2_2014 storred
INFO:root:mean argos_Cryosat-2_2014 drogued storred
INFO:root:mean argos_Cryosat-2_2014 undrogued storred
INFO:root:end processing argos_Cryosat-2_2014
INFO:root:start processing gps_Jason-2_2013
INFO:root:ms gps_Jason-2_2013 storred
INFO:root:ms drogued gps_Jason-2_2013 storred
INFO:root:ms undrogued gps_Jason-2_2013 storred
INFO:root:mean gps_Jason-2_2013 storred
INFO:root:mean gps_Jason-2_2013 drogued storred
INFO:root:mean gps_Jason-2_2013 undrogued storred
INFO:root:end processing gps_Jason-2_2013
INFO:root:start processing argos_Jason-2_2013
INFO:root:ms argos_Jason-2_2013 storred
INFO:root:ms drogued argos_Jason-2_2013 storred
INFO:root:ms undrogued argos_Jason-2_2013 storred
INFO:root:mean argos_Jason-2_2013 storred
INFO:root:mean argos_Jason-2_2013 drogued storred
INFO:root:mean argos_Jason-2_2013 undrogued storred
INFO:root:end processing argos_Jason-2_2013
INFO:root:start processing gps_SARAL_2013
INFO:root:ms gps_SARAL_2013 storred
INFO:root:ms drogued gps_SARAL_2013 storred
INFO:root:ms undrogued gps_SARAL_2013 storred
INFO:root:mean gps_SARAL_2013 storred
INFO:root:mean gps_SARAL_2013 drogued storred
INFO:root:mean gps_SARAL_2013 undrogued storred
INFO:root:end processing gps_SARAL_2013
INFO:root:start processing argos_SARAL_2013
INFO:root:ms argos_SARAL_2013 storred
INFO:root:ms drogued argos_SARAL_2013 storred
INFO:root:ms undrogued argos_SARAL_2013 storred
INFO:root:mean argos_SARAL_2013 storred
INFO:root:mean argos_SARAL_2013 drogued storred
INFO:root:mean argos_SARAL_2013 undrogued storred
INFO:root:end processing argos_SARAL_2013
INFO:root:start processing gps_Cryosat-2_2013
INFO:root:ms gps_Cryosat-2_2013 storred
INFO:root:ms drogued gps_Cryosat-2_2013 storred
INFO:root:ms undrogued gps_Cryosat-2_2013 storred
INFO:root:mean gps_Cryosat-2_2013 storred
INFO:root:mean gps_Cryosat-2_2013 drogued storred
INFO:root:mean gps_Cryosat-2_2013 undrogued storred
INFO:root:end processing gps_Cryosat-2_2013
INFO:root:start processing argos_Cryosat-2_2013
INFO:root:ms argos_Cryosat-2_2013 storred
INFO:root:ms drogued argos_Cryosat-2_2013 storred
INFO:root:ms undrogued argos_Cryosat-2_2013 storred
INFO:root:mean argos_Cryosat-2_2013 storred
INFO:root:mean argos_Cryosat-2_2013 drogued storred
INFO:root:mean argos_Cryosat-2_2013 undrogued storred
INFO:root:end processing argos_Cryosat-2_2013
INFO:root:start processing gps_Jason-2_2012
INFO:root:ms gps_Jason-2_2012 storred
INFO:root:ms drogued gps_Jason-2_2012 storred
INFO:root:ms undrogued gps_Jason-2_2012 storred
INFO:root:mean gps_Jason-2_2012 storred
INFO:root:mean gps_Jason-2_2012 drogued storred
INFO:root:mean gps_Jason-2_2012 undrogued storred
INFO:root:end processing gps_Jason-2_2012
INFO:root:start processing argos_Jason-2_2012
INFO:root:ms argos_Jason-2_2012 storred
INFO:root:ms drogued argos_Jason-2_2012 storred
INFO:root:ms undrogued argos_Jason-2_2012 storred
INFO:root:mean argos_Jason-2_2012 storred
INFO:root:mean argos_Jason-2_2012 drogued storred
INFO:root:mean argos_Jason-2_2012 undrogued storred
INFO:root:end processing argos_Jason-2_2012
INFO:root:start processing gps_Cryosat-2_2012
INFO:root:ms gps_Cryosat-2_2012 storred
INFO:root:ms drogued gps_Cryosat-2_2012 storred
INFO:root:ms undrogued gps_Cryosat-2_2012 storred
INFO:root:mean gps_Cryosat-2_2012 storred
INFO:root:mean gps_Cryosat-2_2012 drogued storred
INFO:root:mean gps_Cryosat-2_2012 undrogued storred
INFO:root:end processing gps_Cryosat-2_2012
INFO:root:start processing argos_Cryosat-2_2012
INFO:root:ms argos_Cryosat-2_2012 storred
INFO:root:ms drogued argos_Cryosat-2_2012 storred
INFO:root:ms undrogued argos_Cryosat-2_2012 storred
INFO:root:mean argos_Cryosat-2_2012 storred
INFO:root:mean argos_Cryosat-2_2012 drogued storred
INFO:root:mean argos_Cryosat-2_2012 undrogued storred
INFO:root:end processing argos_Cryosat-2_2012
INFO:root:start processing gps_Jason-2_2011
INFO:root:ms gps_Jason-2_2011 storred
INFO:root:ms drogued gps_Jason-2_2011 storred
INFO:root:ms undrogued gps_Jason-2_2011 storred
INFO:root:mean gps_Jason-2_2011 storred
INFO:root:mean gps_Jason-2_2011 drogued storred
INFO:root:mean gps_Jason-2_2011 undrogued storred
INFO:root:end processing gps_Jason-2_2011
INFO:root:start processing argos_Jason-2_2011
INFO:root:ms argos_Jason-2_2011 storred
INFO:root:ms drogued argos_Jason-2_2011 storred
INFO:root:ms undrogued argos_Jason-2_2011 storred
INFO:root:mean argos_Jason-2_2011 storred
INFO:root:mean argos_Jason-2_2011 drogued storred
INFO:root:mean argos_Jason-2_2011 undrogued storred
INFO:root:end processing argos_Jason-2_2011
INFO:root:start processing gps_Cryosat-2_2011
INFO:root:ms gps_Cryosat-2_2011 storred
INFO:root:ms drogued gps_Cryosat-2_2011 storred
INFO:root:ms undrogued gps_Cryosat-2_2011 storred
INFO:root:mean gps_Cryosat-2_2011 storred
INFO:root:mean gps_Cryosat-2_2011 drogued storred
INFO:root:mean gps_Cryosat-2_2011 undrogued storred
INFO:root:end processing gps_Cryosat-2_2011
INFO:root:start processing argos_Cryosat-2_2011
INFO:root:ms argos_Cryosat-2_2011 storred
INFO:root:ms drogued argos_Cryosat-2_2011 storred
INFO:root:ms undrogued argos_Cryosat-2_2011 storred
INFO:root:mean argos_Cryosat-2_2011 storred
INFO:root:mean argos_Cryosat-2_2011 drogued storred
INFO:root:mean argos_Cryosat-2_2011 undrogued storred
INFO:root:end processing argos_Cryosat-2_2011
INFO:root:start processing gps_Jason-2_2010
INFO:root:ms gps_Jason-2_2010 storred
INFO:root:ms drogued gps_Jason-2_2010 storred
INFO:root:ms undrogued gps_Jason-2_2010 storred
INFO:root:mean gps_Jason-2_2010 storred
INFO:root:mean gps_Jason-2_2010 drogued storred
INFO:root:mean gps_Jason-2_2010 undrogued storred
INFO:root:end processing gps_Jason-2_2010
INFO:root:start processing argos_Jason-2_2010
INFO:root:ms argos_Jason-2_2010 storred
INFO:root:ms drogued argos_Jason-2_2010 storred
INFO:root:ms undrogued argos_Jason-2_2010 storred
INFO:root:mean argos_Jason-2_2010 storred
INFO:root:mean argos_Jason-2_2010 drogued storred
INFO:root:mean argos_Jason-2_2010 undrogued storred
INFO:root:end processing argos_Jason-2_2010
INFO:root:start processing gps_Cryosat-2_2010
INFO:root:ms gps_Cryosat-2_2010 storred
INFO:root:ms drogued gps_Cryosat-2_2010 storred
INFO:root:mean gps_Cryosat-2_2010 storred
INFO:root:mean gps_Cryosat-2_2010 drogued storred
INFO:root:end processing gps_Cryosat-2_2010
INFO:root:start processing argos_Cryosat-2_2010
INFO:root:ms argos_Cryosat-2_2010 storred
INFO:root:ms drogued argos_Cryosat-2_2010 storred
INFO:root:ms undrogued argos_Cryosat-2_2010 storred
INFO:root:mean argos_Cryosat-2_2010 storred
INFO:root:mean argos_Cryosat-2_2010 drogued storred
INFO:root:mean argos_Cryosat-2_2010 undrogued storred
INFO:root:end processing argos_Cryosat-2_2010
INFO:root:starts closing dask cluster ...
INFO:root:client closed ...
INFO:root: qdel 8651909
INFO:root: qdel 8651910
INFO:root:manually killed jobs ...
INFO:root:... done
INFO:root:- all done
